[2019-02-14 10:11:22.913] INFO [main] StartupInfoLogger.java:50 - Starting NbPlatformApplication on dbr with PID 4692 (D:\develop\git\mygit\NbPlatform\target\classes started by Administrator in D:\develop\git\mygit\NbPlatform)
[2019-02-14 10:11:22.929] INFO [main] SpringApplication.java:675 - No active profile set, falling back to default profiles: default
[2019-02-14 10:11:25.448] INFO [main] RepositoryConfigurationDelegate.java:244 - Multiple Spring Data modules found, entering strict repository configuration mode!
[2019-02-14 10:11:25.463] INFO [main] RepositoryConfigurationDelegate.java:126 - Bootstrapping Spring Data repositories in DEFAULT mode.
[2019-02-14 10:11:25.682] INFO [main] RepositoryConfigurationDelegate.java:182 - Finished Spring Data repository scanning in 109ms. Found 0 repository interfaces.
[2019-02-14 10:11:28.179] INFO [main] TomcatWebServer.java:90 - Tomcat initialized with port(s): 443 (https) 8080 (http)
[2019-02-14 10:11:28.210] INFO [main] DirectJDKLog.java:173 - Initializing ProtocolHandler ["https-jsse-nio-443"]
[2019-02-14 10:11:28.227] INFO [main] DirectJDKLog.java:173 - Initializing ProtocolHandler ["http-nio-8080"]
[2019-02-14 10:11:28.258] INFO [main] DirectJDKLog.java:173 - Using a shared selector for servlet write/read
[2019-02-14 10:11:28.258] INFO [main] DirectJDKLog.java:173 - Starting service [Tomcat]
[2019-02-14 10:11:28.258] INFO [main] DirectJDKLog.java:173 - Starting Servlet Engine: Apache Tomcat/9.0.13
[2019-02-14 10:11:28.289] INFO [main] DirectJDKLog.java:173 - The APR based Apache Tomcat Native library which allows optimal performance in production environments was not found on the java.library.path: [C:\Program Files\Java\jdk1.8.0_131\bin;C:\Windows\Sun\Java\bin;C:\Windows\system32;C:\Windows;C:/Program Files/Java/jre1.8.0_181/bin/server;C:/Program Files/Java/jre1.8.0_181/bin;C:/Program Files/Java/jre1.8.0_181/lib/amd64;C:\Program Files (x86)\Common Files\Oracle\Java\javapath;C:\ProgramData\Oracle\Java\javapath;C:\Windows\system32;C:\Windows;C:\Windows\System32\Wbem;C:\Windows\System32\WindowsPowerShell\v1.0\;C:\Program Files\Java\jdk1.8.0_131\bin;C:\Program Files\Java\jdk1.8.0_131\jre\bin;D:\develop\apache-maven-3.5.4\bin;D:\mysql-5.6.37-winx64\bin;C:\Program Files\MySQL\MySQL Utilities 1.6\;D:\Redis\Redis-x64-3.2.100;D:\develop\zookeeper-3.4.13\bin;C:\Python36;D:\MongoDB\bin;D:\spring-1.3.0.BUILD-SNAPSHOT\bin;D:\develop\zookeeper-3.4.13\bin;C:\OpenSSL-Win64\bin;D:\develop\gradle-4.10\bin;C:\Program Files\nodejs\;C:\Python36\Scripts\;C:\Python36\;D:\Develop\nodejs\node_global;D:\develop\protobuf\protoc-3.6.1-win32\bin;C:\Users\Administrator\AppData\Roaming\npm;C:\Program Files\nodejs\node_global;;D:\develop\sts-bundle\sts-3.9.5.RELEASE;;.]
[2019-02-14 10:11:28.697] INFO [main] DirectJDKLog.java:173 - Initializing Spring embedded WebApplicationContext
[2019-02-14 10:11:28.697] INFO [main] ServletWebServerApplicationContext.java:296 - Root WebApplicationContext: initialization completed in 5589 ms
[2019-02-14 10:11:30.296] INFO [main] EpollProvider.java:68 - Starting without optional epoll library
[2019-02-14 10:11:30.296] INFO [main] KqueueProvider.java:70 - Starting without optional kqueue library
[2019-02-14 10:11:31.960] INFO [main] ExecutorConfigurationSupport.java:171 - Initializing ExecutorService 'applicationTaskExecutor'
[2019-02-14 10:11:32.808] INFO [main] ExecutorConfigurationSupport.java:171 - Initializing ExecutorService 'taskScheduler'
[2019-02-14 10:11:32.936] INFO [main] DirectJDKLog.java:173 - Starting ProtocolHandler ["https-jsse-nio-443"]
[2019-02-14 10:11:33.991] INFO [main] DirectJDKLog.java:173 - Using a shared selector for servlet write/read
[2019-02-14 10:11:34.038] INFO [main] DirectJDKLog.java:173 - Starting ProtocolHandler ["http-nio-8080"]
[2019-02-14 10:11:34.053] INFO [main] TomcatWebServer.java:204 - Tomcat started on port(s): 443 (https) 8080 (http) with context path ''
[2019-02-14 10:11:34.069] INFO [main] StartupInfoLogger.java:59 - Started NbPlatformApplication in 12.145 seconds (JVM running for 13.723)
[2019-02-14 10:56:27.861] INFO [main] StartupInfoLogger.java:50 - Starting NbPlatformApplication on dbr with PID 5580 (D:\develop\git\mygit\NbPlatform\target\classes started by Administrator in D:\develop\git\mygit\NbPlatform)
[2019-02-14 10:56:27.879] INFO [main] SpringApplication.java:675 - No active profile set, falling back to default profiles: default
[2019-02-14 10:56:30.445] INFO [main] RepositoryConfigurationDelegate.java:244 - Multiple Spring Data modules found, entering strict repository configuration mode!
[2019-02-14 10:56:30.461] INFO [main] RepositoryConfigurationDelegate.java:126 - Bootstrapping Spring Data repositories in DEFAULT mode.
[2019-02-14 10:56:30.648] INFO [main] RepositoryConfigurationDelegate.java:182 - Finished Spring Data repository scanning in 125ms. Found 0 repository interfaces.
[2019-02-14 10:56:33.187] INFO [main] TomcatWebServer.java:90 - Tomcat initialized with port(s): 443 (https) 8080 (http)
[2019-02-14 10:56:33.235] INFO [main] DirectJDKLog.java:173 - Initializing ProtocolHandler ["https-jsse-nio-443"]
[2019-02-14 10:56:33.266] INFO [main] DirectJDKLog.java:173 - Initializing ProtocolHandler ["http-nio-8080"]
[2019-02-14 10:56:33.297] INFO [main] DirectJDKLog.java:173 - Using a shared selector for servlet write/read
[2019-02-14 10:56:33.313] INFO [main] DirectJDKLog.java:173 - Starting service [Tomcat]
[2019-02-14 10:56:33.313] INFO [main] DirectJDKLog.java:173 - Starting Servlet Engine: Apache Tomcat/9.0.13
[2019-02-14 10:56:33.344] INFO [main] DirectJDKLog.java:173 - The APR based Apache Tomcat Native library which allows optimal performance in production environments was not found on the java.library.path: [C:\Program Files\Java\jdk1.8.0_131\bin;C:\Windows\Sun\Java\bin;C:\Windows\system32;C:\Windows;C:/Program Files/Java/jre1.8.0_181/bin/server;C:/Program Files/Java/jre1.8.0_181/bin;C:/Program Files/Java/jre1.8.0_181/lib/amd64;C:\Program Files (x86)\Common Files\Oracle\Java\javapath;C:\ProgramData\Oracle\Java\javapath;C:\Windows\system32;C:\Windows;C:\Windows\System32\Wbem;C:\Windows\System32\WindowsPowerShell\v1.0\;C:\Program Files\Java\jdk1.8.0_131\bin;C:\Program Files\Java\jdk1.8.0_131\jre\bin;D:\develop\apache-maven-3.5.4\bin;D:\mysql-5.6.37-winx64\bin;C:\Program Files\MySQL\MySQL Utilities 1.6\;D:\Redis\Redis-x64-3.2.100;D:\develop\zookeeper-3.4.13\bin;C:\Python36;D:\MongoDB\bin;D:\spring-1.3.0.BUILD-SNAPSHOT\bin;D:\develop\zookeeper-3.4.13\bin;C:\OpenSSL-Win64\bin;D:\develop\gradle-4.10\bin;C:\Program Files\nodejs\;C:\Python36\Scripts\;C:\Python36\;D:\Develop\nodejs\node_global;D:\develop\protobuf\protoc-3.6.1-win32\bin;C:\Users\Administrator\AppData\Roaming\npm;C:\Program Files\nodejs\node_global;;D:\develop\sts-bundle\sts-3.9.5.RELEASE;;.]
[2019-02-14 10:56:33.798] INFO [main] DirectJDKLog.java:173 - Initializing Spring embedded WebApplicationContext
[2019-02-14 10:56:33.798] INFO [main] ServletWebServerApplicationContext.java:296 - Root WebApplicationContext: initialization completed in 5708 ms
[2019-02-14 10:56:35.896] INFO [main] EpollProvider.java:68 - Starting without optional epoll library
[2019-02-14 10:56:35.896] INFO [main] KqueueProvider.java:70 - Starting without optional kqueue library
[2019-02-14 10:56:37.693] INFO [main] ExecutorConfigurationSupport.java:171 - Initializing ExecutorService 'applicationTaskExecutor'
[2019-02-14 10:56:38.574] INFO [main] ExecutorConfigurationSupport.java:171 - Initializing ExecutorService 'taskScheduler'
[2019-02-14 10:56:38.714] INFO [main] DirectJDKLog.java:173 - Starting ProtocolHandler ["https-jsse-nio-443"]
[2019-02-14 10:56:39.880] INFO [main] DirectJDKLog.java:173 - Using a shared selector for servlet write/read
[2019-02-14 10:56:39.911] INFO [main] DirectJDKLog.java:173 - Starting ProtocolHandler ["http-nio-8080"]
[2019-02-14 10:56:39.974] INFO [main] TomcatWebServer.java:204 - Tomcat started on port(s): 443 (https) 8080 (http) with context path ''
[2019-02-14 10:56:39.990] INFO [main] StartupInfoLogger.java:59 - Started NbPlatformApplication in 13.146 seconds (JVM running for 14.778)
[2019-02-14 10:57:43.046] INFO [main] StartupInfoLogger.java:50 - Starting NbPlatformApplication on dbr with PID 4000 (D:\develop\git\mygit\NbPlatform\target\classes started by Administrator in D:\develop\git\mygit\NbPlatform)
[2019-02-14 10:57:43.062] INFO [main] SpringApplication.java:675 - No active profile set, falling back to default profiles: default
[2019-02-14 10:57:45.949] INFO [main] RepositoryConfigurationDelegate.java:244 - Multiple Spring Data modules found, entering strict repository configuration mode!
[2019-02-14 10:57:45.962] INFO [main] RepositoryConfigurationDelegate.java:126 - Bootstrapping Spring Data repositories in DEFAULT mode.
[2019-02-14 10:57:46.149] INFO [main] RepositoryConfigurationDelegate.java:182 - Finished Spring Data repository scanning in 141ms. Found 0 repository interfaces.
[2019-02-14 10:57:49.256] INFO [main] TomcatWebServer.java:90 - Tomcat initialized with port(s): 443 (https) 8080 (http)
[2019-02-14 10:57:49.303] INFO [main] DirectJDKLog.java:173 - Initializing ProtocolHandler ["https-jsse-nio-443"]
[2019-02-14 10:57:49.318] INFO [main] DirectJDKLog.java:173 - Initializing ProtocolHandler ["http-nio-8080"]
[2019-02-14 10:57:49.365] INFO [main] DirectJDKLog.java:173 - Using a shared selector for servlet write/read
[2019-02-14 10:57:49.365] INFO [main] DirectJDKLog.java:173 - Starting service [Tomcat]
[2019-02-14 10:57:49.365] INFO [main] DirectJDKLog.java:173 - Starting Servlet Engine: Apache Tomcat/9.0.13
[2019-02-14 10:57:49.412] INFO [main] DirectJDKLog.java:173 - The APR based Apache Tomcat Native library which allows optimal performance in production environments was not found on the java.library.path: [C:\Program Files\Java\jdk1.8.0_131\bin;C:\Windows\Sun\Java\bin;C:\Windows\system32;C:\Windows;C:/Program Files/Java/jre1.8.0_181/bin/server;C:/Program Files/Java/jre1.8.0_181/bin;C:/Program Files/Java/jre1.8.0_181/lib/amd64;C:\Program Files (x86)\Common Files\Oracle\Java\javapath;C:\ProgramData\Oracle\Java\javapath;C:\Windows\system32;C:\Windows;C:\Windows\System32\Wbem;C:\Windows\System32\WindowsPowerShell\v1.0\;C:\Program Files\Java\jdk1.8.0_131\bin;C:\Program Files\Java\jdk1.8.0_131\jre\bin;D:\develop\apache-maven-3.5.4\bin;D:\mysql-5.6.37-winx64\bin;C:\Program Files\MySQL\MySQL Utilities 1.6\;D:\Redis\Redis-x64-3.2.100;D:\develop\zookeeper-3.4.13\bin;C:\Python36;D:\MongoDB\bin;D:\spring-1.3.0.BUILD-SNAPSHOT\bin;D:\develop\zookeeper-3.4.13\bin;C:\OpenSSL-Win64\bin;D:\develop\gradle-4.10\bin;C:\Program Files\nodejs\;C:\Python36\Scripts\;C:\Python36\;D:\Develop\nodejs\node_global;D:\develop\protobuf\protoc-3.6.1-win32\bin;C:\Users\Administrator\AppData\Roaming\npm;C:\Program Files\nodejs\node_global;;D:\develop\sts-bundle\sts-3.9.5.RELEASE;;.]
[2019-02-14 10:57:49.977] INFO [main] DirectJDKLog.java:173 - Initializing Spring embedded WebApplicationContext
[2019-02-14 10:57:49.977] INFO [main] ServletWebServerApplicationContext.java:296 - Root WebApplicationContext: initialization completed in 6617 ms
[2019-02-14 10:57:51.921] INFO [main] EpollProvider.java:68 - Starting without optional epoll library
[2019-02-14 10:57:51.921] INFO [main] KqueueProvider.java:70 - Starting without optional kqueue library
[2019-02-14 10:57:53.909] INFO [main] ExecutorConfigurationSupport.java:171 - Initializing ExecutorService 'applicationTaskExecutor'
[2019-02-14 10:57:55.164] INFO [main] ExecutorConfigurationSupport.java:171 - Initializing ExecutorService 'taskScheduler'
[2019-02-14 10:57:55.411] INFO [main] DirectJDKLog.java:173 - Starting ProtocolHandler ["https-jsse-nio-443"]
[2019-02-14 10:57:56.391] INFO [main] DirectJDKLog.java:173 - Using a shared selector for servlet write/read
[2019-02-14 10:57:56.451] INFO [main] DirectJDKLog.java:173 - Starting ProtocolHandler ["http-nio-8080"]
[2019-02-14 10:57:56.471] INFO [main] TomcatWebServer.java:204 - Tomcat started on port(s): 443 (https) 8080 (http) with context path ''
[2019-02-14 10:57:56.481] INFO [main] StartupInfoLogger.java:59 - Started NbPlatformApplication in 14.803 seconds (JVM running for 16.33)
[2019-02-14 10:58:31.642] INFO [main] StartupInfoLogger.java:50 - Starting NbPlatformApplication on dbr with PID 6576 (D:\develop\git\mygit\NbPlatform\target\classes started by Administrator in D:\develop\git\mygit\NbPlatform)
[2019-02-14 10:58:31.642] INFO [main] SpringApplication.java:675 - No active profile set, falling back to default profiles: default
[2019-02-14 10:58:34.374] INFO [main] RepositoryConfigurationDelegate.java:244 - Multiple Spring Data modules found, entering strict repository configuration mode!
[2019-02-14 10:58:34.374] INFO [main] RepositoryConfigurationDelegate.java:126 - Bootstrapping Spring Data repositories in DEFAULT mode.
[2019-02-14 10:58:34.577] INFO [main] RepositoryConfigurationDelegate.java:182 - Finished Spring Data repository scanning in 172ms. Found 0 repository interfaces.
[2019-02-14 10:58:36.976] INFO [main] TomcatWebServer.java:90 - Tomcat initialized with port(s): 443 (https) 8080 (http)
[2019-02-14 10:58:37.010] INFO [main] DirectJDKLog.java:173 - Initializing ProtocolHandler ["https-jsse-nio-443"]
[2019-02-14 10:58:37.026] INFO [main] DirectJDKLog.java:173 - Initializing ProtocolHandler ["http-nio-8080"]
[2019-02-14 10:58:37.057] INFO [main] DirectJDKLog.java:173 - Using a shared selector for servlet write/read
[2019-02-14 10:58:37.072] INFO [main] DirectJDKLog.java:173 - Starting service [Tomcat]
[2019-02-14 10:58:37.072] INFO [main] DirectJDKLog.java:173 - Starting Servlet Engine: Apache Tomcat/9.0.13
[2019-02-14 10:58:37.104] INFO [main] DirectJDKLog.java:173 - The APR based Apache Tomcat Native library which allows optimal performance in production environments was not found on the java.library.path: [C:\Program Files\Java\jdk1.8.0_131\bin;C:\Windows\Sun\Java\bin;C:\Windows\system32;C:\Windows;C:/Program Files/Java/jre1.8.0_181/bin/server;C:/Program Files/Java/jre1.8.0_181/bin;C:/Program Files/Java/jre1.8.0_181/lib/amd64;C:\Program Files (x86)\Common Files\Oracle\Java\javapath;C:\ProgramData\Oracle\Java\javapath;C:\Windows\system32;C:\Windows;C:\Windows\System32\Wbem;C:\Windows\System32\WindowsPowerShell\v1.0\;C:\Program Files\Java\jdk1.8.0_131\bin;C:\Program Files\Java\jdk1.8.0_131\jre\bin;D:\develop\apache-maven-3.5.4\bin;D:\mysql-5.6.37-winx64\bin;C:\Program Files\MySQL\MySQL Utilities 1.6\;D:\Redis\Redis-x64-3.2.100;D:\develop\zookeeper-3.4.13\bin;C:\Python36;D:\MongoDB\bin;D:\spring-1.3.0.BUILD-SNAPSHOT\bin;D:\develop\zookeeper-3.4.13\bin;C:\OpenSSL-Win64\bin;D:\develop\gradle-4.10\bin;C:\Program Files\nodejs\;C:\Python36\Scripts\;C:\Python36\;D:\Develop\nodejs\node_global;D:\develop\protobuf\protoc-3.6.1-win32\bin;C:\Users\Administrator\AppData\Roaming\npm;C:\Program Files\nodejs\node_global;;D:\develop\sts-bundle\sts-3.9.5.RELEASE;;.]
[2019-02-14 10:58:37.510] INFO [main] DirectJDKLog.java:173 - Initializing Spring embedded WebApplicationContext
[2019-02-14 10:58:37.510] INFO [main] ServletWebServerApplicationContext.java:296 - Root WebApplicationContext: initialization completed in 5622 ms
[2019-02-14 10:58:39.259] INFO [main] EpollProvider.java:68 - Starting without optional epoll library
[2019-02-14 10:58:39.259] INFO [main] KqueueProvider.java:70 - Starting without optional kqueue library
[2019-02-14 10:58:40.861] INFO [main] ExecutorConfigurationSupport.java:171 - Initializing ExecutorService 'applicationTaskExecutor'
[2019-02-14 10:58:41.706] INFO [main] ExecutorConfigurationSupport.java:171 - Initializing ExecutorService 'taskScheduler'
[2019-02-14 10:58:41.847] INFO [main] DirectJDKLog.java:173 - Starting ProtocolHandler ["https-jsse-nio-443"]
[2019-02-14 10:58:42.834] INFO [main] DirectJDKLog.java:173 - Using a shared selector for servlet write/read
[2019-02-14 10:58:42.865] INFO [main] DirectJDKLog.java:173 - Starting ProtocolHandler ["http-nio-8080"]
[2019-02-14 10:58:42.897] INFO [main] TomcatWebServer.java:204 - Tomcat started on port(s): 443 (https) 8080 (http) with context path ''
[2019-02-14 10:58:42.897] INFO [main] StartupInfoLogger.java:59 - Started NbPlatformApplication in 12.309 seconds (JVM running for 13.818)
[2019-02-14 11:00:59.202] INFO [main] StartupInfoLogger.java:50 - Starting NbPlatformApplication on dbr with PID 6672 (D:\develop\git\mygit\NbPlatform\target\classes started by Administrator in D:\develop\git\mygit\NbPlatform)
[2019-02-14 11:00:59.202] INFO [main] SpringApplication.java:675 - No active profile set, falling back to default profiles: default
[2019-02-14 11:01:02.068] INFO [main] RepositoryConfigurationDelegate.java:244 - Multiple Spring Data modules found, entering strict repository configuration mode!
[2019-02-14 11:01:02.068] INFO [main] RepositoryConfigurationDelegate.java:126 - Bootstrapping Spring Data repositories in DEFAULT mode.
[2019-02-14 11:01:02.302] INFO [main] RepositoryConfigurationDelegate.java:182 - Finished Spring Data repository scanning in 187ms. Found 0 repository interfaces.
[2019-02-14 11:01:04.767] INFO [main] TomcatWebServer.java:90 - Tomcat initialized with port(s): 443 (https) 8080 (http)
[2019-02-14 11:01:04.799] INFO [main] DirectJDKLog.java:173 - Initializing ProtocolHandler ["https-jsse-nio-443"]
[2019-02-14 11:01:04.814] INFO [main] DirectJDKLog.java:173 - Initializing ProtocolHandler ["http-nio-8080"]
[2019-02-14 11:01:04.845] INFO [main] DirectJDKLog.java:173 - Using a shared selector for servlet write/read
[2019-02-14 11:01:04.845] INFO [main] DirectJDKLog.java:173 - Starting service [Tomcat]
[2019-02-14 11:01:04.845] INFO [main] DirectJDKLog.java:173 - Starting Servlet Engine: Apache Tomcat/9.0.13
[2019-02-14 11:01:04.877] INFO [main] DirectJDKLog.java:173 - The APR based Apache Tomcat Native library which allows optimal performance in production environments was not found on the java.library.path: [C:\Program Files\Java\jdk1.8.0_131\bin;C:\Windows\Sun\Java\bin;C:\Windows\system32;C:\Windows;C:/Program Files/Java/jre1.8.0_181/bin/server;C:/Program Files/Java/jre1.8.0_181/bin;C:/Program Files/Java/jre1.8.0_181/lib/amd64;C:\Program Files (x86)\Common Files\Oracle\Java\javapath;C:\ProgramData\Oracle\Java\javapath;C:\Windows\system32;C:\Windows;C:\Windows\System32\Wbem;C:\Windows\System32\WindowsPowerShell\v1.0\;C:\Program Files\Java\jdk1.8.0_131\bin;C:\Program Files\Java\jdk1.8.0_131\jre\bin;D:\develop\apache-maven-3.5.4\bin;D:\mysql-5.6.37-winx64\bin;C:\Program Files\MySQL\MySQL Utilities 1.6\;D:\Redis\Redis-x64-3.2.100;D:\develop\zookeeper-3.4.13\bin;C:\Python36;D:\MongoDB\bin;D:\spring-1.3.0.BUILD-SNAPSHOT\bin;D:\develop\zookeeper-3.4.13\bin;C:\OpenSSL-Win64\bin;D:\develop\gradle-4.10\bin;C:\Program Files\nodejs\;C:\Python36\Scripts\;C:\Python36\;D:\Develop\nodejs\node_global;D:\develop\protobuf\protoc-3.6.1-win32\bin;C:\Users\Administrator\AppData\Roaming\npm;C:\Program Files\nodejs\node_global;;D:\develop\sts-bundle\sts-3.9.5.RELEASE;;.]
[2019-02-14 11:01:05.360] INFO [main] DirectJDKLog.java:173 - Initializing Spring embedded WebApplicationContext
[2019-02-14 11:01:05.360] INFO [main] ServletWebServerApplicationContext.java:296 - Root WebApplicationContext: initialization completed in 5908 ms
[2019-02-14 11:01:07.419] INFO [main] EpollProvider.java:68 - Starting without optional epoll library
[2019-02-14 11:01:07.419] INFO [main] KqueueProvider.java:70 - Starting without optional kqueue library
[2019-02-14 11:01:09.004] INFO [main] ExecutorConfigurationSupport.java:171 - Initializing ExecutorService 'applicationTaskExecutor'
[2019-02-14 11:01:09.921] INFO [main] ExecutorConfigurationSupport.java:171 - Initializing ExecutorService 'taskScheduler'
[2019-02-14 11:01:10.079] INFO [main] DirectJDKLog.java:173 - Starting ProtocolHandler ["https-jsse-nio-443"]
[2019-02-14 11:01:11.335] INFO [main] DirectJDKLog.java:173 - Using a shared selector for servlet write/read
[2019-02-14 11:01:11.366] INFO [main] DirectJDKLog.java:173 - Starting ProtocolHandler ["http-nio-8080"]
[2019-02-14 11:01:11.398] INFO [main] TomcatWebServer.java:204 - Tomcat started on port(s): 443 (https) 8080 (http) with context path ''
[2019-02-14 11:01:11.413] INFO [main] StartupInfoLogger.java:59 - Started NbPlatformApplication in 13.243 seconds (JVM running for 15.027)
[2019-02-14 11:08:58.212] INFO [main] AbstractTestContextBootstrapper.java:308 - Neither @ContextConfiguration nor @ContextHierarchy found for test class [com.nb.NbPlatformApplicationTests], using SpringBootContextLoader
[2019-02-14 11:08:58.228] INFO [main] AbstractContextLoader.java:264 - Could not detect default resource locations for test class [com.nb.NbPlatformApplicationTests]: no resource found for suffixes {-context.xml, Context.groovy}.
[2019-02-14 11:08:58.728] INFO [main] AbstractTestContextBootstrapper.java:248 - Loaded default TestExecutionListener class names from location [META-INF/spring.factories]: [org.springframework.boot.test.mock.mockito.MockitoTestExecutionListener, org.springframework.boot.test.mock.mockito.ResetMocksTestExecutionListener, org.springframework.boot.test.autoconfigure.restdocs.RestDocsTestExecutionListener, org.springframework.boot.test.autoconfigure.web.client.MockRestServiceServerResetTestExecutionListener, org.springframework.boot.test.autoconfigure.web.servlet.MockMvcPrintOnlyOnFailureTestExecutionListener, org.springframework.boot.test.autoconfigure.web.servlet.WebDriverTestExecutionListener, org.springframework.test.context.web.ServletTestExecutionListener, org.springframework.test.context.support.DirtiesContextBeforeModesTestExecutionListener, org.springframework.test.context.support.DependencyInjectionTestExecutionListener, org.springframework.test.context.support.DirtiesContextTestExecutionListener, org.springframework.test.context.transaction.TransactionalTestExecutionListener, org.springframework.test.context.jdbc.SqlScriptsTestExecutionListener]
[2019-02-14 11:08:58.781] INFO [main] AbstractTestContextBootstrapper.java:177 - Using TestExecutionListeners: [org.springframework.test.context.web.ServletTestExecutionListener@179ece50, org.springframework.test.context.support.DirtiesContextBeforeModesTestExecutionListener@3b0090a4, org.springframework.boot.test.mock.mockito.MockitoTestExecutionListener@3cd3e762, org.springframework.boot.test.autoconfigure.SpringBootDependencyInjectionTestExecutionListener@1fa121e2, org.springframework.test.context.support.DirtiesContextTestExecutionListener@7eac9008, org.springframework.test.context.transaction.TransactionalTestExecutionListener@4116aac9, org.springframework.test.context.jdbc.SqlScriptsTestExecutionListener@62ddbd7e, org.springframework.boot.test.mock.mockito.ResetMocksTestExecutionListener@74e52ef6, org.springframework.boot.test.autoconfigure.restdocs.RestDocsTestExecutionListener@6ed3ccb2, org.springframework.boot.test.autoconfigure.web.client.MockRestServiceServerResetTestExecutionListener@1a677343, org.springframework.boot.test.autoconfigure.web.servlet.MockMvcPrintOnlyOnFailureTestExecutionListener@15de0b3c, org.springframework.boot.test.autoconfigure.web.servlet.WebDriverTestExecutionListener@489115ef]
[2019-02-14 11:08:59.780] INFO [main] StartupInfoLogger.java:50 - Starting NbPlatformApplicationTests on dbr with PID 5908 (started by Administrator in D:\develop\git\mygit\NbPlatform)
[2019-02-14 11:08:59.780] INFO [main] SpringApplication.java:675 - No active profile set, falling back to default profiles: default
[2019-02-14 11:09:02.635] INFO [main] RepositoryConfigurationDelegate.java:244 - Multiple Spring Data modules found, entering strict repository configuration mode!
[2019-02-14 11:09:02.635] INFO [main] RepositoryConfigurationDelegate.java:126 - Bootstrapping Spring Data repositories in DEFAULT mode.
[2019-02-14 11:09:02.840] INFO [main] RepositoryConfigurationDelegate.java:182 - Finished Spring Data repository scanning in 127ms. Found 0 repository interfaces.
[2019-02-14 11:09:06.170] INFO [main] EpollProvider.java:68 - Starting without optional epoll library
[2019-02-14 11:09:06.170] INFO [main] KqueueProvider.java:70 - Starting without optional kqueue library
[2019-02-14 11:09:09.910] INFO [main] ExecutorConfigurationSupport.java:171 - Initializing ExecutorService 'applicationTaskExecutor'
[2019-02-14 11:09:11.336] INFO [main] ExecutorConfigurationSupport.java:171 - Initializing ExecutorService 'taskScheduler'
[2019-02-14 11:09:11.572] INFO [main] StartupInfoLogger.java:59 - Started NbPlatformApplicationTests in 12.666 seconds (JVM running for 15.443)
[2019-02-14 11:09:12.430] INFO [Thread-2] ExecutorConfigurationSupport.java:208 - Shutting down ExecutorService 'taskScheduler'
[2019-02-14 11:09:12.430] INFO [Thread-2] ExecutorConfigurationSupport.java:208 - Shutting down ExecutorService 'applicationTaskExecutor'
[2019-02-14 11:12:56.800] INFO [main] AbstractTestContextBootstrapper.java:308 - Neither @ContextConfiguration nor @ContextHierarchy found for test class [com.nb.NbPlatformApplicationTests], using SpringBootContextLoader
[2019-02-14 11:12:56.815] INFO [main] AbstractContextLoader.java:264 - Could not detect default resource locations for test class [com.nb.NbPlatformApplicationTests]: no resource found for suffixes {-context.xml, Context.groovy}.
[2019-02-14 11:12:57.291] INFO [main] AbstractTestContextBootstrapper.java:248 - Loaded default TestExecutionListener class names from location [META-INF/spring.factories]: [org.springframework.boot.test.mock.mockito.MockitoTestExecutionListener, org.springframework.boot.test.mock.mockito.ResetMocksTestExecutionListener, org.springframework.boot.test.autoconfigure.restdocs.RestDocsTestExecutionListener, org.springframework.boot.test.autoconfigure.web.client.MockRestServiceServerResetTestExecutionListener, org.springframework.boot.test.autoconfigure.web.servlet.MockMvcPrintOnlyOnFailureTestExecutionListener, org.springframework.boot.test.autoconfigure.web.servlet.WebDriverTestExecutionListener, org.springframework.test.context.web.ServletTestExecutionListener, org.springframework.test.context.support.DirtiesContextBeforeModesTestExecutionListener, org.springframework.test.context.support.DependencyInjectionTestExecutionListener, org.springframework.test.context.support.DirtiesContextTestExecutionListener, org.springframework.test.context.transaction.TransactionalTestExecutionListener, org.springframework.test.context.jdbc.SqlScriptsTestExecutionListener]
[2019-02-14 11:12:57.338] INFO [main] AbstractTestContextBootstrapper.java:177 - Using TestExecutionListeners: [org.springframework.test.context.web.ServletTestExecutionListener@179ece50, org.springframework.test.context.support.DirtiesContextBeforeModesTestExecutionListener@3b0090a4, org.springframework.boot.test.mock.mockito.MockitoTestExecutionListener@3cd3e762, org.springframework.boot.test.autoconfigure.SpringBootDependencyInjectionTestExecutionListener@1fa121e2, org.springframework.test.context.support.DirtiesContextTestExecutionListener@7eac9008, org.springframework.test.context.transaction.TransactionalTestExecutionListener@4116aac9, org.springframework.test.context.jdbc.SqlScriptsTestExecutionListener@62ddbd7e, org.springframework.boot.test.mock.mockito.ResetMocksTestExecutionListener@74e52ef6, org.springframework.boot.test.autoconfigure.restdocs.RestDocsTestExecutionListener@6ed3ccb2, org.springframework.boot.test.autoconfigure.web.client.MockRestServiceServerResetTestExecutionListener@1a677343, org.springframework.boot.test.autoconfigure.web.servlet.MockMvcPrintOnlyOnFailureTestExecutionListener@15de0b3c, org.springframework.boot.test.autoconfigure.web.servlet.WebDriverTestExecutionListener@489115ef]
[2019-02-14 11:12:58.457] INFO [main] StartupInfoLogger.java:50 - Starting NbPlatformApplicationTests on dbr with PID 6912 (started by Administrator in D:\develop\git\mygit\NbPlatform)
[2019-02-14 11:12:58.457] INFO [main] SpringApplication.java:675 - No active profile set, falling back to default profiles: default
[2019-02-14 11:13:01.026] INFO [main] RepositoryConfigurationDelegate.java:244 - Multiple Spring Data modules found, entering strict repository configuration mode!
[2019-02-14 11:13:01.026] INFO [main] RepositoryConfigurationDelegate.java:126 - Bootstrapping Spring Data repositories in DEFAULT mode.
[2019-02-14 11:13:01.213] INFO [main] RepositoryConfigurationDelegate.java:182 - Finished Spring Data repository scanning in 125ms. Found 0 repository interfaces.
[2019-02-14 11:13:04.427] INFO [main] EpollProvider.java:68 - Starting without optional epoll library
[2019-02-14 11:13:04.442] INFO [main] KqueueProvider.java:70 - Starting without optional kqueue library
[2019-02-14 11:13:08.078] INFO [main] ExecutorConfigurationSupport.java:171 - Initializing ExecutorService 'applicationTaskExecutor'
[2019-02-14 11:13:09.539] INFO [main] ExecutorConfigurationSupport.java:171 - Initializing ExecutorService 'taskScheduler'
[2019-02-14 11:13:09.836] INFO [main] StartupInfoLogger.java:59 - Started NbPlatformApplicationTests in 12.356 seconds (JVM running for 14.835)
[2019-02-14 11:13:10.663] INFO [Thread-2] ExecutorConfigurationSupport.java:208 - Shutting down ExecutorService 'taskScheduler'
[2019-02-14 11:13:10.663] INFO [Thread-2] ExecutorConfigurationSupport.java:208 - Shutting down ExecutorService 'applicationTaskExecutor'
