[2018-12-25 08:36:14.047] INFO [main] RepositoryConfigurationDelegate.java:244 - Multiple Spring Data modules found, entering strict repository configuration mode!
[2018-12-25 08:36:14.122] INFO [main] RepositoryConfigurationDelegate.java:126 - Bootstrapping Spring Data repositories in DEFAULT mode.
[2018-12-25 08:36:14.263] INFO [main] RepositoryConfigurationDelegate.java:182 - Finished Spring Data repository scanning in 77ms. Found 0 repository interfaces.
[2018-12-25 08:36:16.148] INFO [main] PostProcessorRegistrationDelegate.java:330 - Bean 'druidConfig' of type [com.ke.configuration.DruidConfig$$EnhancerBySpringCGLIB$$8c39f1b1] is not eligible for getting processed by all BeanPostProcessors (for example: not eligible for auto-proxying)
[2018-12-25 08:36:16.205] INFO [main] PostProcessorRegistrationDelegate.java:330 - Bean 'org.springframework.transaction.annotation.ProxyTransactionManagementConfiguration' of type [org.springframework.transaction.annotation.ProxyTransactionManagementConfiguration$$EnhancerBySpringCGLIB$$5f15fb27] is not eligible for getting processed by all BeanPostProcessors (for example: not eligible for auto-proxying)
[2018-12-25 08:36:16.715] INFO [main] PostProcessorRegistrationDelegate.java:330 - Bean 'druidDataSource' of type [com.alibaba.druid.pool.DruidDataSource] is not eligible for getting processed by all BeanPostProcessors (for example: not eligible for auto-proxying)
[2018-12-25 08:36:16.924] INFO [main] PostProcessorRegistrationDelegate.java:330 - Bean 'spring.datasource-org.springframework.boot.autoconfigure.jdbc.DataSourceProperties' of type [org.springframework.boot.autoconfigure.jdbc.DataSourceProperties] is not eligible for getting processed by all BeanPostProcessors (for example: not eligible for auto-proxying)
[2018-12-25 08:36:16.944] INFO [main] PostProcessorRegistrationDelegate.java:330 - Bean 'org.springframework.boot.autoconfigure.jdbc.DataSourceInitializerInvoker' of type [org.springframework.boot.autoconfigure.jdbc.DataSourceInitializerInvoker] is not eligible for getting processed by all BeanPostProcessors (for example: not eligible for auto-proxying)
[2018-12-25 08:36:17.035] INFO [main] DruidConfig.java:159 - dao层扫描包为:com/ke/mapper/*/*.xml
[2018-12-25 08:36:17.305] INFO [main] PostProcessorRegistrationDelegate.java:330 - Bean 'sqlSessionFactory' of type [org.apache.ibatis.session.defaults.DefaultSqlSessionFactory] is not eligible for getting processed by all BeanPostProcessors (for example: not eligible for auto-proxying)
[2018-12-25 08:36:17.325] INFO [main] PostProcessorRegistrationDelegate.java:330 - Bean 'mybatis-org.mybatis.spring.boot.autoconfigure.MybatisProperties' of type [org.mybatis.spring.boot.autoconfigure.MybatisProperties] is not eligible for getting processed by all BeanPostProcessors (for example: not eligible for auto-proxying)
[2018-12-25 08:36:17.349] INFO [main] PostProcessorRegistrationDelegate.java:330 - Bean 'org.mybatis.spring.boot.autoconfigure.MybatisAutoConfiguration' of type [org.mybatis.spring.boot.autoconfigure.MybatisAutoConfiguration$$EnhancerBySpringCGLIB$$91ea4c57] is not eligible for getting processed by all BeanPostProcessors (for example: not eligible for auto-proxying)
[2018-12-25 08:36:17.586] INFO [main] PostProcessorRegistrationDelegate.java:330 - Bean 'sqlSessionTemplate' of type [org.mybatis.spring.SqlSessionTemplate] is not eligible for getting processed by all BeanPostProcessors (for example: not eligible for auto-proxying)
[2018-12-25 08:36:17.974] INFO [main] PostProcessorRegistrationDelegate.java:330 - Bean 'shiroMapper' of type [org.mybatis.spring.mapper.MapperFactoryBean] is not eligible for getting processed by all BeanPostProcessors (for example: not eligible for auto-proxying)
[2018-12-25 08:36:17.982] INFO [main] PostProcessorRegistrationDelegate.java:330 - Bean 'shiroMapper' of type [com.sun.proxy.$Proxy56] is not eligible for getting processed by all BeanPostProcessors (for example: not eligible for auto-proxying)
[2018-12-25 08:36:17.988] INFO [main] PostProcessorRegistrationDelegate.java:330 - Bean 'shiroConfiguration' of type [com.ke.configuration.ShiroConfiguration$$EnhancerBySpringCGLIB$$1984b1d0] is not eligible for getting processed by all BeanPostProcessors (for example: not eligible for auto-proxying)
[2018-12-25 08:36:20.708] INFO [main] PostProcessorRegistrationDelegate.java:330 - Bean 'shiroServiceImpl' of type [com.ke.serviceimpl.ShiroServiceImpl] is not eligible for getting processed by all BeanPostProcessors (for example: not eligible for auto-proxying)
[2018-12-25 08:36:20.714] INFO [main] PostProcessorRegistrationDelegate.java:330 - Bean 'myShiroRealm' of type [com.ke.shiro.MyShiroRealm] is not eligible for getting processed by all BeanPostProcessors (for example: not eligible for auto-proxying)
[2018-12-25 08:36:20.919] INFO [main] PostProcessorRegistrationDelegate.java:330 - Bean 'redisCache' of type [com.ke.shiro.RedisCache] is not eligible for getting processed by all BeanPostProcessors (for example: not eligible for auto-proxying)
[2018-12-25 08:36:20.922] INFO [main] PostProcessorRegistrationDelegate.java:330 - Bean 'redisCacheManager' of type [com.ke.shiro.RedisCacheManager] is not eligible for getting processed by all BeanPostProcessors (for example: not eligible for auto-proxying)
[2018-12-25 08:36:20.929] INFO [main] PostProcessorRegistrationDelegate.java:330 - Bean 'securityManager' of type [org.apache.shiro.web.mgt.DefaultWebSecurityManager] is not eligible for getting processed by all BeanPostProcessors (for example: not eligible for auto-proxying)
[2018-12-25 08:36:20.996] INFO [main] PostProcessorRegistrationDelegate.java:330 - Bean 'myShiroPermFilter' of type [com.ke.shiro.MyShiroPermFilter] is not eligible for getting processed by all BeanPostProcessors (for example: not eligible for auto-proxying)
[2018-12-25 08:36:26.003] INFO [main] DruidDataSource.java:947 - {dataSource-1} inited
[2018-12-25 08:36:30.940] INFO [main] TomcatWebServer.java:90 - Tomcat initialized with port(s): 8080 (http)
[2018-12-25 08:36:31.003] INFO [main] DirectJDKLog.java:173 - Initializing ProtocolHandler ["http-nio-8080"]
[2018-12-25 08:36:31.082] INFO [main] DirectJDKLog.java:173 - Starting service [Tomcat]
[2018-12-25 08:36:31.083] INFO [main] DirectJDKLog.java:173 - Starting Servlet Engine: Apache Tomcat/9.0.13
[2018-12-25 08:36:31.144] INFO [main] DirectJDKLog.java:173 - The APR based Apache Tomcat Native library which allows optimal performance in production environments was not found on the java.library.path: [C:\Program Files\Java\jre1.8.0_162\bin;C:\Windows\Sun\Java\bin;C:\Windows\system32;C:\Windows;C:/Program Files/Java/jre1.8.0_181/bin/server;C:/Program Files/Java/jre1.8.0_181/bin;C:/Program Files/Java/jre1.8.0_181/lib/amd64;C:\Program Files (x86)\Common Files\Oracle\Java\javapath;C:\ProgramData\Oracle\Java\javapath;C:\Windows\system32;C:\Windows;C:\Windows\System32\Wbem;C:\Windows\System32\WindowsPowerShell\v1.0\;C:\Program Files\Java\jdk1.8.0_131\bin;C:\Program Files\Java\jdk1.8.0_131\jre\bin;D:\develop\apache-maven-3.5.4\bin;D:\mysql-5.6.37-winx64\bin;C:\Program Files\MySQL\MySQL Utilities 1.6\;D:\Redis\Redis-x64-3.2.100;D:\develop\zookeeper-3.4.13\bin;C:\Python36;D:\MongoDB\bin;D:\spring-1.3.0.BUILD-SNAPSHOT\bin;D:\develop\zookeeper-3.4.13\bin;C:\OpenSSL-Win64\bin;D:\develop\gradle-4.10\bin;C:\Program Files\nodejs\;C:\Program Files\Git\cmd;C:\Python36\Scripts\;C:\Python36\;D:\Develop\nodejs\node_global;D:\develop\protobuf\protoc-3.6.1-win32\bin;C:\Users\Administrator\AppData\Roaming\npm;C:\Program Files\nodejs\node_global;;D:\develop\sts-bundle\sts-3.9.5.RELEASE;;.]
[2018-12-25 08:36:34.964] INFO [main] DirectJDKLog.java:173 - At least one JAR was scanned for TLDs yet contained no TLDs. Enable debug logging for this logger for a complete list of JARs that were scanned but no TLDs were found in them. Skipping unneeded JARs during scanning can improve startup time and JSP compilation time.
[2018-12-25 08:36:34.988] INFO [main] DirectJDKLog.java:173 - Initializing Spring embedded WebApplicationContext
[2018-12-25 08:36:34.989] INFO [main] ServletWebServerApplicationContext.java:296 - Root WebApplicationContext: initialization completed in 25477 ms
[2018-12-25 08:36:44.132] INFO [main] ExecutorConfigurationSupport.java:171 - Initializing ExecutorService 'taskScheduler'
[2018-12-25 08:36:45.036] INFO [main] DirectJDKLog.java:173 - Starting ProtocolHandler ["http-nio-8080"]
[2018-12-25 08:36:45.071] INFO [main] DirectJDKLog.java:173 - Using a shared selector for servlet write/read
[2018-12-25 08:36:45.206] INFO [main] TomcatWebServer.java:204 - Tomcat started on port(s): 8080 (http) with context path ''
[2018-12-25 08:36:47.095] INFO [http-nio-8080-exec-1] DirectJDKLog.java:173 - Initializing Spring DispatcherServlet 'dispatcherServlet'
[2018-12-25 08:36:47.096] INFO [http-nio-8080-exec-1] FrameworkServlet.java:524 - Initializing Servlet 'dispatcherServlet'
[2018-12-25 08:36:47.121] INFO [http-nio-8080-exec-1] FrameworkServlet.java:546 - Completed initialization in 24 ms
[2018-12-25 09:08:46.492] INFO [main] RepositoryConfigurationDelegate.java:244 - Multiple Spring Data modules found, entering strict repository configuration mode!
[2018-12-25 09:08:46.516] INFO [main] RepositoryConfigurationDelegate.java:126 - Bootstrapping Spring Data repositories in DEFAULT mode.
[2018-12-25 09:08:46.656] INFO [main] RepositoryConfigurationDelegate.java:182 - Finished Spring Data repository scanning in 70ms. Found 0 repository interfaces.
[2018-12-25 09:08:48.545] INFO [main] PostProcessorRegistrationDelegate.java:330 - Bean 'druidConfig' of type [com.ke.configuration.DruidConfig$$EnhancerBySpringCGLIB$$29a4100b] is not eligible for getting processed by all BeanPostProcessors (for example: not eligible for auto-proxying)
[2018-12-25 09:08:48.591] INFO [main] PostProcessorRegistrationDelegate.java:330 - Bean 'org.springframework.transaction.annotation.ProxyTransactionManagementConfiguration' of type [org.springframework.transaction.annotation.ProxyTransactionManagementConfiguration$$EnhancerBySpringCGLIB$$fc801981] is not eligible for getting processed by all BeanPostProcessors (for example: not eligible for auto-proxying)
[2018-12-25 09:08:49.063] INFO [main] PostProcessorRegistrationDelegate.java:330 - Bean 'druidDataSource' of type [com.alibaba.druid.pool.DruidDataSource] is not eligible for getting processed by all BeanPostProcessors (for example: not eligible for auto-proxying)
[2018-12-25 09:08:49.246] INFO [main] PostProcessorRegistrationDelegate.java:330 - Bean 'spring.datasource-org.springframework.boot.autoconfigure.jdbc.DataSourceProperties' of type [org.springframework.boot.autoconfigure.jdbc.DataSourceProperties] is not eligible for getting processed by all BeanPostProcessors (for example: not eligible for auto-proxying)
[2018-12-25 09:08:49.267] INFO [main] PostProcessorRegistrationDelegate.java:330 - Bean 'org.springframework.boot.autoconfigure.jdbc.DataSourceInitializerInvoker' of type [org.springframework.boot.autoconfigure.jdbc.DataSourceInitializerInvoker] is not eligible for getting processed by all BeanPostProcessors (for example: not eligible for auto-proxying)
[2018-12-25 09:08:49.359] INFO [main] DruidConfig.java:159 - dao层扫描包为:com/ke/mapper/*/*.xml
[2018-12-25 09:08:49.618] INFO [main] PostProcessorRegistrationDelegate.java:330 - Bean 'sqlSessionFactory' of type [org.apache.ibatis.session.defaults.DefaultSqlSessionFactory] is not eligible for getting processed by all BeanPostProcessors (for example: not eligible for auto-proxying)
[2018-12-25 09:08:49.633] INFO [main] PostProcessorRegistrationDelegate.java:330 - Bean 'mybatis-org.mybatis.spring.boot.autoconfigure.MybatisProperties' of type [org.mybatis.spring.boot.autoconfigure.MybatisProperties] is not eligible for getting processed by all BeanPostProcessors (for example: not eligible for auto-proxying)
[2018-12-25 09:08:49.658] INFO [main] PostProcessorRegistrationDelegate.java:330 - Bean 'org.mybatis.spring.boot.autoconfigure.MybatisAutoConfiguration' of type [org.mybatis.spring.boot.autoconfigure.MybatisAutoConfiguration$$EnhancerBySpringCGLIB$$2f546ab1] is not eligible for getting processed by all BeanPostProcessors (for example: not eligible for auto-proxying)
[2018-12-25 09:08:49.701] INFO [main] PostProcessorRegistrationDelegate.java:330 - Bean 'sqlSessionTemplate' of type [org.mybatis.spring.SqlSessionTemplate] is not eligible for getting processed by all BeanPostProcessors (for example: not eligible for auto-proxying)
[2018-12-25 09:08:50.425] INFO [main] PostProcessorRegistrationDelegate.java:330 - Bean 'shiroMapper' of type [org.mybatis.spring.mapper.MapperFactoryBean] is not eligible for getting processed by all BeanPostProcessors (for example: not eligible for auto-proxying)
[2018-12-25 09:08:50.432] INFO [main] PostProcessorRegistrationDelegate.java:330 - Bean 'shiroMapper' of type [com.sun.proxy.$Proxy56] is not eligible for getting processed by all BeanPostProcessors (for example: not eligible for auto-proxying)
[2018-12-25 09:08:50.436] INFO [main] PostProcessorRegistrationDelegate.java:330 - Bean 'shiroConfiguration' of type [com.ke.configuration.ShiroConfiguration$$EnhancerBySpringCGLIB$$b6eed02a] is not eligible for getting processed by all BeanPostProcessors (for example: not eligible for auto-proxying)
[2018-12-25 09:08:51.702] INFO [main] PostProcessorRegistrationDelegate.java:330 - Bean 'shiroServiceImpl' of type [com.ke.serviceimpl.ShiroServiceImpl] is not eligible for getting processed by all BeanPostProcessors (for example: not eligible for auto-proxying)
[2018-12-25 09:08:51.707] INFO [main] PostProcessorRegistrationDelegate.java:330 - Bean 'myShiroRealm' of type [com.ke.shiro.MyShiroRealm] is not eligible for getting processed by all BeanPostProcessors (for example: not eligible for auto-proxying)
[2018-12-25 09:08:51.912] INFO [main] PostProcessorRegistrationDelegate.java:330 - Bean 'redisCache' of type [com.ke.shiro.RedisCache] is not eligible for getting processed by all BeanPostProcessors (for example: not eligible for auto-proxying)
[2018-12-25 09:08:51.914] INFO [main] PostProcessorRegistrationDelegate.java:330 - Bean 'redisCacheManager' of type [com.ke.shiro.RedisCacheManager] is not eligible for getting processed by all BeanPostProcessors (for example: not eligible for auto-proxying)
[2018-12-25 09:08:51.921] INFO [main] PostProcessorRegistrationDelegate.java:330 - Bean 'securityManager' of type [org.apache.shiro.web.mgt.DefaultWebSecurityManager] is not eligible for getting processed by all BeanPostProcessors (for example: not eligible for auto-proxying)
[2018-12-25 09:08:51.974] INFO [main] PostProcessorRegistrationDelegate.java:330 - Bean 'myShiroPermFilter' of type [com.ke.shiro.MyShiroPermFilter] is not eligible for getting processed by all BeanPostProcessors (for example: not eligible for auto-proxying)
[2018-12-25 09:08:53.584] INFO [main] DruidDataSource.java:947 - {dataSource-1} inited
[2018-12-25 09:08:56.175] INFO [main] TomcatWebServer.java:90 - Tomcat initialized with port(s): 8080 (http)
[2018-12-25 09:08:56.251] INFO [main] DirectJDKLog.java:173 - Initializing ProtocolHandler ["http-nio-8080"]
[2018-12-25 09:08:56.295] INFO [main] DirectJDKLog.java:173 - Starting service [Tomcat]
[2018-12-25 09:08:56.296] INFO [main] DirectJDKLog.java:173 - Starting Servlet Engine: Apache Tomcat/9.0.13
[2018-12-25 09:08:56.344] INFO [main] DirectJDKLog.java:173 - The APR based Apache Tomcat Native library which allows optimal performance in production environments was not found on the java.library.path: [C:\Program Files\Java\jre1.8.0_162\bin;C:\Windows\Sun\Java\bin;C:\Windows\system32;C:\Windows;C:/Program Files/Java/jre1.8.0_181/bin/server;C:/Program Files/Java/jre1.8.0_181/bin;C:/Program Files/Java/jre1.8.0_181/lib/amd64;C:\Program Files (x86)\Common Files\Oracle\Java\javapath;C:\ProgramData\Oracle\Java\javapath;C:\Windows\system32;C:\Windows;C:\Windows\System32\Wbem;C:\Windows\System32\WindowsPowerShell\v1.0\;C:\Program Files\Java\jdk1.8.0_131\bin;C:\Program Files\Java\jdk1.8.0_131\jre\bin;D:\develop\apache-maven-3.5.4\bin;D:\mysql-5.6.37-winx64\bin;C:\Program Files\MySQL\MySQL Utilities 1.6\;D:\Redis\Redis-x64-3.2.100;D:\develop\zookeeper-3.4.13\bin;C:\Python36;D:\MongoDB\bin;D:\spring-1.3.0.BUILD-SNAPSHOT\bin;D:\develop\zookeeper-3.4.13\bin;C:\OpenSSL-Win64\bin;D:\develop\gradle-4.10\bin;C:\Program Files\nodejs\;C:\Program Files\Git\cmd;C:\Python36\Scripts\;C:\Python36\;D:\Develop\nodejs\node_global;D:\develop\protobuf\protoc-3.6.1-win32\bin;C:\Users\Administrator\AppData\Roaming\npm;C:\Program Files\nodejs\node_global;;D:\develop\sts-bundle\sts-3.9.5.RELEASE;;.]
[2018-12-25 09:08:57.615] INFO [main] DirectJDKLog.java:173 - At least one JAR was scanned for TLDs yet contained no TLDs. Enable debug logging for this logger for a complete list of JARs that were scanned but no TLDs were found in them. Skipping unneeded JARs during scanning can improve startup time and JSP compilation time.
[2018-12-25 09:08:57.630] INFO [main] DirectJDKLog.java:173 - Initializing Spring embedded WebApplicationContext
[2018-12-25 09:08:57.630] INFO [main] ServletWebServerApplicationContext.java:296 - Root WebApplicationContext: initialization completed in 15348 ms
[2018-12-25 09:09:02.278] INFO [main] ExecutorConfigurationSupport.java:171 - Initializing ExecutorService 'taskScheduler'
[2018-12-25 09:09:03.157] INFO [main] DirectJDKLog.java:173 - Starting ProtocolHandler ["http-nio-8080"]
[2018-12-25 09:09:03.192] INFO [main] DirectJDKLog.java:173 - Using a shared selector for servlet write/read
[2018-12-25 09:09:03.320] INFO [main] TomcatWebServer.java:204 - Tomcat started on port(s): 8080 (http) with context path ''
[2018-12-25 09:09:30.520] INFO [http-nio-8080-exec-1] DirectJDKLog.java:173 - Initializing Spring DispatcherServlet 'dispatcherServlet'
[2018-12-25 09:09:30.521] INFO [http-nio-8080-exec-1] FrameworkServlet.java:524 - Initializing Servlet 'dispatcherServlet'
[2018-12-25 09:09:30.549] INFO [http-nio-8080-exec-1] FrameworkServlet.java:546 - Completed initialization in 28 ms
[2018-12-25 09:11:20.061] INFO [main] RepositoryConfigurationDelegate.java:244 - Multiple Spring Data modules found, entering strict repository configuration mode!
[2018-12-25 09:11:20.119] INFO [main] RepositoryConfigurationDelegate.java:126 - Bootstrapping Spring Data repositories in DEFAULT mode.
[2018-12-25 09:11:20.265] INFO [main] RepositoryConfigurationDelegate.java:182 - Finished Spring Data repository scanning in 66ms. Found 0 repository interfaces.
[2018-12-25 09:11:22.089] INFO [main] PostProcessorRegistrationDelegate.java:330 - Bean 'druidConfig' of type [com.ke.configuration.DruidConfig$$EnhancerBySpringCGLIB$$4a59c70e] is not eligible for getting processed by all BeanPostProcessors (for example: not eligible for auto-proxying)
[2018-12-25 09:11:22.139] INFO [main] PostProcessorRegistrationDelegate.java:330 - Bean 'org.springframework.transaction.annotation.ProxyTransactionManagementConfiguration' of type [org.springframework.transaction.annotation.ProxyTransactionManagementConfiguration$$EnhancerBySpringCGLIB$$1d35d084] is not eligible for getting processed by all BeanPostProcessors (for example: not eligible for auto-proxying)
[2018-12-25 09:11:22.710] INFO [main] PostProcessorRegistrationDelegate.java:330 - Bean 'druidDataSource' of type [com.alibaba.druid.pool.DruidDataSource] is not eligible for getting processed by all BeanPostProcessors (for example: not eligible for auto-proxying)
[2018-12-25 09:11:22.916] INFO [main] PostProcessorRegistrationDelegate.java:330 - Bean 'spring.datasource-org.springframework.boot.autoconfigure.jdbc.DataSourceProperties' of type [org.springframework.boot.autoconfigure.jdbc.DataSourceProperties] is not eligible for getting processed by all BeanPostProcessors (for example: not eligible for auto-proxying)
[2018-12-25 09:11:22.940] INFO [main] PostProcessorRegistrationDelegate.java:330 - Bean 'org.springframework.boot.autoconfigure.jdbc.DataSourceInitializerInvoker' of type [org.springframework.boot.autoconfigure.jdbc.DataSourceInitializerInvoker] is not eligible for getting processed by all BeanPostProcessors (for example: not eligible for auto-proxying)
[2018-12-25 09:11:23.046] INFO [main] DruidConfig.java:159 - dao层扫描包为:com/ke/mapper/*/*.xml
[2018-12-25 09:11:23.324] INFO [main] PostProcessorRegistrationDelegate.java:330 - Bean 'sqlSessionFactory' of type [org.apache.ibatis.session.defaults.DefaultSqlSessionFactory] is not eligible for getting processed by all BeanPostProcessors (for example: not eligible for auto-proxying)
[2018-12-25 09:11:23.341] INFO [main] PostProcessorRegistrationDelegate.java:330 - Bean 'mybatis-org.mybatis.spring.boot.autoconfigure.MybatisProperties' of type [org.mybatis.spring.boot.autoconfigure.MybatisProperties] is not eligible for getting processed by all BeanPostProcessors (for example: not eligible for auto-proxying)
[2018-12-25 09:11:23.363] INFO [main] PostProcessorRegistrationDelegate.java:330 - Bean 'org.mybatis.spring.boot.autoconfigure.MybatisAutoConfiguration' of type [org.mybatis.spring.boot.autoconfigure.MybatisAutoConfiguration$$EnhancerBySpringCGLIB$$500a21b4] is not eligible for getting processed by all BeanPostProcessors (for example: not eligible for auto-proxying)
[2018-12-25 09:11:23.403] INFO [main] PostProcessorRegistrationDelegate.java:330 - Bean 'sqlSessionTemplate' of type [org.mybatis.spring.SqlSessionTemplate] is not eligible for getting processed by all BeanPostProcessors (for example: not eligible for auto-proxying)
[2018-12-25 09:11:23.991] INFO [main] PostProcessorRegistrationDelegate.java:330 - Bean 'shiroMapper' of type [org.mybatis.spring.mapper.MapperFactoryBean] is not eligible for getting processed by all BeanPostProcessors (for example: not eligible for auto-proxying)
[2018-12-25 09:11:23.999] INFO [main] PostProcessorRegistrationDelegate.java:330 - Bean 'shiroMapper' of type [com.sun.proxy.$Proxy56] is not eligible for getting processed by all BeanPostProcessors (for example: not eligible for auto-proxying)
[2018-12-25 09:11:24.004] INFO [main] PostProcessorRegistrationDelegate.java:330 - Bean 'shiroConfiguration' of type [com.ke.configuration.ShiroConfiguration$$EnhancerBySpringCGLIB$$d7a4872d] is not eligible for getting processed by all BeanPostProcessors (for example: not eligible for auto-proxying)
[2018-12-25 09:11:25.463] INFO [main] PostProcessorRegistrationDelegate.java:330 - Bean 'shiroServiceImpl' of type [com.ke.serviceimpl.ShiroServiceImpl] is not eligible for getting processed by all BeanPostProcessors (for example: not eligible for auto-proxying)
[2018-12-25 09:11:25.472] INFO [main] PostProcessorRegistrationDelegate.java:330 - Bean 'myShiroRealm' of type [com.ke.shiro.MyShiroRealm] is not eligible for getting processed by all BeanPostProcessors (for example: not eligible for auto-proxying)
[2018-12-25 09:11:25.522] INFO [main] PostProcessorRegistrationDelegate.java:330 - Bean 'redisCache' of type [com.ke.shiro.RedisCache] is not eligible for getting processed by all BeanPostProcessors (for example: not eligible for auto-proxying)
[2018-12-25 09:11:25.525] INFO [main] PostProcessorRegistrationDelegate.java:330 - Bean 'redisCacheManager' of type [com.ke.shiro.RedisCacheManager] is not eligible for getting processed by all BeanPostProcessors (for example: not eligible for auto-proxying)
[2018-12-25 09:11:25.532] INFO [main] PostProcessorRegistrationDelegate.java:330 - Bean 'securityManager' of type [org.apache.shiro.web.mgt.DefaultWebSecurityManager] is not eligible for getting processed by all BeanPostProcessors (for example: not eligible for auto-proxying)
[2018-12-25 09:11:25.586] INFO [main] PostProcessorRegistrationDelegate.java:330 - Bean 'myShiroPermFilter' of type [com.ke.shiro.MyShiroPermFilter] is not eligible for getting processed by all BeanPostProcessors (for example: not eligible for auto-proxying)
[2018-12-25 09:11:27.848] INFO [main] DruidDataSource.java:947 - {dataSource-1} inited
[2018-12-25 09:11:30.882] INFO [main] TomcatWebServer.java:90 - Tomcat initialized with port(s): 8080 (http)
[2018-12-25 09:11:30.978] INFO [main] DirectJDKLog.java:173 - Initializing ProtocolHandler ["http-nio-8080"]
[2018-12-25 09:11:31.040] INFO [main] DirectJDKLog.java:173 - Starting service [Tomcat]
[2018-12-25 09:11:31.041] INFO [main] DirectJDKLog.java:173 - Starting Servlet Engine: Apache Tomcat/9.0.13
[2018-12-25 09:11:31.118] INFO [main] DirectJDKLog.java:173 - The APR based Apache Tomcat Native library which allows optimal performance in production environments was not found on the java.library.path: [C:\Program Files\Java\jre1.8.0_162\bin;C:\Windows\Sun\Java\bin;C:\Windows\system32;C:\Windows;C:/Program Files/Java/jre1.8.0_181/bin/server;C:/Program Files/Java/jre1.8.0_181/bin;C:/Program Files/Java/jre1.8.0_181/lib/amd64;C:\Program Files (x86)\Common Files\Oracle\Java\javapath;C:\ProgramData\Oracle\Java\javapath;C:\Windows\system32;C:\Windows;C:\Windows\System32\Wbem;C:\Windows\System32\WindowsPowerShell\v1.0\;C:\Program Files\Java\jdk1.8.0_131\bin;C:\Program Files\Java\jdk1.8.0_131\jre\bin;D:\develop\apache-maven-3.5.4\bin;D:\mysql-5.6.37-winx64\bin;C:\Program Files\MySQL\MySQL Utilities 1.6\;D:\Redis\Redis-x64-3.2.100;D:\develop\zookeeper-3.4.13\bin;C:\Python36;D:\MongoDB\bin;D:\spring-1.3.0.BUILD-SNAPSHOT\bin;D:\develop\zookeeper-3.4.13\bin;C:\OpenSSL-Win64\bin;D:\develop\gradle-4.10\bin;C:\Program Files\nodejs\;C:\Program Files\Git\cmd;C:\Python36\Scripts\;C:\Python36\;D:\Develop\nodejs\node_global;D:\develop\protobuf\protoc-3.6.1-win32\bin;C:\Users\Administrator\AppData\Roaming\npm;C:\Program Files\nodejs\node_global;;D:\develop\sts-bundle\sts-3.9.5.RELEASE;;.]
[2018-12-25 09:11:32.692] INFO [main] DirectJDKLog.java:173 - At least one JAR was scanned for TLDs yet contained no TLDs. Enable debug logging for this logger for a complete list of JARs that were scanned but no TLDs were found in them. Skipping unneeded JARs during scanning can improve startup time and JSP compilation time.
[2018-12-25 09:11:32.710] INFO [main] DirectJDKLog.java:173 - Initializing Spring embedded WebApplicationContext
[2018-12-25 09:11:32.710] INFO [main] ServletWebServerApplicationContext.java:296 - Root WebApplicationContext: initialization completed in 17015 ms
[2018-12-25 09:11:37.970] INFO [main] ExecutorConfigurationSupport.java:171 - Initializing ExecutorService 'taskScheduler'
[2018-12-25 09:11:39.074] INFO [main] DirectJDKLog.java:173 - Starting ProtocolHandler ["http-nio-8080"]
[2018-12-25 09:11:39.113] INFO [main] DirectJDKLog.java:173 - Using a shared selector for servlet write/read
[2018-12-25 09:11:39.242] INFO [main] TomcatWebServer.java:204 - Tomcat started on port(s): 8080 (http) with context path ''
[2018-12-25 09:11:41.644] INFO [http-nio-8080-exec-1] DirectJDKLog.java:173 - Initializing Spring DispatcherServlet 'dispatcherServlet'
[2018-12-25 09:11:41.647] INFO [http-nio-8080-exec-1] FrameworkServlet.java:524 - Initializing Servlet 'dispatcherServlet'
[2018-12-25 09:11:41.681] INFO [http-nio-8080-exec-1] FrameworkServlet.java:546 - Completed initialization in 33 ms
[2018-12-25 09:20:19.088] INFO [main] RepositoryConfigurationDelegate.java:244 - Multiple Spring Data modules found, entering strict repository configuration mode!
[2018-12-25 09:20:19.111] INFO [main] RepositoryConfigurationDelegate.java:126 - Bootstrapping Spring Data repositories in DEFAULT mode.
[2018-12-25 09:20:19.239] INFO [main] RepositoryConfigurationDelegate.java:182 - Finished Spring Data repository scanning in 61ms. Found 0 repository interfaces.
[2018-12-25 09:20:21.008] INFO [main] PostProcessorRegistrationDelegate.java:330 - Bean 'druidConfig' of type [com.ke.configuration.DruidConfig$$EnhancerBySpringCGLIB$$ad087724] is not eligible for getting processed by all BeanPostProcessors (for example: not eligible for auto-proxying)
[2018-12-25 09:20:21.056] INFO [main] PostProcessorRegistrationDelegate.java:330 - Bean 'org.springframework.transaction.annotation.ProxyTransactionManagementConfiguration' of type [org.springframework.transaction.annotation.ProxyTransactionManagementConfiguration$$EnhancerBySpringCGLIB$$7fe4809a] is not eligible for getting processed by all BeanPostProcessors (for example: not eligible for auto-proxying)
[2018-12-25 09:20:21.603] INFO [main] PostProcessorRegistrationDelegate.java:330 - Bean 'druidDataSource' of type [com.alibaba.druid.pool.DruidDataSource] is not eligible for getting processed by all BeanPostProcessors (for example: not eligible for auto-proxying)
[2018-12-25 09:20:21.816] INFO [main] PostProcessorRegistrationDelegate.java:330 - Bean 'spring.datasource-org.springframework.boot.autoconfigure.jdbc.DataSourceProperties' of type [org.springframework.boot.autoconfigure.jdbc.DataSourceProperties] is not eligible for getting processed by all BeanPostProcessors (for example: not eligible for auto-proxying)
[2018-12-25 09:20:21.841] INFO [main] PostProcessorRegistrationDelegate.java:330 - Bean 'org.springframework.boot.autoconfigure.jdbc.DataSourceInitializerInvoker' of type [org.springframework.boot.autoconfigure.jdbc.DataSourceInitializerInvoker] is not eligible for getting processed by all BeanPostProcessors (for example: not eligible for auto-proxying)
[2018-12-25 09:20:21.947] INFO [main] DruidConfig.java:159 - dao层扫描包为:com/ke/mapper/*/*.xml
[2018-12-25 09:20:22.226] INFO [main] PostProcessorRegistrationDelegate.java:330 - Bean 'sqlSessionFactory' of type [org.apache.ibatis.session.defaults.DefaultSqlSessionFactory] is not eligible for getting processed by all BeanPostProcessors (for example: not eligible for auto-proxying)
[2018-12-25 09:20:22.246] INFO [main] PostProcessorRegistrationDelegate.java:330 - Bean 'mybatis-org.mybatis.spring.boot.autoconfigure.MybatisProperties' of type [org.mybatis.spring.boot.autoconfigure.MybatisProperties] is not eligible for getting processed by all BeanPostProcessors (for example: not eligible for auto-proxying)
[2018-12-25 09:20:22.276] INFO [main] PostProcessorRegistrationDelegate.java:330 - Bean 'org.mybatis.spring.boot.autoconfigure.MybatisAutoConfiguration' of type [org.mybatis.spring.boot.autoconfigure.MybatisAutoConfiguration$$EnhancerBySpringCGLIB$$b2b8d1ca] is not eligible for getting processed by all BeanPostProcessors (for example: not eligible for auto-proxying)
[2018-12-25 09:20:22.323] INFO [main] PostProcessorRegistrationDelegate.java:330 - Bean 'sqlSessionTemplate' of type [org.mybatis.spring.SqlSessionTemplate] is not eligible for getting processed by all BeanPostProcessors (for example: not eligible for auto-proxying)
[2018-12-25 09:20:22.959] INFO [main] PostProcessorRegistrationDelegate.java:330 - Bean 'shiroMapper' of type [org.mybatis.spring.mapper.MapperFactoryBean] is not eligible for getting processed by all BeanPostProcessors (for example: not eligible for auto-proxying)
[2018-12-25 09:20:22.966] INFO [main] PostProcessorRegistrationDelegate.java:330 - Bean 'shiroMapper' of type [com.sun.proxy.$Proxy56] is not eligible for getting processed by all BeanPostProcessors (for example: not eligible for auto-proxying)
[2018-12-25 09:20:22.971] INFO [main] PostProcessorRegistrationDelegate.java:330 - Bean 'shiroConfiguration' of type [com.ke.configuration.ShiroConfiguration$$EnhancerBySpringCGLIB$$3a533743] is not eligible for getting processed by all BeanPostProcessors (for example: not eligible for auto-proxying)
[2018-12-25 09:20:24.267] INFO [main] PostProcessorRegistrationDelegate.java:330 - Bean 'shiroServiceImpl' of type [com.ke.serviceimpl.ShiroServiceImpl] is not eligible for getting processed by all BeanPostProcessors (for example: not eligible for auto-proxying)
[2018-12-25 09:20:24.280] INFO [main] PostProcessorRegistrationDelegate.java:330 - Bean 'myShiroRealm' of type [com.ke.shiro.MyShiroRealm] is not eligible for getting processed by all BeanPostProcessors (for example: not eligible for auto-proxying)
[2018-12-25 09:20:24.295] INFO [main] PostProcessorRegistrationDelegate.java:330 - Bean 'redisSessionDao' of type [com.ke.shiro.RedisSessionDao] is not eligible for getting processed by all BeanPostProcessors (for example: not eligible for auto-proxying)
[2018-12-25 09:20:24.310] INFO [main] PostProcessorRegistrationDelegate.java:330 - Bean 'customSessionManager' of type [com.ke.shiro.CustomSessionManager] is not eligible for getting processed by all BeanPostProcessors (for example: not eligible for auto-proxying)
[2018-12-25 09:20:24.517] INFO [main] PostProcessorRegistrationDelegate.java:330 - Bean 'redisCache' of type [com.ke.shiro.RedisCache] is not eligible for getting processed by all BeanPostProcessors (for example: not eligible for auto-proxying)
[2018-12-25 09:20:24.520] INFO [main] PostProcessorRegistrationDelegate.java:330 - Bean 'redisCacheManager' of type [com.ke.shiro.RedisCacheManager] is not eligible for getting processed by all BeanPostProcessors (for example: not eligible for auto-proxying)
[2018-12-25 09:20:24.528] INFO [main] PostProcessorRegistrationDelegate.java:330 - Bean 'securityManager' of type [org.apache.shiro.web.mgt.DefaultWebSecurityManager] is not eligible for getting processed by all BeanPostProcessors (for example: not eligible for auto-proxying)
[2018-12-25 09:20:24.582] INFO [main] PostProcessorRegistrationDelegate.java:330 - Bean 'myShiroPermFilter' of type [com.ke.shiro.MyShiroPermFilter] is not eligible for getting processed by all BeanPostProcessors (for example: not eligible for auto-proxying)
[2018-12-25 09:20:26.087] INFO [main] DruidDataSource.java:947 - {dataSource-1} inited
[2018-12-25 09:20:28.055] INFO [main] TomcatWebServer.java:90 - Tomcat initialized with port(s): 8080 (http)
[2018-12-25 09:20:28.133] INFO [main] DirectJDKLog.java:173 - Initializing ProtocolHandler ["http-nio-8080"]
[2018-12-25 09:20:28.187] INFO [main] DirectJDKLog.java:173 - Starting service [Tomcat]
[2018-12-25 09:20:28.188] INFO [main] DirectJDKLog.java:173 - Starting Servlet Engine: Apache Tomcat/9.0.13
[2018-12-25 09:20:28.231] INFO [main] DirectJDKLog.java:173 - The APR based Apache Tomcat Native library which allows optimal performance in production environments was not found on the java.library.path: [C:\Program Files\Java\jre1.8.0_162\bin;C:\Windows\Sun\Java\bin;C:\Windows\system32;C:\Windows;C:/Program Files/Java/jre1.8.0_181/bin/server;C:/Program Files/Java/jre1.8.0_181/bin;C:/Program Files/Java/jre1.8.0_181/lib/amd64;C:\Program Files (x86)\Common Files\Oracle\Java\javapath;C:\ProgramData\Oracle\Java\javapath;C:\Windows\system32;C:\Windows;C:\Windows\System32\Wbem;C:\Windows\System32\WindowsPowerShell\v1.0\;C:\Program Files\Java\jdk1.8.0_131\bin;C:\Program Files\Java\jdk1.8.0_131\jre\bin;D:\develop\apache-maven-3.5.4\bin;D:\mysql-5.6.37-winx64\bin;C:\Program Files\MySQL\MySQL Utilities 1.6\;D:\Redis\Redis-x64-3.2.100;D:\develop\zookeeper-3.4.13\bin;C:\Python36;D:\MongoDB\bin;D:\spring-1.3.0.BUILD-SNAPSHOT\bin;D:\develop\zookeeper-3.4.13\bin;C:\OpenSSL-Win64\bin;D:\develop\gradle-4.10\bin;C:\Program Files\nodejs\;C:\Program Files\Git\cmd;C:\Python36\Scripts\;C:\Python36\;D:\Develop\nodejs\node_global;D:\develop\protobuf\protoc-3.6.1-win32\bin;C:\Users\Administrator\AppData\Roaming\npm;C:\Program Files\nodejs\node_global;;D:\develop\sts-bundle\sts-3.9.5.RELEASE;;.]
[2018-12-25 09:20:29.365] INFO [main] DirectJDKLog.java:173 - At least one JAR was scanned for TLDs yet contained no TLDs. Enable debug logging for this logger for a complete list of JARs that were scanned but no TLDs were found in them. Skipping unneeded JARs during scanning can improve startup time and JSP compilation time.
[2018-12-25 09:20:29.384] INFO [main] DirectJDKLog.java:173 - Initializing Spring embedded WebApplicationContext
[2018-12-25 09:20:29.385] INFO [main] ServletWebServerApplicationContext.java:296 - Root WebApplicationContext: initialization completed in 14675 ms
[2018-12-25 09:20:35.861] INFO [main] ExecutorConfigurationSupport.java:171 - Initializing ExecutorService 'taskScheduler'
[2018-12-25 09:20:36.930] INFO [main] DirectJDKLog.java:173 - Starting ProtocolHandler ["http-nio-8080"]
[2018-12-25 09:20:36.960] INFO [main] DirectJDKLog.java:173 - Using a shared selector for servlet write/read
[2018-12-25 09:20:37.088] INFO [main] TomcatWebServer.java:204 - Tomcat started on port(s): 8080 (http) with context path ''
[2018-12-25 09:20:37.808] INFO [http-nio-8080-exec-1] DirectJDKLog.java:173 - Initializing Spring DispatcherServlet 'dispatcherServlet'
[2018-12-25 09:20:37.809] INFO [http-nio-8080-exec-1] FrameworkServlet.java:524 - Initializing Servlet 'dispatcherServlet'
[2018-12-25 09:20:37.840] INFO [http-nio-8080-exec-1] FrameworkServlet.java:546 - Completed initialization in 30 ms
[2018-12-25 09:20:37.891] INFO [http-nio-8080-exec-1] AbstractValidatingSessionManager.java:233 - Enabling session validation scheduler...
