[2019-03-19 11:50:47.632] INFO [main] StartupInfoLogger.java:50 - Starting NbPlatformApplication on 172_27_0_13 with PID 6372 (C:\github\mygit\NbPlatform\target\classes started by Administrator in C:\github\mygit\NbPlatform)
[2019-03-19 11:50:47.632] INFO [main] SpringApplication.java:675 - No active profile set, falling back to default profiles: default
[2019-03-19 11:50:48.882] INFO [main] RepositoryConfigurationDelegate.java:244 - Multiple Spring Data modules found, entering strict repository configuration mode!
[2019-03-19 11:50:48.882] INFO [main] RepositoryConfigurationDelegate.java:126 - Bootstrapping Spring Data repositories in DEFAULT mode.
[2019-03-19 11:50:49.038] INFO [main] RepositoryConfigurationDelegate.java:182 - Finished Spring Data repository scanning in 125ms. Found 0 repository interfaces.
[2019-03-19 11:50:50.054] INFO [main] TomcatWebServer.java:90 - Tomcat initialized with port(s): 443 (https) 8080 (http)
[2019-03-19 11:50:50.069] INFO [main] DirectJDKLog.java:173 - Initializing ProtocolHandler ["https-jsse-nio-443"]
[2019-03-19 11:50:50.085] INFO [main] DirectJDKLog.java:173 - Initializing ProtocolHandler ["http-nio-8080"]
[2019-03-19 11:50:50.100] INFO [main] DirectJDKLog.java:173 - Using a shared selector for servlet write/read
[2019-03-19 11:50:50.100] INFO [main] DirectJDKLog.java:173 - Starting service [Tomcat]
[2019-03-19 11:50:50.100] INFO [main] DirectJDKLog.java:173 - Starting Servlet Engine: Apache Tomcat/9.0.13
[2019-03-19 11:50:50.116] INFO [main] DirectJDKLog.java:173 - The APR based Apache Tomcat Native library which allows optimal performance in production environments was not found on the java.library.path: [C:\Program Files\Java\jdk1.8.0_131\bin;C:\Windows\Sun\Java\bin;C:\Windows\system32;C:\Windows;C:/Program Files/Java/jre1.8.0_131/bin/server;C:/Program Files/Java/jre1.8.0_131/bin;C:/Program Files/Java/jre1.8.0_131/lib/amd64;C:\ProgramData\Oracle\Java\javapath;C:\cygwinroot\usr\local\bin;C:\cygwinroot\bin;C:\cygwinroot\bin;C:\Windows\system32;C:\Windows;C:\Windows\System32\Wbem;C:\Windows\System32\WindowsPowerShell\v1.0\;C:\ldaptools;C:\Program Files\QCloud\Monitor\Barad;C:\Program Files\apache-maven-3.6.0\bin\;C:\Program Files\Java\jdk1.8.0_131\bin;C:\Program Files\Java\jdk1.8.0_131\jre\bin;C:\Program Files\Redis-x64-3.2.100;;C:\Program Files\sts-bundle\sts-3.9.6.RELEASE;;.]
[2019-03-19 11:50:50.319] INFO [main] DirectJDKLog.java:173 - Initializing Spring embedded WebApplicationContext
[2019-03-19 11:50:50.319] INFO [main] ServletWebServerApplicationContext.java:296 - Root WebApplicationContext: initialization completed in 2594 ms
[2019-03-19 11:50:51.179] INFO [main] EpollProvider.java:68 - Starting without optional epoll library
[2019-03-19 11:50:51.179] INFO [main] KqueueProvider.java:70 - Starting without optional kqueue library
[2019-03-19 11:50:51.897] INFO [main] ExecutorConfigurationSupport.java:171 - Initializing ExecutorService 'applicationTaskExecutor'
[2019-03-19 11:50:52.288] INFO [main] ExecutorConfigurationSupport.java:171 - Initializing ExecutorService 'taskScheduler'
[2019-03-19 11:50:52.335] INFO [main] DirectJDKLog.java:173 - Starting ProtocolHandler ["https-jsse-nio-443"]
[2019-03-19 11:50:52.679] INFO [main] DirectJDKLog.java:173 - Using a shared selector for servlet write/read
[2019-03-19 11:50:52.694] INFO [main] DirectJDKLog.java:173 - Starting ProtocolHandler ["http-nio-8080"]
[2019-03-19 11:50:52.710] INFO [main] TomcatWebServer.java:204 - Tomcat started on port(s): 443 (https) 8080 (http) with context path ''
[2019-03-19 11:50:52.710] INFO [main] StartupInfoLogger.java:59 - Started NbPlatformApplication in 5.657 seconds (JVM running for 6.504)
