[2019-01-02 09:11:04.049] INFO [main] StartupInfoLogger.java:50 - Starting NbPlatformApplication on 10_163_100_16 with PID 3176 (C:\develop\NbPlatform\target\classes started by Administrator in C:\develop\NbPlatform)
[2019-01-02 09:11:04.078] INFO [main] SpringApplication.java:675 - No active profile set, falling back to default profiles: default
[2019-01-02 09:11:05.692] INFO [main] RepositoryConfigurationDelegate.java:244 - Multiple Spring Data modules found, entering strict repository configuration mode!
[2019-01-02 09:11:05.701] INFO [main] RepositoryConfigurationDelegate.java:126 - Bootstrapping Spring Data repositories in DEFAULT mode.
[2019-01-02 09:11:05.824] INFO [main] RepositoryConfigurationDelegate.java:182 - Finished Spring Data repository scanning in 81ms. Found 0 repository interfaces.
[2019-01-02 09:11:07.165] INFO [main] TomcatWebServer.java:90 - Tomcat initialized with port(s): 8443 (https) 8080 (http)
[2019-01-02 09:11:07.193] INFO [main] DirectJDKLog.java:173 - Initializing ProtocolHandler ["https-jsse-nio-8443"]
[2019-01-02 09:11:07.201] INFO [main] DirectJDKLog.java:173 - Initializing ProtocolHandler ["http-nio-8080"]
[2019-01-02 09:11:07.220] INFO [main] DirectJDKLog.java:173 - Using a shared selector for servlet write/read
[2019-01-02 09:11:07.224] INFO [main] DirectJDKLog.java:173 - Starting service [Tomcat]
[2019-01-02 09:11:07.225] INFO [main] DirectJDKLog.java:173 - Starting Servlet Engine: Apache Tomcat/9.0.13
[2019-01-02 09:11:07.246] INFO [main] DirectJDKLog.java:173 - The APR based Apache Tomcat Native library which allows optimal performance in production environments was not found on the java.library.path: [C:\Program Files\Java\jre1.8.0_131\bin;C:\Windows\Sun\Java\bin;C:\Windows\system32;C:\Windows;C:/Program Files/Java/jre1.8.0_131/bin/server;C:/Program Files/Java/jre1.8.0_131/bin;C:/Program Files/Java/jre1.8.0_131/lib/amd64;C:\ProgramData\Oracle\Java\javapath;C:\cygwinroot\usr\local\bin;C:\cygwinroot\bin;C:\cygwinroot\bin;C:\Windows\system32;C:\Windows;C:\Windows\System32\Wbem;C:\Windows\System32\WindowsPowerShell\v1.0\;C:\ldaptools;C:\Program Files\QCloud\Monitor\Barad;C:\Program Files\apache-maven-3.6.0\bin\;C:\Program Files\Java\jdk1.8.0_131\bin;C:\Program Files\Java\jdk1.8.0_131\jre\bin;;C:\Program Files\sts-bundle\sts-3.9.6.RELEASE;;.]
[2019-01-02 09:11:07.618] INFO [main] DirectJDKLog.java:173 - Initializing Spring embedded WebApplicationContext
[2019-01-02 09:11:07.619] INFO [main] ServletWebServerApplicationContext.java:296 - Root WebApplicationContext: initialization completed in 3432 ms
[2019-01-02 09:11:08.882] INFO [main] ExecutorConfigurationSupport.java:171 - Initializing ExecutorService 'applicationTaskExecutor'
[2019-01-02 09:11:09.446] INFO [main] DirectJDKLog.java:173 - Starting ProtocolHandler ["https-jsse-nio-8443"]
[2019-01-02 09:11:09.768] INFO [main] DirectJDKLog.java:173 - Using a shared selector for servlet write/read
[2019-01-02 09:11:09.800] INFO [main] DirectJDKLog.java:173 - Starting ProtocolHandler ["http-nio-8080"]
[2019-01-02 09:11:09.827] INFO [main] TomcatWebServer.java:204 - Tomcat started on port(s): 8443 (https) 8080 (http) with context path ''
[2019-01-02 09:11:09.837] INFO [main] StartupInfoLogger.java:59 - Started NbPlatformApplication in 6.657 seconds (JVM running for 8.079)
