[2019-08-13 11:54:01.490] INFO [scheduling-1] ChargeServiceImpl.java:714 - 发送充电开始消息：{"chargeFlag":0,"serialNumber":"008900000022"} ,返回结果 ：{"error":"用户身份校验错误","status":-2} 
[2019-08-13 11:54:01.495] INFO [scheduling-1] ChargeServiceImpl.java:728 - 身份过期 重新获取token,发送内容：{"chargeFlag":0,"serialNumber":"008900000022"}
[2019-08-13 11:54:01.605] INFO [scheduling-1] ChargeServiceImpl.java:714 - 发送充电开始消息：{"chargeFlag":0,"serialNumber":"008900000022"} ,返回结果 ：{"error":"用户身份校验错误","status":-2} 
[2019-08-13 11:54:01.605] INFO [scheduling-1] ChargeServiceImpl.java:728 - 身份过期 重新获取token,发送内容：{"chargeFlag":0,"serialNumber":"008900000022"}
[2019-08-13 11:54:01.700] INFO [scheduling-1] ChargeServiceImpl.java:714 - 发送充电开始消息：{"chargeFlag":0,"serialNumber":"008900000022"} ,返回结果 ：{"error":"用户身份校验错误","status":-2} 
[2019-08-13 11:54:01.700] INFO [scheduling-1] ChargeServiceImpl.java:728 - 身份过期 重新获取token,发送内容：{"chargeFlag":0,"serialNumber":"008900000022"}
[2019-08-13 11:54:01.782] INFO [scheduling-1] ChargeServiceImpl.java:714 - 发送充电开始消息：{"chargeFlag":0,"serialNumber":"008900000022"} ,返回结果 ：{"error":"用户身份校验错误","status":-2} 
[2019-08-13 11:54:01.782] INFO [scheduling-1] ChargeServiceImpl.java:728 - 身份过期 重新获取token,发送内容：{"chargeFlag":0,"serialNumber":"008900000022"}
[2019-08-13 11:55:00.161] INFO [scheduling-1] ChargeServiceImpl.java:714 - 发送充电开始消息：{"chargeFlag":0,"serialNumber":"008900000022"} ,返回结果 ：{"error":"用户身份校验错误","status":-2} 
[2019-08-13 11:55:00.162] INFO [scheduling-1] ChargeServiceImpl.java:728 - 身份过期 重新获取token,发送内容：{"chargeFlag":0,"serialNumber":"008900000022"}
[2019-08-13 11:55:00.241] INFO [scheduling-1] ChargeServiceImpl.java:714 - 发送充电开始消息：{"chargeFlag":0,"serialNumber":"008900000022"} ,返回结果 ：{"error":"用户身份校验错误","status":-2} 
[2019-08-13 11:55:00.242] INFO [scheduling-1] ChargeServiceImpl.java:728 - 身份过期 重新获取token,发送内容：{"chargeFlag":0,"serialNumber":"008900000022"}
[2019-08-13 11:55:00.332] INFO [scheduling-1] ChargeServiceImpl.java:714 - 发送充电开始消息：{"chargeFlag":0,"serialNumber":"008900000022"} ,返回结果 ：{"error":"用户身份校验错误","status":-2} 
[2019-08-13 11:55:00.332] INFO [scheduling-1] ChargeServiceImpl.java:728 - 身份过期 重新获取token,发送内容：{"chargeFlag":0,"serialNumber":"008900000022"}
[2019-08-13 11:55:00.421] INFO [scheduling-1] ChargeServiceImpl.java:714 - 发送充电开始消息：{"chargeFlag":0,"serialNumber":"008900000022"} ,返回结果 ：{"error":"用户身份校验错误","status":-2} 
[2019-08-13 11:55:00.422] INFO [scheduling-1] ChargeServiceImpl.java:728 - 身份过期 重新获取token,发送内容：{"chargeFlag":0,"serialNumber":"008900000022"}
[2019-08-13 11:56:00.092] INFO [scheduling-1] ChargeServiceImpl.java:714 - 发送充电开始消息：{"chargeFlag":0,"serialNumber":"008900000022"} ,返回结果 ：{"error":"用户身份校验错误","status":-2} 
[2019-08-13 11:56:00.092] INFO [scheduling-1] ChargeServiceImpl.java:728 - 身份过期 重新获取token,发送内容：{"chargeFlag":0,"serialNumber":"008900000022"}
[2019-08-13 11:56:00.170] INFO [scheduling-1] ChargeServiceImpl.java:714 - 发送充电开始消息：{"chargeFlag":0,"serialNumber":"008900000022"} ,返回结果 ：{"error":"用户身份校验错误","status":-2} 
[2019-08-13 11:56:00.170] INFO [scheduling-1] ChargeServiceImpl.java:728 - 身份过期 重新获取token,发送内容：{"chargeFlag":0,"serialNumber":"008900000022"}
[2019-08-13 11:56:00.265] INFO [scheduling-1] ChargeServiceImpl.java:714 - 发送充电开始消息：{"chargeFlag":0,"serialNumber":"008900000022"} ,返回结果 ：{"error":"用户身份校验错误","status":-2} 
[2019-08-13 11:56:00.266] INFO [scheduling-1] ChargeServiceImpl.java:728 - 身份过期 重新获取token,发送内容：{"chargeFlag":0,"serialNumber":"008900000022"}
[2019-08-13 11:56:00.355] INFO [scheduling-1] ChargeServiceImpl.java:714 - 发送充电开始消息：{"chargeFlag":0,"serialNumber":"008900000022"} ,返回结果 ：{"error":"用户身份校验错误","status":-2} 
[2019-08-13 11:56:00.356] INFO [scheduling-1] ChargeServiceImpl.java:728 - 身份过期 重新获取token,发送内容：{"chargeFlag":0,"serialNumber":"008900000022"}
[2019-08-13 11:57:00.462] INFO [scheduling-1] ChargeServiceImpl.java:714 - 发送充电开始消息：{"chargeFlag":0,"serialNumber":"008900000022"} ,返回结果 ：{"error":"用户身份校验错误","status":-2} 
[2019-08-13 11:57:00.462] INFO [scheduling-1] ChargeServiceImpl.java:728 - 身份过期 重新获取token,发送内容：{"chargeFlag":0,"serialNumber":"008900000022"}
[2019-08-13 11:57:00.550] INFO [scheduling-1] ChargeServiceImpl.java:714 - 发送充电开始消息：{"chargeFlag":0,"serialNumber":"008900000022"} ,返回结果 ：{"error":"用户身份校验错误","status":-2} 
[2019-08-13 11:57:00.551] INFO [scheduling-1] ChargeServiceImpl.java:728 - 身份过期 重新获取token,发送内容：{"chargeFlag":0,"serialNumber":"008900000022"}
[2019-08-13 11:57:00.652] INFO [scheduling-1] ChargeServiceImpl.java:714 - 发送充电开始消息：{"chargeFlag":0,"serialNumber":"008900000022"} ,返回结果 ：{"error":"用户身份校验错误","status":-2} 
[2019-08-13 11:57:00.652] INFO [scheduling-1] ChargeServiceImpl.java:728 - 身份过期 重新获取token,发送内容：{"chargeFlag":0,"serialNumber":"008900000022"}
[2019-08-13 11:57:00.750] INFO [scheduling-1] ChargeServiceImpl.java:714 - 发送充电开始消息：{"chargeFlag":0,"serialNumber":"008900000022"} ,返回结果 ：{"error":"用户身份校验错误","status":-2} 
[2019-08-13 11:57:00.750] INFO [scheduling-1] ChargeServiceImpl.java:728 - 身份过期 重新获取token,发送内容：{"chargeFlag":0,"serialNumber":"008900000022"}
[2019-08-13 14:02:19.707] INFO [pilealarm-schedule-pool-1] MsgPushCustomerExecutor.java:297 - 接收水电桩告警推送消息,接收内容:{"alarm":6,"pileNo":"LY0000000002"}
[2019-08-13 14:02:21.883] INFO [pilealarm-schedule-pool-1] MsgPushCustomerExecutor.java:297 - 接收水电桩告警推送消息,接收内容:{"alarm":4,"pileNo":"LY0000000002"}
[2019-08-13 14:02:21.962] INFO [pilealarm-schedule-pool-1] MsgPushCustomerExecutor.java:297 - 接收水电桩告警推送消息,接收内容:{"alarm":1,"pileNo":"LY0000000002"}
[2019-08-13 14:03:00.129] INFO [scheduling-1] ChargeServiceImpl.java:714 - 发送充电开始消息：{"chargeFlag":0,"serialNumber":"008900000022"} ,返回结果 ：{"error":"用户身份校验错误","status":-2} 
[2019-08-13 14:03:00.129] INFO [scheduling-1] ChargeServiceImpl.java:728 - 身份过期 重新获取token,发送内容：{"chargeFlag":0,"serialNumber":"008900000022"}
[2019-08-13 14:03:00.223] INFO [scheduling-1] ChargeServiceImpl.java:714 - 发送充电开始消息：{"chargeFlag":0,"serialNumber":"008900000022"} ,返回结果 ：{"error":"用户身份校验错误","status":-2} 
[2019-08-13 14:03:00.223] INFO [scheduling-1] ChargeServiceImpl.java:728 - 身份过期 重新获取token,发送内容：{"chargeFlag":0,"serialNumber":"008900000022"}
[2019-08-13 14:03:00.332] INFO [scheduling-1] ChargeServiceImpl.java:714 - 发送充电开始消息：{"chargeFlag":0,"serialNumber":"008900000022"} ,返回结果 ：{"error":"用户身份校验错误","status":-2} 
[2019-08-13 14:03:00.332] INFO [scheduling-1] ChargeServiceImpl.java:728 - 身份过期 重新获取token,发送内容：{"chargeFlag":0,"serialNumber":"008900000022"}
[2019-08-13 14:03:00.426] INFO [scheduling-1] ChargeServiceImpl.java:714 - 发送充电开始消息：{"chargeFlag":0,"serialNumber":"008900000022"} ,返回结果 ：{"error":"用户身份校验错误","status":-2} 
[2019-08-13 14:03:00.426] INFO [scheduling-1] ChargeServiceImpl.java:728 - 身份过期 重新获取token,发送内容：{"chargeFlag":0,"serialNumber":"008900000022"}
[2019-08-13 14:04:00.078] INFO [scheduling-1] ChargeServiceImpl.java:714 - 发送充电开始消息：{"chargeFlag":0,"serialNumber":"008900000022"} ,返回结果 ：{"error":"用户身份校验错误","status":-2} 
[2019-08-13 14:04:00.078] INFO [scheduling-1] ChargeServiceImpl.java:728 - 身份过期 重新获取token,发送内容：{"chargeFlag":0,"serialNumber":"008900000022"}
[2019-08-13 14:04:00.172] INFO [scheduling-1] ChargeServiceImpl.java:714 - 发送充电开始消息：{"chargeFlag":0,"serialNumber":"008900000022"} ,返回结果 ：{"error":"用户身份校验错误","status":-2} 
[2019-08-13 14:04:00.172] INFO [scheduling-1] ChargeServiceImpl.java:728 - 身份过期 重新获取token,发送内容：{"chargeFlag":0,"serialNumber":"008900000022"}
[2019-08-13 14:04:00.281] INFO [scheduling-1] ChargeServiceImpl.java:714 - 发送充电开始消息：{"chargeFlag":0,"serialNumber":"008900000022"} ,返回结果 ：{"error":"用户身份校验错误","status":-2} 
[2019-08-13 14:04:00.281] INFO [scheduling-1] ChargeServiceImpl.java:728 - 身份过期 重新获取token,发送内容：{"chargeFlag":0,"serialNumber":"008900000022"}
[2019-08-13 14:04:00.359] INFO [scheduling-1] ChargeServiceImpl.java:714 - 发送充电开始消息：{"chargeFlag":0,"serialNumber":"008900000022"} ,返回结果 ：{"error":"用户身份校验错误","status":-2} 
[2019-08-13 14:04:00.359] INFO [scheduling-1] ChargeServiceImpl.java:728 - 身份过期 重新获取token,发送内容：{"chargeFlag":0,"serialNumber":"008900000022"}
[2019-08-13 14:05:00.083] INFO [scheduling-1] ChargeServiceImpl.java:714 - 发送充电开始消息：{"chargeFlag":0,"serialNumber":"008900000022"} ,返回结果 ：{"error":"用户身份校验错误","status":-2} 
[2019-08-13 14:05:00.083] INFO [scheduling-1] ChargeServiceImpl.java:728 - 身份过期 重新获取token,发送内容：{"chargeFlag":0,"serialNumber":"008900000022"}
[2019-08-13 14:05:00.177] INFO [scheduling-1] ChargeServiceImpl.java:714 - 发送充电开始消息：{"chargeFlag":0,"serialNumber":"008900000022"} ,返回结果 ：{"error":"用户身份校验错误","status":-2} 
[2019-08-13 14:05:00.177] INFO [scheduling-1] ChargeServiceImpl.java:728 - 身份过期 重新获取token,发送内容：{"chargeFlag":0,"serialNumber":"008900000022"}
[2019-08-13 14:05:00.255] INFO [scheduling-1] ChargeServiceImpl.java:714 - 发送充电开始消息：{"chargeFlag":0,"serialNumber":"008900000022"} ,返回结果 ：{"error":"用户身份校验错误","status":-2} 
[2019-08-13 14:05:00.255] INFO [scheduling-1] ChargeServiceImpl.java:728 - 身份过期 重新获取token,发送内容：{"chargeFlag":0,"serialNumber":"008900000022"}
[2019-08-13 14:05:00.349] INFO [scheduling-1] ChargeServiceImpl.java:714 - 发送充电开始消息：{"chargeFlag":0,"serialNumber":"008900000022"} ,返回结果 ：{"error":"用户身份校验错误","status":-2} 
[2019-08-13 14:05:00.349] INFO [scheduling-1] ChargeServiceImpl.java:728 - 身份过期 重新获取token,发送内容：{"chargeFlag":0,"serialNumber":"008900000022"}
[2019-08-13 14:06:00.090] INFO [scheduling-1] ChargeServiceImpl.java:714 - 发送充电开始消息：{"chargeFlag":0,"serialNumber":"008900000022"} ,返回结果 ：{"error":"用户身份校验错误","status":-2} 
[2019-08-13 14:06:00.090] INFO [scheduling-1] ChargeServiceImpl.java:728 - 身份过期 重新获取token,发送内容：{"chargeFlag":0,"serialNumber":"008900000022"}
[2019-08-13 14:06:00.168] INFO [scheduling-1] ChargeServiceImpl.java:714 - 发送充电开始消息：{"chargeFlag":0,"serialNumber":"008900000022"} ,返回结果 ：{"error":"用户身份校验错误","status":-2} 
[2019-08-13 14:06:00.168] INFO [scheduling-1] ChargeServiceImpl.java:728 - 身份过期 重新获取token,发送内容：{"chargeFlag":0,"serialNumber":"008900000022"}
[2019-08-13 14:06:00.262] INFO [scheduling-1] ChargeServiceImpl.java:714 - 发送充电开始消息：{"chargeFlag":0,"serialNumber":"008900000022"} ,返回结果 ：{"error":"用户身份校验错误","status":-2} 
[2019-08-13 14:06:00.262] INFO [scheduling-1] ChargeServiceImpl.java:728 - 身份过期 重新获取token,发送内容：{"chargeFlag":0,"serialNumber":"008900000022"}
[2019-08-13 14:06:00.355] INFO [scheduling-1] ChargeServiceImpl.java:714 - 发送充电开始消息：{"chargeFlag":0,"serialNumber":"008900000022"} ,返回结果 ：{"error":"用户身份校验错误","status":-2} 
[2019-08-13 14:06:00.355] INFO [scheduling-1] ChargeServiceImpl.java:728 - 身份过期 重新获取token,发送内容：{"chargeFlag":0,"serialNumber":"008900000022"}
[2019-08-13 14:07:00.071] INFO [scheduling-1] ChargeServiceImpl.java:714 - 发送充电开始消息：{"chargeFlag":0,"serialNumber":"008900000022"} ,返回结果 ：{"error":"用户身份校验错误","status":-2} 
[2019-08-13 14:07:00.071] INFO [scheduling-1] ChargeServiceImpl.java:728 - 身份过期 重新获取token,发送内容：{"chargeFlag":0,"serialNumber":"008900000022"}
[2019-08-13 14:07:00.165] INFO [scheduling-1] ChargeServiceImpl.java:714 - 发送充电开始消息：{"chargeFlag":0,"serialNumber":"008900000022"} ,返回结果 ：{"error":"用户身份校验错误","status":-2} 
[2019-08-13 14:07:00.165] INFO [scheduling-1] ChargeServiceImpl.java:728 - 身份过期 重新获取token,发送内容：{"chargeFlag":0,"serialNumber":"008900000022"}
[2019-08-13 14:07:00.259] INFO [scheduling-1] ChargeServiceImpl.java:714 - 发送充电开始消息：{"chargeFlag":0,"serialNumber":"008900000022"} ,返回结果 ：{"error":"用户身份校验错误","status":-2} 
[2019-08-13 14:07:00.259] INFO [scheduling-1] ChargeServiceImpl.java:728 - 身份过期 重新获取token,发送内容：{"chargeFlag":0,"serialNumber":"008900000022"}
[2019-08-13 14:07:00.337] INFO [scheduling-1] ChargeServiceImpl.java:714 - 发送充电开始消息：{"chargeFlag":0,"serialNumber":"008900000022"} ,返回结果 ：{"error":"用户身份校验错误","status":-2} 
[2019-08-13 14:07:00.337] INFO [scheduling-1] ChargeServiceImpl.java:728 - 身份过期 重新获取token,发送内容：{"chargeFlag":0,"serialNumber":"008900000022"}
[2019-08-13 14:08:00.075] INFO [scheduling-1] ChargeServiceImpl.java:714 - 发送充电开始消息：{"chargeFlag":0,"serialNumber":"008900000022"} ,返回结果 ：{"error":"用户身份校验错误","status":-2} 
[2019-08-13 14:08:00.075] INFO [scheduling-1] ChargeServiceImpl.java:728 - 身份过期 重新获取token,发送内容：{"chargeFlag":0,"serialNumber":"008900000022"}
[2019-08-13 14:08:00.153] INFO [scheduling-1] ChargeServiceImpl.java:714 - 发送充电开始消息：{"chargeFlag":0,"serialNumber":"008900000022"} ,返回结果 ：{"error":"用户身份校验错误","status":-2} 
[2019-08-13 14:08:00.153] INFO [scheduling-1] ChargeServiceImpl.java:728 - 身份过期 重新获取token,发送内容：{"chargeFlag":0,"serialNumber":"008900000022"}
[2019-08-13 14:08:00.247] INFO [scheduling-1] ChargeServiceImpl.java:714 - 发送充电开始消息：{"chargeFlag":0,"serialNumber":"008900000022"} ,返回结果 ：{"error":"用户身份校验错误","status":-2} 
[2019-08-13 14:08:00.247] INFO [scheduling-1] ChargeServiceImpl.java:728 - 身份过期 重新获取token,发送内容：{"chargeFlag":0,"serialNumber":"008900000022"}
[2019-08-13 14:08:00.341] INFO [scheduling-1] ChargeServiceImpl.java:714 - 发送充电开始消息：{"chargeFlag":0,"serialNumber":"008900000022"} ,返回结果 ：{"error":"用户身份校验错误","status":-2} 
[2019-08-13 14:08:00.341] INFO [scheduling-1] ChargeServiceImpl.java:728 - 身份过期 重新获取token,发送内容：{"chargeFlag":0,"serialNumber":"008900000022"}
[2019-08-13 14:09:00.085] INFO [scheduling-1] ChargeServiceImpl.java:714 - 发送充电开始消息：{"chargeFlag":0,"serialNumber":"008900000022"} ,返回结果 ：{"error":"用户身份校验错误","status":-2} 
[2019-08-13 14:09:00.085] INFO [scheduling-1] ChargeServiceImpl.java:728 - 身份过期 重新获取token,发送内容：{"chargeFlag":0,"serialNumber":"008900000022"}
[2019-08-13 14:09:00.163] INFO [scheduling-1] ChargeServiceImpl.java:714 - 发送充电开始消息：{"chargeFlag":0,"serialNumber":"008900000022"} ,返回结果 ：{"error":"用户身份校验错误","status":-2} 
[2019-08-13 14:09:00.163] INFO [scheduling-1] ChargeServiceImpl.java:728 - 身份过期 重新获取token,发送内容：{"chargeFlag":0,"serialNumber":"008900000022"}
[2019-08-13 14:09:00.257] INFO [scheduling-1] ChargeServiceImpl.java:714 - 发送充电开始消息：{"chargeFlag":0,"serialNumber":"008900000022"} ,返回结果 ：{"error":"用户身份校验错误","status":-2} 
[2019-08-13 14:09:00.257] INFO [scheduling-1] ChargeServiceImpl.java:728 - 身份过期 重新获取token,发送内容：{"chargeFlag":0,"serialNumber":"008900000022"}
[2019-08-13 14:09:00.335] INFO [scheduling-1] ChargeServiceImpl.java:714 - 发送充电开始消息：{"chargeFlag":0,"serialNumber":"008900000022"} ,返回结果 ：{"error":"用户身份校验错误","status":-2} 
[2019-08-13 14:09:00.335] INFO [scheduling-1] ChargeServiceImpl.java:728 - 身份过期 重新获取token,发送内容：{"chargeFlag":0,"serialNumber":"008900000022"}
[2019-08-13 14:22:44.749] INFO [scheduling-1] ChargeServiceImpl.java:714 - 发送充电开始消息：{"chargeFlag":0,"serialNumber":"008900000022"} ,返回结果 ：{"error":"用户身份校验错误","status":-2} 
[2019-08-13 14:22:44.750] INFO [scheduling-1] ChargeServiceImpl.java:728 - 身份过期 重新获取token,发送内容：{"chargeFlag":0,"serialNumber":"008900000022"}
[2019-08-13 14:22:55.860] INFO [scheduling-1] ChargeServiceImpl.java:714 - 发送充电开始消息：{"chargeFlag":0,"serialNumber":"008900000022"} ,返回结果 ：{"error":"用户身份校验错误","status":-2} 
[2019-08-13 14:22:55.861] INFO [scheduling-1] ChargeServiceImpl.java:728 - 身份过期 重新获取token,发送内容：{"chargeFlag":0,"serialNumber":"008900000022"}
[2019-08-13 14:24:00.152] INFO [scheduling-1] ChargeServiceImpl.java:720 - 发送充电开始消息：{"chargeFlag":0,"serialNumber":"008900000022"} ,返回结果 ：{"code":9000,"data":"syntax error, expect {, actual error, pos 0, fastjson-version 1.2.56","msg":"服务器内部异常！"} 
[2019-08-13 14:24:03.292] INFO [scheduling-1] ChargeServiceImpl.java:720 - 发送充电开始消息：{"chargeFlag":1,"serialNumber":"008915656770"} ,返回结果 ：{"code":9000,"data":"syntax error, expect {, actual error, pos 0, fastjson-version 1.2.56","msg":"服务器内部异常！"} 
[2019-08-13 14:27:02.574] INFO [pilealarm-schedule-pool-1] MsgPushCustomerExecutor.java:297 - 接收水电桩告警推送消息,接收内容:{"alarm":4,"pileNo":"LY0000000001"}
[2019-08-13 14:27:03.232] INFO [pilealarm-schedule-pool-1] ChargeServiceImpl.java:1671 - 发送充电结束消息：{"alarm":4,"pileNo":"LY0000000001"} ,接收内容：() 
[2019-08-13 14:38:36.747] INFO [pilealarm-schedule-pool-1] MsgPushCustomerExecutor.java:297 - 接收水电桩告警推送消息,接收内容:{"alarm":0,"pileNo":"LY0000000001"}
[2019-08-13 14:38:37.479] INFO [pilealarm-schedule-pool-1] ChargeServiceImpl.java:1671 - 发送充电结束消息：{"alarm":0,"pileNo":"LY0000000001"} ,接收内容：() 
[2019-08-13 14:39:08.852] INFO [pilealarm-schedule-pool-1] MsgPushCustomerExecutor.java:297 - 接收水电桩告警推送消息,接收内容:{"alarm":0,"pileNo":"LY0000000001"}
[2019-08-13 14:39:23.081] INFO [pilealarm-schedule-pool-1] ChargeServiceImpl.java:1671 - 发送充电结束消息：{"alarm":0,"pileNo":"LY0000000001"} ,接收内容：() 
[2019-08-13 14:39:23.092] INFO [pilealarm-schedule-pool-1] MsgPushCustomerExecutor.java:297 - 接收水电桩告警推送消息,接收内容:{"alarm":0,"pileNo":"LY0000000001"}
[2019-08-13 14:39:41.851] INFO [pilealarm-schedule-pool-1] ChargeServiceImpl.java:1671 - 发送充电结束消息：{"alarm":0,"pileNo":"LY0000000001"} ,接收内容：() 
[2019-08-13 14:39:41.854] INFO [pilealarm-schedule-pool-1] MsgPushCustomerExecutor.java:297 - 接收水电桩告警推送消息,接收内容:{"alarm":0,"pileNo":"LY0000000001"}
[2019-08-13 14:39:45.140] INFO [pilealarm-schedule-pool-1] ChargeServiceImpl.java:1671 - 发送充电结束消息：{"alarm":0,"pileNo":"LY0000000001"} ,接收内容：() 
[2019-08-13 14:39:45.220] INFO [pilealarm-schedule-pool-1] MsgPushCustomerExecutor.java:297 - 接收水电桩告警推送消息,接收内容:{"alarm":0,"pileNo":"LY0000000001"}
[2019-08-13 14:39:45.561] INFO [pilealarm-schedule-pool-1] ChargeServiceImpl.java:1671 - 发送充电结束消息：{"alarm":0,"pileNo":"LY0000000001"} ,接收内容：() 
[2019-08-13 14:39:45.561] INFO [pilealarm-schedule-pool-1] MsgPushCustomerExecutor.java:297 - 接收水电桩告警推送消息,接收内容:{"alarm":0,"pileNo":"LY0000000001"}
[2019-08-13 14:39:45.718] INFO [pilealarm-schedule-pool-1] ChargeServiceImpl.java:1671 - 发送充电结束消息：{"alarm":0,"pileNo":"LY0000000001"} ,接收内容：() 
[2019-08-13 14:39:45.718] INFO [pilealarm-schedule-pool-1] MsgPushCustomerExecutor.java:297 - 接收水电桩告警推送消息,接收内容:{"alarm":0,"pileNo":"LY0000000001"}
[2019-08-13 14:39:48.229] INFO [pilealarm-schedule-pool-1] ChargeServiceImpl.java:1671 - 发送充电结束消息：{"alarm":0,"pileNo":"LY0000000001"} ,接收内容：() 
[2019-08-13 14:39:48.230] INFO [pilealarm-schedule-pool-1] MsgPushCustomerExecutor.java:297 - 接收水电桩告警推送消息,接收内容:{"alarm":0,"pileNo":"LY0000000001"}
[2019-08-13 14:39:48.264] INFO [pilealarm-schedule-pool-1] ChargeServiceImpl.java:1671 - 发送充电结束消息：{"alarm":0,"pileNo":"LY0000000001"} ,接收内容：() 
[2019-08-13 14:39:48.265] INFO [pilealarm-schedule-pool-1] MsgPushCustomerExecutor.java:297 - 接收水电桩告警推送消息,接收内容:{"alarm":0,"pileNo":"LY0000000001"}
[2019-08-13 14:39:48.293] INFO [pilealarm-schedule-pool-1] ChargeServiceImpl.java:1671 - 发送充电结束消息：{"alarm":0,"pileNo":"LY0000000001"} ,接收内容：() 
[2019-08-13 14:39:48.295] INFO [pilealarm-schedule-pool-1] MsgPushCustomerExecutor.java:297 - 接收水电桩告警推送消息,接收内容:{"alarm":0,"pileNo":"LY0000000001"}
[2019-08-13 14:39:48.324] INFO [pilealarm-schedule-pool-1] ChargeServiceImpl.java:1671 - 发送充电结束消息：{"alarm":0,"pileNo":"LY0000000001"} ,接收内容：() 
[2019-08-13 14:39:48.325] INFO [pilealarm-schedule-pool-1] MsgPushCustomerExecutor.java:297 - 接收水电桩告警推送消息,接收内容:{"alarm":0,"pileNo":"LY0000000001"}
[2019-08-13 14:39:48.356] INFO [pilealarm-schedule-pool-1] ChargeServiceImpl.java:1671 - 发送充电结束消息：{"alarm":0,"pileNo":"LY0000000001"} ,接收内容：() 
[2019-08-13 14:39:48.357] INFO [pilealarm-schedule-pool-1] MsgPushCustomerExecutor.java:297 - 接收水电桩告警推送消息,接收内容:{"alarm":0,"pileNo":"LY0000000001"}
[2019-08-13 14:39:48.390] INFO [pilealarm-schedule-pool-1] ChargeServiceImpl.java:1671 - 发送充电结束消息：{"alarm":0,"pileNo":"LY0000000001"} ,接收内容：() 
[2019-08-13 14:39:48.391] INFO [pilealarm-schedule-pool-1] MsgPushCustomerExecutor.java:297 - 接收水电桩告警推送消息,接收内容:{"alarm":0,"pileNo":"LY0000000001"}
[2019-08-13 14:39:48.419] INFO [pilealarm-schedule-pool-1] ChargeServiceImpl.java:1671 - 发送充电结束消息：{"alarm":0,"pileNo":"LY0000000001"} ,接收内容：() 
[2019-08-13 14:39:48.419] INFO [pilealarm-schedule-pool-1] MsgPushCustomerExecutor.java:297 - 接收水电桩告警推送消息,接收内容:{"alarm":0,"pileNo":"LY0000000001"}
[2019-08-13 14:39:48.450] INFO [pilealarm-schedule-pool-1] ChargeServiceImpl.java:1671 - 发送充电结束消息：{"alarm":0,"pileNo":"LY0000000001"} ,接收内容：() 
[2019-08-13 14:39:48.450] INFO [pilealarm-schedule-pool-1] MsgPushCustomerExecutor.java:297 - 接收水电桩告警推送消息,接收内容:{"alarm":0,"pileNo":"LY0000000001"}
[2019-08-13 14:39:48.480] INFO [pilealarm-schedule-pool-1] ChargeServiceImpl.java:1671 - 发送充电结束消息：{"alarm":0,"pileNo":"LY0000000001"} ,接收内容：() 
[2019-08-13 14:39:48.481] INFO [pilealarm-schedule-pool-1] MsgPushCustomerExecutor.java:297 - 接收水电桩告警推送消息,接收内容:{"alarm":0,"pileNo":"LY0000000001"}
[2019-08-13 14:39:48.518] INFO [pilealarm-schedule-pool-1] ChargeServiceImpl.java:1671 - 发送充电结束消息：{"alarm":0,"pileNo":"LY0000000001"} ,接收内容：() 
[2019-08-13 14:39:48.526] INFO [pilealarm-schedule-pool-1] MsgPushCustomerExecutor.java:297 - 接收水电桩告警推送消息,接收内容:{"alarm":0,"pileNo":"LY0000000001"}
[2019-08-13 14:39:48.556] INFO [pilealarm-schedule-pool-1] ChargeServiceImpl.java:1671 - 发送充电结束消息：{"alarm":0,"pileNo":"LY0000000001"} ,接收内容：() 
[2019-08-13 14:39:48.558] INFO [pilealarm-schedule-pool-1] MsgPushCustomerExecutor.java:297 - 接收水电桩告警推送消息,接收内容:{"alarm":0,"pileNo":"LY0000000001"}
[2019-08-13 14:39:48.595] INFO [pilealarm-schedule-pool-1] ChargeServiceImpl.java:1671 - 发送充电结束消息：{"alarm":0,"pileNo":"LY0000000001"} ,接收内容：() 
[2019-08-13 14:39:48.596] INFO [pilealarm-schedule-pool-1] MsgPushCustomerExecutor.java:297 - 接收水电桩告警推送消息,接收内容:{"alarm":0,"pileNo":"LY0000000001"}
[2019-08-13 14:39:48.629] INFO [pilealarm-schedule-pool-1] ChargeServiceImpl.java:1671 - 发送充电结束消息：{"alarm":0,"pileNo":"LY0000000001"} ,接收内容：() 
[2019-08-13 14:39:48.630] INFO [pilealarm-schedule-pool-1] MsgPushCustomerExecutor.java:297 - 接收水电桩告警推送消息,接收内容:{"alarm":0,"pileNo":"LY0000000001"}
[2019-08-13 14:39:48.658] INFO [pilealarm-schedule-pool-1] ChargeServiceImpl.java:1671 - 发送充电结束消息：{"alarm":0,"pileNo":"LY0000000001"} ,接收内容：() 
[2019-08-13 14:49:08.153] INFO [pilealarm-schedule-pool-1] MsgPushCustomerExecutor.java:297 - 接收水电桩告警推送消息,接收内容:{"alarm":0,"pileNo":"LY0000000001"}
[2019-08-13 14:49:59.871] INFO [pilealarm-schedule-pool-1] ChargeServiceImpl.java:1671 - 发送充电结束消息：{"alarm":0,"pileNo":"LY0000000001"} ,接收内容：() 
[2019-08-13 14:50:01.171] INFO [pilealarm-schedule-pool-1] MsgPushCustomerExecutor.java:297 - 接收水电桩告警推送消息,接收内容:{"alarm":0,"pileNo":"LY0000000001"}
[2019-08-13 14:50:23.211] INFO [pilealarm-schedule-pool-1] ChargeServiceImpl.java:1671 - 发送充电结束消息：{"alarm":0,"pileNo":"LY0000000001"} ,接收内容：() 
[2019-08-13 14:50:23.212] INFO [pilealarm-schedule-pool-1] MsgPushCustomerExecutor.java:297 - 接收水电桩告警推送消息,接收内容:{"alarm":0,"pileNo":"LY0000000001"}
[2019-08-13 14:50:23.819] INFO [pilealarm-schedule-pool-1] ChargeServiceImpl.java:1671 - 发送充电结束消息：{"alarm":0,"pileNo":"LY0000000001"} ,接收内容：() 
[2019-08-13 14:50:23.819] INFO [pilealarm-schedule-pool-1] MsgPushCustomerExecutor.java:297 - 接收水电桩告警推送消息,接收内容:{"alarm":0,"pileNo":"LY0000000001"}
[2019-08-13 14:50:24.270] INFO [pilealarm-schedule-pool-1] ChargeServiceImpl.java:1671 - 发送充电结束消息：{"alarm":0,"pileNo":"LY0000000001"} ,接收内容：() 
[2019-08-13 14:50:24.271] INFO [pilealarm-schedule-pool-1] MsgPushCustomerExecutor.java:297 - 接收水电桩告警推送消息,接收内容:{"alarm":0,"pileNo":"LY0000000001"}
[2019-08-13 14:50:24.825] INFO [pilealarm-schedule-pool-1] ChargeServiceImpl.java:1671 - 发送充电结束消息：{"alarm":0,"pileNo":"LY0000000001"} ,接收内容：() 
[2019-08-13 14:50:24.826] INFO [pilealarm-schedule-pool-1] MsgPushCustomerExecutor.java:297 - 接收水电桩告警推送消息,接收内容:{"alarm":0,"pileNo":"LY0000000001"}
[2019-08-13 14:50:24.980] INFO [pilealarm-schedule-pool-1] ChargeServiceImpl.java:1671 - 发送充电结束消息：{"alarm":0,"pileNo":"LY0000000001"} ,接收内容：() 
[2019-08-13 14:50:24.981] INFO [pilealarm-schedule-pool-1] MsgPushCustomerExecutor.java:297 - 接收水电桩告警推送消息,接收内容:{"alarm":0,"pileNo":"LY0000000001"}
[2019-08-13 14:50:25.133] INFO [pilealarm-schedule-pool-1] ChargeServiceImpl.java:1671 - 发送充电结束消息：{"alarm":0,"pileNo":"LY0000000001"} ,接收内容：() 
[2019-08-13 14:50:25.134] INFO [pilealarm-schedule-pool-1] MsgPushCustomerExecutor.java:297 - 接收水电桩告警推送消息,接收内容:{"alarm":0,"pileNo":"LY0000000001"}
[2019-08-13 14:50:25.211] INFO [pilealarm-schedule-pool-1] ChargeServiceImpl.java:1671 - 发送充电结束消息：{"alarm":0,"pileNo":"LY0000000001"} ,接收内容：() 
[2019-08-13 14:50:25.212] INFO [pilealarm-schedule-pool-1] MsgPushCustomerExecutor.java:297 - 接收水电桩告警推送消息,接收内容:{"alarm":0,"pileNo":"LY0000000001"}
[2019-08-13 14:50:25.292] INFO [pilealarm-schedule-pool-1] ChargeServiceImpl.java:1671 - 发送充电结束消息：{"alarm":0,"pileNo":"LY0000000001"} ,接收内容：() 
[2019-08-13 14:54:01.635] INFO [http-nio-8080-exec-5] ChargeServiceImpl.java:1047 - 接收开始充电请求：{"cmd":"1","gunNo":"1","pileNo":"LY0000000001","serialNumber":"8924156043"}
[2019-08-13 14:54:02.252] INFO [http-nio-8080-exec-5] ChargeServiceImpl.java:1265 - 流水号 ：008924156043请求充电成功！
[2019-08-13 14:54:16.388] INFO [chargeStart-schedule-pool-1] MsgPushCustomerExecutor.java:131 - 接收充电开始消息,接收内容：{"chargeFlag":1,"readings":2.2100,"gunNo":"1","serialNumber":"008924156043","pileNo":"LY0000000001"}
[2019-08-13 14:54:19.476] INFO [chargeStart-schedule-pool-1] ChargeServiceImpl.java:720 - 发送充电开始消息：{"chargeFlag":1,"readings":2.2100,"gunNo":"1","serialNumber":"008924156043","pileNo":"LY0000000001"} ,返回结果 ：{"error":"","status":0} 
[2019-08-13 14:55:02.566] INFO [chargeOver-schedule-pool-1] MsgPushCustomerExecutor.java:217 - 接收充电结束消息,接收内容:{"serialNumber":"008924156043","gunNo":"1","readings":2.2100,"endDate":"2015-06-15 10:09:34","pileNo":"LY0000000001","startDate":"2015-06-15 10:08:38"}
[2019-08-13 14:55:02.663] INFO [chargeOver-schedule-pool-1] ChargeServiceImpl.java:625 - 发送充电结束消息：{"serialNumber":"008924156043","gunNo":"1","readings":2.2100,"endDate":"2015-06-15 10:09:34","pileNo":"LY0000000001","startDate":"2015-06-15 10:08:38"} ,接收内容：() 
[2019-08-13 14:55:16.681] INFO [scheduling-1] ChargeServiceImpl.java:1588 - 发送水电桩心跳消息：{"temperature":"78.0","humidity":"60.0","pileNo":"LY0000000001","rows":[{"current":0.00,"gunNo":"6","readings":0.0000,"gunType":0,"power":0.000,"time":"","switchState":0,"voltage":0.00},{"current":0.00,"gunNo":"5","readings":0.0000,"gunType":0,"power":0.000,"time":"","switchState":0,"voltage":0.00},{"current":0.00,"gunNo":"4","readings":0.0000,"gunType":0,"power":0.000,"time":"","switchState":0,"voltage":0.00},{"current":0.00,"gunNo":"3","readings":0.0000,"gunType":3,"power":0.000,"time":"2015-06-15 10:06:12","switchState":1,"voltage":0.00},{"current":0.00,"gunNo":"2","readings":0.2300,"gunType":2,"power":0.000,"time":"2015-06-15 10:09:10","switchState":1,"voltage":224.90},{"current":0.12,"gunNo":"1","readings":2.2100,"gunType":2,"power":0.017,"time":"2015-06-15 10:08:38","switchState":0,"voltage":224.40}],"pileStatus":"0"} ,接收内容：() 
[2019-08-13 14:55:28.559] INFO [scheduling-1] ChargeServiceImpl.java:1588 - 发送水电桩心跳消息：{"temperature":"78.0","humidity":"56.0","pileNo":"LY0000000002","rows":[{"current":0.00,"gunNo":"1","readings":14.0900,"gunType":2,"power":0.000,"time":"2019-08-13 14:54:03","switchState":1,"voltage":220.40},{"current":0.00,"gunNo":"3","readings":0.1500,"gunType":3,"power":0.000,"time":"2019-08-13 14:54:03","switchState":1,"voltage":0.00},{"current":0.00,"gunNo":"2","readings":12.8100,"gunType":2,"power":0.000,"time":"2019-08-13 14:54:03","switchState":1,"voltage":220.40}],"pileStatus":"0"} ,接收内容：() 
[2019-08-13 14:58:40.227] INFO [pilealarm-schedule-pool-1] MsgPushCustomerExecutor.java:297 - 接收水电桩告警推送消息,接收内容:{"alarm":4,"pileNo":"LY0000000001"}
[2019-08-13 14:58:40.287] INFO [pilealarm-schedule-pool-1] ChargeServiceImpl.java:1670 - 发送充电结束消息：{"alarm":4,"pileNo":"LY0000000001"} ,接收内容：() 
[2019-08-13 14:59:30.688] INFO [pilealarm-schedule-pool-1] MsgPushCustomerExecutor.java:297 - 接收水电桩告警推送消息,接收内容:{"alarm":8,"pileNo":"LY0000000001"}
[2019-08-13 14:59:47.728] INFO [pilealarm-schedule-pool-1] ChargeServiceImpl.java:1670 - 发送充电结束消息：{"alarm":8,"pileNo":"LY0000000001"} ,接收内容：() 
[2019-08-13 14:59:47.729] INFO [pilealarm-schedule-pool-1] MsgPushCustomerExecutor.java:297 - 接收水电桩告警推送消息,接收内容:{"alarm":9,"pileNo":"LY0000000001"}
[2019-08-13 14:59:48.377] INFO [pilealarm-schedule-pool-1] ChargeServiceImpl.java:1670 - 发送充电结束消息：{"alarm":9,"pileNo":"LY0000000001"} ,接收内容：() 
[2019-08-13 15:02:00.363] INFO [pilealarm-schedule-pool-1] MsgPushCustomerExecutor.java:297 - 接收水电桩告警推送消息,接收内容:{"alarm":4,"pileNo":"LY0000000001"}
[2019-08-13 15:02:00.405] INFO [pilealarm-schedule-pool-1] ChargeServiceImpl.java:1670 - 发送充电结束消息：{"alarm":4,"pileNo":"LY0000000001"} ,接收内容：() 
[2019-08-13 15:02:01.330] INFO [scheduling-1] ChargeServiceImpl.java:1588 - 发送水电桩心跳消息：{"temperature":"78.0","humidity":"60.0","pileNo":"LY0000000001","rows":[{"current":0.00,"gunNo":"6","readings":0.0000,"gunType":0,"power":0.000,"time":"","switchState":0,"voltage":0.00},{"current":0.00,"gunNo":"5","readings":0.0000,"gunType":0,"power":0.000,"time":"","switchState":0,"voltage":0.00},{"current":0.00,"gunNo":"4","readings":0.0000,"gunType":0,"power":0.000,"time":"","switchState":0,"voltage":0.00},{"current":0.00,"gunNo":"3","readings":0.0000,"gunType":3,"power":0.000,"time":"2015-06-15 10:09:22","switchState":1,"voltage":0.00},{"current":0.00,"gunNo":"2","readings":0.2300,"gunType":2,"power":0.000,"time":"2015-06-15 10:09:10","switchState":1,"voltage":224.90},{"current":0.14,"gunNo":"1","readings":2.2100,"gunType":2,"power":0.021,"time":"2015-06-15 10:09:35","switchState":1,"voltage":225.10}],"pileStatus":"0"} ,接收内容：() 
[2019-08-13 15:02:05.097] INFO [scheduling-1] ChargeServiceImpl.java:1588 - 发送水电桩心跳消息：{"temperature":"78.0","humidity":"55.0","pileNo":"LY0000000002","rows":[{"current":0.00,"gunNo":"1","readings":14.0900,"gunType":2,"power":0.000,"time":"2019-08-13 15:00:22","switchState":1,"voltage":219.60},{"current":0.00,"gunNo":"3","readings":0.1500,"gunType":3,"power":0.000,"time":"2019-08-13 15:00:22","switchState":1,"voltage":0.00},{"current":0.00,"gunNo":"2","readings":12.8100,"gunType":2,"power":0.000,"time":"2019-08-13 15:00:22","switchState":1,"voltage":219.60}],"pileStatus":"0"} ,接收内容：() 
[2019-08-13 15:02:46.623] INFO [pilealarm-schedule-pool-1] MsgPushCustomerExecutor.java:297 - 接收水电桩告警推送消息,接收内容:{"alarm":12,"pileNo":"LY0000000001"}
[2019-08-13 15:02:46.672] INFO [pilealarm-schedule-pool-1] ChargeServiceImpl.java:1670 - 发送充电结束消息：{"alarm":12,"pileNo":"LY0000000001"} ,接收内容：() 
[2019-08-13 15:03:23.503] INFO [pilealarm-schedule-pool-1] MsgPushCustomerExecutor.java:297 - 接收水电桩告警推送消息,接收内容:{"alarm":13,"pileNo":"LY0000000001"}
[2019-08-13 15:03:23.550] INFO [pilealarm-schedule-pool-1] ChargeServiceImpl.java:1670 - 发送充电结束消息：{"alarm":13,"pileNo":"LY0000000001"} ,接收内容：() 
[2019-08-13 15:06:21.096] INFO [pilealarm-schedule-pool-1] MsgPushCustomerExecutor.java:297 - 接收水电桩告警推送消息,接收内容:{"alarm":4,"pileNo":"LY0000000001"}
[2019-08-13 15:06:21.529] INFO [pilealarm-schedule-pool-1] ChargeServiceImpl.java:1670 - 发送充电结束消息：{"alarm":4,"pileNo":"LY0000000001"} ,接收内容：() 
[2019-08-13 15:07:52.222] INFO [http-nio-8080-exec-5] ChargeServiceImpl.java:1047 - 接收开始充电请求：{"cmd":"1","gunNo":"1","pileNo":"LY0000000002","serialNumber":"8907177898"}
[2019-08-13 15:07:52.263] INFO [http-nio-8080-exec-5] ChargeServiceImpl.java:1265 - 流水号 ：008907177898请求充电成功！
[2019-08-13 15:07:52.268] INFO [http-nio-8080-exec-7] ChargeServiceImpl.java:1047 - 接收开始充电请求：{"cmd":"1","gunNo":"1","pileNo":"LY0000000002","serialNumber":"8907125678"}
[2019-08-13 15:07:52.277] INFO [http-nio-8080-exec-7] ChargeServiceImpl.java:1265 - 流水号 ：008907125678请求充电成功！
[2019-08-13 15:09:14.257] INFO [http-nio-8080-exec-3] ChargeServiceImpl.java:1047 - 接收开始充电请求：{"pileNo":"LY0000000002","gunNo":"1","serialNumber":"8900000034","cmd":"1"}
[2019-08-13 15:09:14.268] INFO [http-nio-8080-exec-3] ChargeServiceImpl.java:1265 - 流水号 ：008900000034请求充电成功！
[2019-08-13 15:09:42.194] INFO [http-nio-8080-exec-7] ChargeServiceImpl.java:1047 - 接收开始充电请求：{"cmd":"1","gunNo":"1","pileNo":"LY0000000002","serialNumber":"8918224008"}
[2019-08-13 15:09:42.857] INFO [http-nio-8080-exec-7] ChargeServiceImpl.java:1265 - 流水号 ：008918224008请求充电成功！
[2019-08-13 15:09:47.563] INFO [chargeStart-schedule-pool-1] MsgPushCustomerExecutor.java:131 - 接收充电开始消息,接收内容：{"chargeFlag":1,"readings":14.0900,"gunNo":"1","serialNumber":"008918224008","pileNo":"LY0000000002"}
[2019-08-13 15:09:47.920] INFO [chargeStart-schedule-pool-1] ChargeServiceImpl.java:720 - 发送充电开始消息：{"chargeFlag":1,"readings":14.0900,"gunNo":"1","serialNumber":"008918224008","pileNo":"LY0000000002"} ,返回结果 ：{"error":"","status":0} 
[2019-08-13 15:10:18.328] INFO [scheduling-1] ChargeServiceImpl.java:1588 - 发送水电桩心跳消息：{"temperature":"78.0","humidity":"60.0","pileNo":"LY0000000001","rows":[{"current":0.00,"gunNo":"6","readings":0.0000,"gunType":0,"power":0.000,"time":"","switchState":0,"voltage":0.00},{"current":0.00,"gunNo":"5","readings":0.0000,"gunType":0,"power":0.000,"time":"","switchState":0,"voltage":0.00},{"current":0.00,"gunNo":"4","readings":0.0000,"gunType":0,"power":0.000,"time":"","switchState":0,"voltage":0.00},{"current":0.00,"gunNo":"3","readings":0.0000,"gunType":3,"power":0.000,"time":"2015-06-15 10:23:27","switchState":1,"voltage":0.00},{"current":0.00,"gunNo":"2","readings":0.2300,"gunType":2,"power":0.000,"time":"2015-06-15 10:23:27","switchState":1,"voltage":223.10},{"current":0.12,"gunNo":"1","readings":2.2200,"gunType":2,"power":0.017,"time":"2015-06-15 10:23:27","switchState":1,"voltage":223.00}],"pileStatus":"0"} ,接收内容：() 
[2019-08-13 15:10:20.380] INFO [scheduling-1] ChargeServiceImpl.java:1588 - 发送水电桩心跳消息：{"temperature":"78.0","humidity":"54.0","pileNo":"LY0000000002","rows":[{"current":0.00,"gunNo":"1","readings":14.0900,"gunType":2,"power":0.000,"time":"2019-08-13 15:09:45","switchState":0,"voltage":219.50},{"current":0.00,"gunNo":"3","readings":0.1500,"gunType":3,"power":0.000,"time":"2019-08-13 15:09:52","switchState":1,"voltage":0.00},{"current":0.00,"gunNo":"2","readings":12.8100,"gunType":2,"power":0.000,"time":"2019-08-13 15:09:52","switchState":1,"voltage":216.00}],"pileStatus":"0"} ,接收内容：() 
[2019-08-13 15:10:44.445] INFO [http-nio-8080-exec-6] ChargeServiceImpl.java:1047 - 接收开始充电请求：{"cmd":"2","gunNo":"1","pileNo":"LY0000000002","serialNumber":"8918224008"}
[2019-08-13 15:10:44.446] INFO [http-nio-8080-exec-6] ChargeServiceImpl.java:1067 - 接收充电结束请求：{"gunNo":"1","serialNumber":"8918224008","pileNo":"LY0000000002","cmd":"2"}
[2019-08-13 15:10:44.975] INFO [http-nio-8080-exec-6] ChargeServiceImpl.java:1145 - 流水号：008918224008请求结束充电成功
[2019-08-13 15:10:48.524] INFO [chargeOver-schedule-pool-1] MsgPushCustomerExecutor.java:217 - 接收充电结束消息,接收内容:{"serialNumber":"008918224008","gunNo":"1","readings":14.1000,"endDate":"2019-08-13 15:10:45","pileNo":"LY0000000002","startDate":"2019-08-13 15:09:45"}
[2019-08-13 15:10:48.628] INFO [chargeOver-schedule-pool-1] ChargeServiceImpl.java:625 - 发送充电结束消息：{"serialNumber":"008918224008","gunNo":"1","readings":14.1000,"endDate":"2019-08-13 15:10:45","pileNo":"LY0000000002","startDate":"2019-08-13 15:09:45"} ,接收内容：() 
[2019-08-13 15:15:24.956] INFO [scheduling-1] ChargeServiceImpl.java:1588 - 发送水电桩心跳消息：{"temperature":"78.0","humidity":"59.0","pileNo":"LY0000000001","rows":[{"current":0.00,"gunNo":"6","readings":0.0000,"gunType":0,"power":0.000,"time":"","switchState":0,"voltage":0.00},{"current":0.00,"gunNo":"5","readings":0.0000,"gunType":0,"power":0.000,"time":"","switchState":0,"voltage":0.00},{"current":0.00,"gunNo":"4","readings":0.0000,"gunType":0,"power":0.000,"time":"","switchState":0,"voltage":0.00},{"current":0.00,"gunNo":"3","readings":0.0000,"gunType":3,"power":0.000,"time":"2015-06-15 10:26:36","switchState":1,"voltage":0.00},{"current":0.00,"gunNo":"2","readings":0.2300,"gunType":2,"power":0.000,"time":"2015-06-15 10:26:36","switchState":1,"voltage":223.00},{"current":0.12,"gunNo":"1","readings":2.2200,"gunType":2,"power":0.017,"time":"2015-06-15 10:26:36","switchState":1,"voltage":222.80}],"pileStatus":"0"} ,接收内容：() 
[2019-08-13 15:25:18.978] INFO [scheduling-1] ChargeServiceImpl.java:1588 - 发送水电桩心跳消息：{"temperature":78,"humidity":59,"pileNo":"LY0000000001","rows":[{"current":0.00,"gunNo":"6","readings":0.0000,"gunType":0,"power":0.000,"time":"","switchState":0,"voltage":0.00},{"current":0.00,"gunNo":"5","readings":0.0000,"gunType":0,"power":0.000,"time":"","switchState":0,"voltage":0.00},{"current":0.00,"gunNo":"4","readings":0.0000,"gunType":0,"power":0.000,"time":"","switchState":0,"voltage":0.00},{"current":0.00,"gunNo":"3","readings":0.0000,"gunType":3,"power":0.000,"time":"2015-06-15 10:39:16","switchState":1,"voltage":0.00},{"current":0.00,"gunNo":"2","readings":0.2300,"gunType":2,"power":0.000,"time":"2015-06-15 10:39:16","switchState":1,"voltage":223.60},{"current":0.12,"gunNo":"1","readings":2.2200,"gunType":2,"power":0.017,"time":"2015-06-15 10:39:16","switchState":1,"voltage":223.50}],"pileStatus":"0"} ,接收内容：() 
[2019-08-13 15:25:24.428] INFO [scheduling-1] ChargeServiceImpl.java:1588 - 发送水电桩心跳消息：{"temperature":79,"humidity":53,"pileNo":"LY0000000002","rows":[{"current":0.00,"gunNo":"1","readings":14.1000,"gunType":2,"power":0.000,"time":"2019-08-13 15:23:25","switchState":1,"voltage":220.00},{"current":0.00,"gunNo":"3","readings":0.1500,"gunType":3,"power":0.000,"time":"2019-08-13 15:22:31","switchState":1,"voltage":0.00},{"current":0.00,"gunNo":"2","readings":12.8100,"gunType":2,"power":0.000,"time":"2019-08-13 15:22:31","switchState":1,"voltage":219.80}],"pileStatus":"0"} ,接收内容：() 
