[2019-08-13 09:55:09.634] INFO [main] RepositoryConfigurationDelegate.java:244 - Multiple Spring Data modules found, entering strict repository configuration mode!
[2019-08-13 09:55:09.664] INFO [main] RepositoryConfigurationDelegate.java:126 - Bootstrapping Spring Data repositories in DEFAULT mode.
[2019-08-13 09:55:09.819] INFO [main] RepositoryConfigurationDelegate.java:182 - Finished Spring Data repository scanning in 118ms. Found 0 repository interfaces.
[2019-08-13 09:55:10.800] INFO [main] PostProcessorRegistrationDelegate.java:330 - Bean 'druidConfig' of type [com.ke.configuration.DruidConfig$$EnhancerBySpringCGLIB$$6901ef8] is not eligible for getting processed by all BeanPostProcessors (for example: not eligible for auto-proxying)
[2019-08-13 09:55:10.821] INFO [main] PostProcessorRegistrationDelegate.java:330 - Bean 'org.springframework.transaction.annotation.ProxyTransactionManagementConfiguration' of type [org.springframework.transaction.annotation.ProxyTransactionManagementConfiguration$$EnhancerBySpringCGLIB$$d96c286e] is not eligible for getting processed by all BeanPostProcessors (for example: not eligible for auto-proxying)
[2019-08-13 09:55:11.073] INFO [main] PostProcessorRegistrationDelegate.java:330 - Bean 'druidDataSource' of type [com.alibaba.druid.pool.DruidDataSource] is not eligible for getting processed by all BeanPostProcessors (for example: not eligible for auto-proxying)
[2019-08-13 09:55:11.157] INFO [main] PostProcessorRegistrationDelegate.java:330 - Bean 'spring.datasource-org.springframework.boot.autoconfigure.jdbc.DataSourceProperties' of type [org.springframework.boot.autoconfigure.jdbc.DataSourceProperties] is not eligible for getting processed by all BeanPostProcessors (for example: not eligible for auto-proxying)
[2019-08-13 09:55:11.168] INFO [main] PostProcessorRegistrationDelegate.java:330 - Bean 'org.springframework.boot.autoconfigure.jdbc.DataSourceInitializerInvoker' of type [org.springframework.boot.autoconfigure.jdbc.DataSourceInitializerInvoker] is not eligible for getting processed by all BeanPostProcessors (for example: not eligible for auto-proxying)
[2019-08-13 09:55:11.389] INFO [main] DruidConfig.java:159 - dao层扫描包为:com/ke/mapper/*/*.xml
[2019-08-13 09:55:11.730] INFO [main] PostProcessorRegistrationDelegate.java:330 - Bean 'sqlSessionFactory' of type [org.apache.ibatis.session.defaults.DefaultSqlSessionFactory] is not eligible for getting processed by all BeanPostProcessors (for example: not eligible for auto-proxying)
[2019-08-13 09:55:11.741] INFO [main] PostProcessorRegistrationDelegate.java:330 - Bean 'mybatis-org.mybatis.spring.boot.autoconfigure.MybatisProperties' of type [org.mybatis.spring.boot.autoconfigure.MybatisProperties] is not eligible for getting processed by all BeanPostProcessors (for example: not eligible for auto-proxying)
[2019-08-13 09:55:11.754] INFO [main] PostProcessorRegistrationDelegate.java:330 - Bean 'org.mybatis.spring.boot.autoconfigure.MybatisAutoConfiguration' of type [org.mybatis.spring.boot.autoconfigure.MybatisAutoConfiguration$$EnhancerBySpringCGLIB$$c40799e] is not eligible for getting processed by all BeanPostProcessors (for example: not eligible for auto-proxying)
[2019-08-13 09:55:11.774] INFO [main] PostProcessorRegistrationDelegate.java:330 - Bean 'sqlSessionTemplate' of type [org.mybatis.spring.SqlSessionTemplate] is not eligible for getting processed by all BeanPostProcessors (for example: not eligible for auto-proxying)
[2019-08-13 09:55:12.182] INFO [main] PostProcessorRegistrationDelegate.java:330 - Bean 'shiroMapper' of type [org.mybatis.spring.mapper.MapperFactoryBean] is not eligible for getting processed by all BeanPostProcessors (for example: not eligible for auto-proxying)
[2019-08-13 09:55:12.186] INFO [main] PostProcessorRegistrationDelegate.java:330 - Bean 'shiroMapper' of type [com.sun.proxy.$Proxy58] is not eligible for getting processed by all BeanPostProcessors (for example: not eligible for auto-proxying)
[2019-08-13 09:55:12.188] INFO [main] PostProcessorRegistrationDelegate.java:330 - Bean 'shiroConfiguration' of type [com.ke.configuration.ShiroConfiguration$$EnhancerBySpringCGLIB$$93dadf17] is not eligible for getting processed by all BeanPostProcessors (for example: not eligible for auto-proxying)
[2019-08-13 09:55:13.814] INFO [main] PostProcessorRegistrationDelegate.java:330 - Bean 'shiroServiceImpl' of type [com.ke.serviceimpl.ShiroServiceImpl] is not eligible for getting processed by all BeanPostProcessors (for example: not eligible for auto-proxying)
[2019-08-13 09:55:13.816] INFO [main] PostProcessorRegistrationDelegate.java:330 - Bean 'myShiroRealm' of type [com.ke.shiro.MyShiroRealm] is not eligible for getting processed by all BeanPostProcessors (for example: not eligible for auto-proxying)
[2019-08-13 09:55:13.825] INFO [main] PostProcessorRegistrationDelegate.java:330 - Bean 'redisSessionDao' of type [com.ke.shiro.RedisSessionDao] is not eligible for getting processed by all BeanPostProcessors (for example: not eligible for auto-proxying)
[2019-08-13 09:55:13.833] INFO [main] PostProcessorRegistrationDelegate.java:330 - Bean 'customSessionManager' of type [com.ke.shiro.CustomSessionManager] is not eligible for getting processed by all BeanPostProcessors (for example: not eligible for auto-proxying)
[2019-08-13 09:55:13.839] INFO [main] PostProcessorRegistrationDelegate.java:330 - Bean 'redisCache' of type [com.ke.shiro.RedisCache] is not eligible for getting processed by all BeanPostProcessors (for example: not eligible for auto-proxying)
[2019-08-13 09:55:13.840] INFO [main] PostProcessorRegistrationDelegate.java:330 - Bean 'redisCacheManager' of type [com.ke.shiro.RedisCacheManager] is not eligible for getting processed by all BeanPostProcessors (for example: not eligible for auto-proxying)
[2019-08-13 09:55:13.845] INFO [main] PostProcessorRegistrationDelegate.java:330 - Bean 'securityManager' of type [org.apache.shiro.web.mgt.DefaultWebSecurityManager] is not eligible for getting processed by all BeanPostProcessors (for example: not eligible for auto-proxying)
[2019-08-13 09:55:13.860] INFO [main] PostProcessorRegistrationDelegate.java:330 - Bean 'myShiroPermFilter' of type [com.ke.shiro.MyShiroPermFilter] is not eligible for getting processed by all BeanPostProcessors (for example: not eligible for auto-proxying)
[2019-08-13 09:55:14.471] INFO [main] DruidDataSource.java:947 - {dataSource-1} inited
[2019-08-13 09:55:15.566] INFO [main] TomcatWebServer.java:90 - Tomcat initialized with port(s): 8080 (http)
[2019-08-13 09:55:15.610] INFO [main] DirectJDKLog.java:173 - Initializing ProtocolHandler ["http-nio-8080"]
[2019-08-13 09:55:15.646] INFO [main] DirectJDKLog.java:173 - Starting service [Tomcat]
[2019-08-13 09:55:15.646] INFO [main] DirectJDKLog.java:173 - Starting Servlet Engine: Apache Tomcat/9.0.13
[2019-08-13 09:55:15.679] INFO [main] DirectJDKLog.java:173 - The APR based Apache Tomcat Native library which allows optimal performance in production environments was not found on the java.library.path: [C:\Program Files\Java\jdk1.8.0_111\bin;C:\Windows\Sun\Java\bin;C:\Windows\system32;C:\Windows;C:/Program Files/Java/jre1.8.0_211/bin/server;C:/Program Files/Java/jre1.8.0_211/bin;C:/Program Files/Java/jre1.8.0_211/lib/amd64;C:\Program Files (x86)\Common Files\Oracle\Java\javapath;C:\ProgramData\Oracle\Java\javapath;C:\Windows\system32;C:\Windows;C:\Windows\System32\Wbem;C:\Windows\System32\WindowsPowerShell\v1.0\;C:\Windows\System32\WindowsPowerShell\v1.0\;C:\mysql-5.6.22-winx64\bin;C:\ke-s6700\dll;C:\ke-s6700\prog;C:\Program Files\Java\jdk1.8.0_111\bin;C:\OpenSSL-Win64\bin;C:\Program Files\Git\cmd;C:\Charging_Pile_Platform\dll;C:\Charging_Pile_Platform\prog;C:\eclipse;;.]
[2019-08-13 09:55:16.245] INFO [main] DirectJDKLog.java:173 - At least one JAR was scanned for TLDs yet contained no TLDs. Enable debug logging for this logger for a complete list of JARs that were scanned but no TLDs were found in them. Skipping unneeded JARs during scanning can improve startup time and JSP compilation time.
[2019-08-13 09:55:16.255] INFO [main] DirectJDKLog.java:173 - Initializing Spring embedded WebApplicationContext
[2019-08-13 09:55:16.256] INFO [main] ServletWebServerApplicationContext.java:296 - Root WebApplicationContext: initialization completed in 8763 ms
[2019-08-13 09:55:16.346] INFO [main] DynamicRegistrationBean.java:111 - Servlet dispatcherServlet was not registered (possibly already registered?)
[2019-08-13 09:55:19.518] INFO [main] ExecutorConfigurationSupport.java:171 - Initializing ExecutorService 'taskScheduler'
[2019-08-13 09:55:19.674] INFO [main] DirectJDKLog.java:173 - Starting ProtocolHandler ["http-nio-8080"]
[2019-08-13 09:55:19.689] INFO [main] DirectJDKLog.java:173 - Using a shared selector for servlet write/read
[2019-08-13 09:55:19.758] INFO [main] TomcatWebServer.java:204 - Tomcat started on port(s): 8080 (http) with context path '/kecharge'
[2019-08-13 11:53:49.572] INFO [main] RepositoryConfigurationDelegate.java:244 - Multiple Spring Data modules found, entering strict repository configuration mode!
[2019-08-13 11:53:49.590] INFO [main] RepositoryConfigurationDelegate.java:126 - Bootstrapping Spring Data repositories in DEFAULT mode.
[2019-08-13 11:53:49.703] INFO [main] RepositoryConfigurationDelegate.java:182 - Finished Spring Data repository scanning in 67ms. Found 0 repository interfaces.
[2019-08-13 11:53:50.729] INFO [main] PostProcessorRegistrationDelegate.java:330 - Bean 'druidConfig' of type [com.ke.configuration.DruidConfig$$EnhancerBySpringCGLIB$$598460b4] is not eligible for getting processed by all BeanPostProcessors (for example: not eligible for auto-proxying)
[2019-08-13 11:53:50.749] INFO [main] PostProcessorRegistrationDelegate.java:330 - Bean 'org.springframework.transaction.annotation.ProxyTransactionManagementConfiguration' of type [org.springframework.transaction.annotation.ProxyTransactionManagementConfiguration$$EnhancerBySpringCGLIB$$2c606a2a] is not eligible for getting processed by all BeanPostProcessors (for example: not eligible for auto-proxying)
[2019-08-13 11:53:50.980] INFO [main] PostProcessorRegistrationDelegate.java:330 - Bean 'druidDataSource' of type [com.alibaba.druid.pool.DruidDataSource] is not eligible for getting processed by all BeanPostProcessors (for example: not eligible for auto-proxying)
[2019-08-13 11:53:51.050] INFO [main] PostProcessorRegistrationDelegate.java:330 - Bean 'spring.datasource-org.springframework.boot.autoconfigure.jdbc.DataSourceProperties' of type [org.springframework.boot.autoconfigure.jdbc.DataSourceProperties] is not eligible for getting processed by all BeanPostProcessors (for example: not eligible for auto-proxying)
[2019-08-13 11:53:51.060] INFO [main] PostProcessorRegistrationDelegate.java:330 - Bean 'org.springframework.boot.autoconfigure.jdbc.DataSourceInitializerInvoker' of type [org.springframework.boot.autoconfigure.jdbc.DataSourceInitializerInvoker] is not eligible for getting processed by all BeanPostProcessors (for example: not eligible for auto-proxying)
[2019-08-13 11:53:51.098] INFO [main] DruidConfig.java:159 - dao层扫描包为:com/ke/mapper/*/*.xml
[2019-08-13 11:53:51.209] INFO [main] PostProcessorRegistrationDelegate.java:330 - Bean 'sqlSessionFactory' of type [org.apache.ibatis.session.defaults.DefaultSqlSessionFactory] is not eligible for getting processed by all BeanPostProcessors (for example: not eligible for auto-proxying)
[2019-08-13 11:53:51.226] INFO [main] PostProcessorRegistrationDelegate.java:330 - Bean 'mybatis-org.mybatis.spring.boot.autoconfigure.MybatisProperties' of type [org.mybatis.spring.boot.autoconfigure.MybatisProperties] is not eligible for getting processed by all BeanPostProcessors (for example: not eligible for auto-proxying)
[2019-08-13 11:53:51.236] INFO [main] PostProcessorRegistrationDelegate.java:330 - Bean 'org.mybatis.spring.boot.autoconfigure.MybatisAutoConfiguration' of type [org.mybatis.spring.boot.autoconfigure.MybatisAutoConfiguration$$EnhancerBySpringCGLIB$$5f34bb5a] is not eligible for getting processed by all BeanPostProcessors (for example: not eligible for auto-proxying)
[2019-08-13 11:53:51.259] INFO [main] PostProcessorRegistrationDelegate.java:330 - Bean 'sqlSessionTemplate' of type [org.mybatis.spring.SqlSessionTemplate] is not eligible for getting processed by all BeanPostProcessors (for example: not eligible for auto-proxying)
[2019-08-13 11:53:51.655] INFO [main] PostProcessorRegistrationDelegate.java:330 - Bean 'shiroMapper' of type [org.mybatis.spring.mapper.MapperFactoryBean] is not eligible for getting processed by all BeanPostProcessors (for example: not eligible for auto-proxying)
[2019-08-13 11:53:51.658] INFO [main] PostProcessorRegistrationDelegate.java:330 - Bean 'shiroMapper' of type [com.sun.proxy.$Proxy58] is not eligible for getting processed by all BeanPostProcessors (for example: not eligible for auto-proxying)
[2019-08-13 11:53:51.660] INFO [main] PostProcessorRegistrationDelegate.java:330 - Bean 'shiroConfiguration' of type [com.ke.configuration.ShiroConfiguration$$EnhancerBySpringCGLIB$$e6cf20d3] is not eligible for getting processed by all BeanPostProcessors (for example: not eligible for auto-proxying)
[2019-08-13 11:53:52.136] INFO [main] PostProcessorRegistrationDelegate.java:330 - Bean 'shiroServiceImpl' of type [com.ke.serviceimpl.ShiroServiceImpl] is not eligible for getting processed by all BeanPostProcessors (for example: not eligible for auto-proxying)
[2019-08-13 11:53:52.138] INFO [main] PostProcessorRegistrationDelegate.java:330 - Bean 'myShiroRealm' of type [com.ke.shiro.MyShiroRealm] is not eligible for getting processed by all BeanPostProcessors (for example: not eligible for auto-proxying)
[2019-08-13 11:53:52.142] INFO [main] PostProcessorRegistrationDelegate.java:330 - Bean 'redisSessionDao' of type [com.ke.shiro.RedisSessionDao] is not eligible for getting processed by all BeanPostProcessors (for example: not eligible for auto-proxying)
[2019-08-13 11:53:52.148] INFO [main] PostProcessorRegistrationDelegate.java:330 - Bean 'customSessionManager' of type [com.ke.shiro.CustomSessionManager] is not eligible for getting processed by all BeanPostProcessors (for example: not eligible for auto-proxying)
[2019-08-13 11:53:52.153] INFO [main] PostProcessorRegistrationDelegate.java:330 - Bean 'redisCache' of type [com.ke.shiro.RedisCache] is not eligible for getting processed by all BeanPostProcessors (for example: not eligible for auto-proxying)
[2019-08-13 11:53:52.154] INFO [main] PostProcessorRegistrationDelegate.java:330 - Bean 'redisCacheManager' of type [com.ke.shiro.RedisCacheManager] is not eligible for getting processed by all BeanPostProcessors (for example: not eligible for auto-proxying)
[2019-08-13 11:53:52.157] INFO [main] PostProcessorRegistrationDelegate.java:330 - Bean 'securityManager' of type [org.apache.shiro.web.mgt.DefaultWebSecurityManager] is not eligible for getting processed by all BeanPostProcessors (for example: not eligible for auto-proxying)
[2019-08-13 11:53:52.170] INFO [main] PostProcessorRegistrationDelegate.java:330 - Bean 'myShiroPermFilter' of type [com.ke.shiro.MyShiroPermFilter] is not eligible for getting processed by all BeanPostProcessors (for example: not eligible for auto-proxying)
[2019-08-13 11:53:52.744] INFO [main] DruidDataSource.java:947 - {dataSource-1} inited
[2019-08-13 11:53:53.710] INFO [main] TomcatWebServer.java:90 - Tomcat initialized with port(s): 8080 (http)
[2019-08-13 11:53:53.745] INFO [main] DirectJDKLog.java:173 - Initializing ProtocolHandler ["http-nio-8080"]
[2019-08-13 11:53:53.759] INFO [main] DirectJDKLog.java:173 - Starting service [Tomcat]
[2019-08-13 11:53:53.760] INFO [main] DirectJDKLog.java:173 - Starting Servlet Engine: Apache Tomcat/9.0.13
[2019-08-13 11:53:53.789] INFO [main] DirectJDKLog.java:173 - The APR based Apache Tomcat Native library which allows optimal performance in production environments was not found on the java.library.path: [C:\Program Files\Java\jdk1.8.0_111\bin;C:\Windows\Sun\Java\bin;C:\Windows\system32;C:\Windows;C:\Program Files\Java\jdk1.8.0_111\jre\bin;C:/Program Files/Java/jre1.8.0_211/bin/server;C:/Program Files/Java/jre1.8.0_211/bin;C:/Program Files/Java/jre1.8.0_211/lib/amd64;C:\Program Files (x86)\Common Files\Oracle\Java\javapath;C:\ProgramData\Oracle\Java\javapath;C:\Windows\system32;C:\Windows;C:\Windows\System32\Wbem;C:\Windows\System32\WindowsPowerShell\v1.0\;C:\Windows\System32\WindowsPowerShell\v1.0\;C:\mysql-5.6.22-winx64\bin;C:\ke-s6700\dll;C:\ke-s6700\prog;C:\Program Files\Java\jdk1.8.0_111\bin;C:\OpenSSL-Win64\bin;C:\Program Files\Git\cmd;C:\Charging_Pile_Platform\dll;C:\Charging_Pile_Platform\prog;C:\eclipse;;.]
[2019-08-13 11:53:54.331] INFO [main] DirectJDKLog.java:173 - At least one JAR was scanned for TLDs yet contained no TLDs. Enable debug logging for this logger for a complete list of JARs that were scanned but no TLDs were found in them. Skipping unneeded JARs during scanning can improve startup time and JSP compilation time.
[2019-08-13 11:53:54.338] INFO [main] DirectJDKLog.java:173 - Initializing Spring embedded WebApplicationContext
[2019-08-13 11:53:54.339] INFO [main] ServletWebServerApplicationContext.java:296 - Root WebApplicationContext: initialization completed in 6984 ms
[2019-08-13 11:53:54.417] INFO [main] DynamicRegistrationBean.java:111 - Servlet dispatcherServlet was not registered (possibly already registered?)
[2019-08-13 11:53:58.612] INFO [main] ExecutorConfigurationSupport.java:171 - Initializing ExecutorService 'taskScheduler'
[2019-08-13 11:53:58.789] INFO [main] DirectJDKLog.java:173 - Starting ProtocolHandler ["http-nio-8080"]
[2019-08-13 11:53:58.791] INFO [main] DirectJDKLog.java:173 - Using a shared selector for servlet write/read
[2019-08-13 11:53:58.847] INFO [main] TomcatWebServer.java:204 - Tomcat started on port(s): 8080 (http) with context path '/kecharge'
[2019-08-13 11:54:06.947] INFO [http-nio-8080-exec-1] AbstractValidatingSessionManager.java:233 - Enabling session validation scheduler...
[2019-08-13 11:54:08.779] INFO [http-nio-8080-exec-5] DirectJDKLog.java:173 - Initializing Spring DispatcherServlet 'dispatcherServlet'
[2019-08-13 11:54:08.779] INFO [http-nio-8080-exec-5] FrameworkServlet.java:524 - Initializing Servlet 'dispatcherServlet'
[2019-08-13 11:54:08.803] INFO [http-nio-8080-exec-5] FrameworkServlet.java:546 - Completed initialization in 24 ms
[2019-08-13 11:56:42.721] INFO [main] RepositoryConfigurationDelegate.java:244 - Multiple Spring Data modules found, entering strict repository configuration mode!
[2019-08-13 11:56:42.741] INFO [main] RepositoryConfigurationDelegate.java:126 - Bootstrapping Spring Data repositories in DEFAULT mode.
[2019-08-13 11:56:42.825] INFO [main] RepositoryConfigurationDelegate.java:182 - Finished Spring Data repository scanning in 58ms. Found 0 repository interfaces.
[2019-08-13 11:56:43.547] INFO [main] PostProcessorRegistrationDelegate.java:330 - Bean 'druidConfig' of type [com.ke.configuration.DruidConfig$$EnhancerBySpringCGLIB$$4cf81b9] is not eligible for getting processed by all BeanPostProcessors (for example: not eligible for auto-proxying)
[2019-08-13 11:56:43.572] INFO [main] PostProcessorRegistrationDelegate.java:330 - Bean 'org.springframework.transaction.annotation.ProxyTransactionManagementConfiguration' of type [org.springframework.transaction.annotation.ProxyTransactionManagementConfiguration$$EnhancerBySpringCGLIB$$d7ab8b2f] is not eligible for getting processed by all BeanPostProcessors (for example: not eligible for auto-proxying)
[2019-08-13 11:56:43.771] INFO [main] PostProcessorRegistrationDelegate.java:330 - Bean 'druidDataSource' of type [com.alibaba.druid.pool.DruidDataSource] is not eligible for getting processed by all BeanPostProcessors (for example: not eligible for auto-proxying)
[2019-08-13 11:56:43.838] INFO [main] PostProcessorRegistrationDelegate.java:330 - Bean 'spring.datasource-org.springframework.boot.autoconfigure.jdbc.DataSourceProperties' of type [org.springframework.boot.autoconfigure.jdbc.DataSourceProperties] is not eligible for getting processed by all BeanPostProcessors (for example: not eligible for auto-proxying)
[2019-08-13 11:56:43.847] INFO [main] PostProcessorRegistrationDelegate.java:330 - Bean 'org.springframework.boot.autoconfigure.jdbc.DataSourceInitializerInvoker' of type [org.springframework.boot.autoconfigure.jdbc.DataSourceInitializerInvoker] is not eligible for getting processed by all BeanPostProcessors (for example: not eligible for auto-proxying)
[2019-08-13 11:56:43.883] INFO [main] DruidConfig.java:159 - dao层扫描包为:com/ke/mapper/*/*.xml
[2019-08-13 11:56:43.981] INFO [main] PostProcessorRegistrationDelegate.java:330 - Bean 'sqlSessionFactory' of type [org.apache.ibatis.session.defaults.DefaultSqlSessionFactory] is not eligible for getting processed by all BeanPostProcessors (for example: not eligible for auto-proxying)
[2019-08-13 11:56:43.992] INFO [main] PostProcessorRegistrationDelegate.java:330 - Bean 'mybatis-org.mybatis.spring.boot.autoconfigure.MybatisProperties' of type [org.mybatis.spring.boot.autoconfigure.MybatisProperties] is not eligible for getting processed by all BeanPostProcessors (for example: not eligible for auto-proxying)
[2019-08-13 11:56:44.001] INFO [main] PostProcessorRegistrationDelegate.java:330 - Bean 'org.mybatis.spring.boot.autoconfigure.MybatisAutoConfiguration' of type [org.mybatis.spring.boot.autoconfigure.MybatisAutoConfiguration$$EnhancerBySpringCGLIB$$a7fdc5f] is not eligible for getting processed by all BeanPostProcessors (for example: not eligible for auto-proxying)
[2019-08-13 11:56:44.034] INFO [main] PostProcessorRegistrationDelegate.java:330 - Bean 'sqlSessionTemplate' of type [org.mybatis.spring.SqlSessionTemplate] is not eligible for getting processed by all BeanPostProcessors (for example: not eligible for auto-proxying)
[2019-08-13 11:56:44.353] INFO [main] PostProcessorRegistrationDelegate.java:330 - Bean 'shiroMapper' of type [org.mybatis.spring.mapper.MapperFactoryBean] is not eligible for getting processed by all BeanPostProcessors (for example: not eligible for auto-proxying)
[2019-08-13 11:56:44.360] INFO [main] PostProcessorRegistrationDelegate.java:330 - Bean 'shiroMapper' of type [com.sun.proxy.$Proxy58] is not eligible for getting processed by all BeanPostProcessors (for example: not eligible for auto-proxying)
[2019-08-13 11:56:44.362] INFO [main] PostProcessorRegistrationDelegate.java:330 - Bean 'shiroConfiguration' of type [com.ke.configuration.ShiroConfiguration$$EnhancerBySpringCGLIB$$921a41d8] is not eligible for getting processed by all BeanPostProcessors (for example: not eligible for auto-proxying)
[2019-08-13 11:56:44.867] INFO [main] PostProcessorRegistrationDelegate.java:330 - Bean 'shiroServiceImpl' of type [com.ke.serviceimpl.ShiroServiceImpl] is not eligible for getting processed by all BeanPostProcessors (for example: not eligible for auto-proxying)
[2019-08-13 11:56:44.870] INFO [main] PostProcessorRegistrationDelegate.java:330 - Bean 'myShiroRealm' of type [com.ke.shiro.MyShiroRealm] is not eligible for getting processed by all BeanPostProcessors (for example: not eligible for auto-proxying)
[2019-08-13 11:56:44.878] INFO [main] PostProcessorRegistrationDelegate.java:330 - Bean 'redisSessionDao' of type [com.ke.shiro.RedisSessionDao] is not eligible for getting processed by all BeanPostProcessors (for example: not eligible for auto-proxying)
[2019-08-13 11:56:44.887] INFO [main] PostProcessorRegistrationDelegate.java:330 - Bean 'customSessionManager' of type [com.ke.shiro.CustomSessionManager] is not eligible for getting processed by all BeanPostProcessors (for example: not eligible for auto-proxying)
[2019-08-13 11:56:44.891] INFO [main] PostProcessorRegistrationDelegate.java:330 - Bean 'redisCache' of type [com.ke.shiro.RedisCache] is not eligible for getting processed by all BeanPostProcessors (for example: not eligible for auto-proxying)
[2019-08-13 11:56:44.892] INFO [main] PostProcessorRegistrationDelegate.java:330 - Bean 'redisCacheManager' of type [com.ke.shiro.RedisCacheManager] is not eligible for getting processed by all BeanPostProcessors (for example: not eligible for auto-proxying)
[2019-08-13 11:56:44.895] INFO [main] PostProcessorRegistrationDelegate.java:330 - Bean 'securityManager' of type [org.apache.shiro.web.mgt.DefaultWebSecurityManager] is not eligible for getting processed by all BeanPostProcessors (for example: not eligible for auto-proxying)
[2019-08-13 11:56:44.907] INFO [main] PostProcessorRegistrationDelegate.java:330 - Bean 'myShiroPermFilter' of type [com.ke.shiro.MyShiroPermFilter] is not eligible for getting processed by all BeanPostProcessors (for example: not eligible for auto-proxying)
[2019-08-13 11:56:45.417] INFO [main] DruidDataSource.java:947 - {dataSource-1} inited
[2019-08-13 11:56:46.403] INFO [main] TomcatWebServer.java:90 - Tomcat initialized with port(s): 8080 (http)
[2019-08-13 11:56:46.431] INFO [main] DirectJDKLog.java:173 - Initializing ProtocolHandler ["http-nio-8080"]
[2019-08-13 11:56:46.455] INFO [main] DirectJDKLog.java:173 - Starting service [Tomcat]
[2019-08-13 11:56:46.455] INFO [main] DirectJDKLog.java:173 - Starting Servlet Engine: Apache Tomcat/9.0.13
[2019-08-13 11:56:46.476] INFO [main] DirectJDKLog.java:173 - The APR based Apache Tomcat Native library which allows optimal performance in production environments was not found on the java.library.path: [C:\Program Files\Java\jdk1.8.0_111\bin;C:\Windows\Sun\Java\bin;C:\Windows\system32;C:\Windows;C:\Program Files\Java\jdk1.8.0_111\jre\bin;C:/Program Files/Java/jre1.8.0_211/bin/server;C:/Program Files/Java/jre1.8.0_211/bin;C:/Program Files/Java/jre1.8.0_211/lib/amd64;C:\Program Files (x86)\Common Files\Oracle\Java\javapath;C:\ProgramData\Oracle\Java\javapath;C:\Windows\system32;C:\Windows;C:\Windows\System32\Wbem;C:\Windows\System32\WindowsPowerShell\v1.0\;C:\Windows\System32\WindowsPowerShell\v1.0\;C:\mysql-5.6.22-winx64\bin;C:\ke-s6700\dll;C:\ke-s6700\prog;C:\Program Files\Java\jdk1.8.0_111\bin;C:\OpenSSL-Win64\bin;C:\Program Files\Git\cmd;C:\Charging_Pile_Platform\dll;C:\Charging_Pile_Platform\prog;C:\eclipse;;.]
[2019-08-13 11:56:47.001] INFO [main] DirectJDKLog.java:173 - At least one JAR was scanned for TLDs yet contained no TLDs. Enable debug logging for this logger for a complete list of JARs that were scanned but no TLDs were found in them. Skipping unneeded JARs during scanning can improve startup time and JSP compilation time.
[2019-08-13 11:56:47.009] INFO [main] DirectJDKLog.java:173 - Initializing Spring embedded WebApplicationContext
[2019-08-13 11:56:47.010] INFO [main] ServletWebServerApplicationContext.java:296 - Root WebApplicationContext: initialization completed in 6214 ms
[2019-08-13 11:56:47.123] INFO [main] DynamicRegistrationBean.java:111 - Servlet dispatcherServlet was not registered (possibly already registered?)
[2019-08-13 11:56:49.984] INFO [main] ExecutorConfigurationSupport.java:171 - Initializing ExecutorService 'taskScheduler'
[2019-08-13 11:56:50.179] INFO [main] DirectJDKLog.java:173 - Starting ProtocolHandler ["http-nio-8080"]
[2019-08-13 11:56:50.186] INFO [main] DirectJDKLog.java:173 - Using a shared selector for servlet write/read
[2019-08-13 11:56:50.245] INFO [main] TomcatWebServer.java:204 - Tomcat started on port(s): 8080 (http) with context path '/kecharge'
[2019-08-13 11:56:57.606] INFO [http-nio-8080-exec-1] DirectJDKLog.java:173 - Initializing Spring DispatcherServlet 'dispatcherServlet'
[2019-08-13 11:56:57.606] INFO [http-nio-8080-exec-1] FrameworkServlet.java:524 - Initializing Servlet 'dispatcherServlet'
[2019-08-13 11:56:57.633] INFO [http-nio-8080-exec-1] FrameworkServlet.java:546 - Completed initialization in 27 ms
[2019-08-13 11:56:57.669] INFO [http-nio-8080-exec-1] AbstractValidatingSessionManager.java:233 - Enabling session validation scheduler...
[2019-08-13 14:02:14.095] INFO [main] RepositoryConfigurationDelegate.java:244 - Multiple Spring Data modules found, entering strict repository configuration mode!
[2019-08-13 14:02:14.111] INFO [main] RepositoryConfigurationDelegate.java:126 - Bootstrapping Spring Data repositories in DEFAULT mode.
[2019-08-13 14:02:14.189] INFO [main] RepositoryConfigurationDelegate.java:182 - Finished Spring Data repository scanning in 62ms. Found 0 repository interfaces.
[2019-08-13 14:02:14.986] INFO [main] PostProcessorRegistrationDelegate.java:330 - Bean 'druidConfig' of type [com.ke.configuration.DruidConfig$$EnhancerBySpringCGLIB$$ba30f9b7] is not eligible for getting processed by all BeanPostProcessors (for example: not eligible for auto-proxying)
[2019-08-13 14:02:15.001] INFO [main] PostProcessorRegistrationDelegate.java:330 - Bean 'org.springframework.transaction.annotation.ProxyTransactionManagementConfiguration' of type [org.springframework.transaction.annotation.ProxyTransactionManagementConfiguration$$EnhancerBySpringCGLIB$$8d0d032d] is not eligible for getting processed by all BeanPostProcessors (for example: not eligible for auto-proxying)
[2019-08-13 14:02:15.189] INFO [main] PostProcessorRegistrationDelegate.java:330 - Bean 'druidDataSource' of type [com.alibaba.druid.pool.DruidDataSource] is not eligible for getting processed by all BeanPostProcessors (for example: not eligible for auto-proxying)
[2019-08-13 14:02:15.251] INFO [main] PostProcessorRegistrationDelegate.java:330 - Bean 'spring.datasource-org.springframework.boot.autoconfigure.jdbc.DataSourceProperties' of type [org.springframework.boot.autoconfigure.jdbc.DataSourceProperties] is not eligible for getting processed by all BeanPostProcessors (for example: not eligible for auto-proxying)
[2019-08-13 14:02:15.267] INFO [main] PostProcessorRegistrationDelegate.java:330 - Bean 'org.springframework.boot.autoconfigure.jdbc.DataSourceInitializerInvoker' of type [org.springframework.boot.autoconfigure.jdbc.DataSourceInitializerInvoker] is not eligible for getting processed by all BeanPostProcessors (for example: not eligible for auto-proxying)
[2019-08-13 14:02:15.298] INFO [main] DruidConfig.java:159 - dao层扫描包为:com/ke/mapper/*/*.xml
[2019-08-13 14:02:15.392] INFO [main] PostProcessorRegistrationDelegate.java:330 - Bean 'sqlSessionFactory' of type [org.apache.ibatis.session.defaults.DefaultSqlSessionFactory] is not eligible for getting processed by all BeanPostProcessors (for example: not eligible for auto-proxying)
[2019-08-13 14:02:15.392] INFO [main] PostProcessorRegistrationDelegate.java:330 - Bean 'mybatis-org.mybatis.spring.boot.autoconfigure.MybatisProperties' of type [org.mybatis.spring.boot.autoconfigure.MybatisProperties] is not eligible for getting processed by all BeanPostProcessors (for example: not eligible for auto-proxying)
[2019-08-13 14:02:15.408] INFO [main] PostProcessorRegistrationDelegate.java:330 - Bean 'org.mybatis.spring.boot.autoconfigure.MybatisAutoConfiguration' of type [org.mybatis.spring.boot.autoconfigure.MybatisAutoConfiguration$$EnhancerBySpringCGLIB$$bfe1545d] is not eligible for getting processed by all BeanPostProcessors (for example: not eligible for auto-proxying)
[2019-08-13 14:02:15.470] INFO [main] PostProcessorRegistrationDelegate.java:330 - Bean 'sqlSessionTemplate' of type [org.mybatis.spring.SqlSessionTemplate] is not eligible for getting processed by all BeanPostProcessors (for example: not eligible for auto-proxying)
[2019-08-13 14:02:15.892] INFO [main] PostProcessorRegistrationDelegate.java:330 - Bean 'shiroMapper' of type [org.mybatis.spring.mapper.MapperFactoryBean] is not eligible for getting processed by all BeanPostProcessors (for example: not eligible for auto-proxying)
[2019-08-13 14:02:15.892] INFO [main] PostProcessorRegistrationDelegate.java:330 - Bean 'shiroMapper' of type [com.sun.proxy.$Proxy58] is not eligible for getting processed by all BeanPostProcessors (for example: not eligible for auto-proxying)
[2019-08-13 14:02:15.892] INFO [main] PostProcessorRegistrationDelegate.java:330 - Bean 'shiroConfiguration' of type [com.ke.configuration.ShiroConfiguration$$EnhancerBySpringCGLIB$$477bb9d6] is not eligible for getting processed by all BeanPostProcessors (for example: not eligible for auto-proxying)
[2019-08-13 14:02:16.439] INFO [main] PostProcessorRegistrationDelegate.java:330 - Bean 'shiroServiceImpl' of type [com.ke.serviceimpl.ShiroServiceImpl] is not eligible for getting processed by all BeanPostProcessors (for example: not eligible for auto-proxying)
[2019-08-13 14:02:16.439] INFO [main] PostProcessorRegistrationDelegate.java:330 - Bean 'myShiroRealm' of type [com.ke.shiro.MyShiroRealm] is not eligible for getting processed by all BeanPostProcessors (for example: not eligible for auto-proxying)
[2019-08-13 14:02:16.439] INFO [main] PostProcessorRegistrationDelegate.java:330 - Bean 'redisSessionDao' of type [com.ke.shiro.RedisSessionDao] is not eligible for getting processed by all BeanPostProcessors (for example: not eligible for auto-proxying)
[2019-08-13 14:02:16.454] INFO [main] PostProcessorRegistrationDelegate.java:330 - Bean 'customSessionManager' of type [com.ke.shiro.CustomSessionManager] is not eligible for getting processed by all BeanPostProcessors (for example: not eligible for auto-proxying)
[2019-08-13 14:02:16.454] INFO [main] PostProcessorRegistrationDelegate.java:330 - Bean 'redisCache' of type [com.ke.shiro.RedisCache] is not eligible for getting processed by all BeanPostProcessors (for example: not eligible for auto-proxying)
[2019-08-13 14:02:16.454] INFO [main] PostProcessorRegistrationDelegate.java:330 - Bean 'redisCacheManager' of type [com.ke.shiro.RedisCacheManager] is not eligible for getting processed by all BeanPostProcessors (for example: not eligible for auto-proxying)
[2019-08-13 14:02:16.454] INFO [main] PostProcessorRegistrationDelegate.java:330 - Bean 'securityManager' of type [org.apache.shiro.web.mgt.DefaultWebSecurityManager] is not eligible for getting processed by all BeanPostProcessors (for example: not eligible for auto-proxying)
[2019-08-13 14:02:16.470] INFO [main] PostProcessorRegistrationDelegate.java:330 - Bean 'myShiroPermFilter' of type [com.ke.shiro.MyShiroPermFilter] is not eligible for getting processed by all BeanPostProcessors (for example: not eligible for auto-proxying)
[2019-08-13 14:02:16.975] INFO [main] DruidDataSource.java:947 - {dataSource-1} inited
[2019-08-13 14:02:17.928] INFO [main] TomcatWebServer.java:90 - Tomcat initialized with port(s): 8080 (http)
[2019-08-13 14:02:17.959] INFO [main] DirectJDKLog.java:173 - Initializing ProtocolHandler ["http-nio-8080"]
[2019-08-13 14:02:17.975] INFO [main] DirectJDKLog.java:173 - Starting service [Tomcat]
[2019-08-13 14:02:17.975] INFO [main] DirectJDKLog.java:173 - Starting Servlet Engine: Apache Tomcat/9.0.13
[2019-08-13 14:02:17.990] INFO [main] DirectJDKLog.java:173 - The APR based Apache Tomcat Native library which allows optimal performance in production environments was not found on the java.library.path: [C:\Program Files\Java\jdk1.8.0_111\bin;C:\Windows\Sun\Java\bin;C:\Windows\system32;C:\Windows;C:\Program Files\Java\jdk1.8.0_111\jre\bin;C:/Program Files/Java/jre1.8.0_211/bin/server;C:/Program Files/Java/jre1.8.0_211/bin;C:/Program Files/Java/jre1.8.0_211/lib/amd64;C:\Program Files (x86)\Common Files\Oracle\Java\javapath;C:\ProgramData\Oracle\Java\javapath;C:\Windows\system32;C:\Windows;C:\Windows\System32\Wbem;C:\Windows\System32\WindowsPowerShell\v1.0\;C:\Windows\System32\WindowsPowerShell\v1.0\;C:\mysql-5.6.22-winx64\bin;C:\ke-s6700\dll;C:\ke-s6700\prog;C:\Program Files\Java\jdk1.8.0_111\bin;C:\OpenSSL-Win64\bin;C:\Program Files\Git\cmd;C:\Charging_Pile_Platform\dll;C:\Charging_Pile_Platform\prog;C:\eclipse;;.]
[2019-08-13 14:02:18.443] INFO [main] DirectJDKLog.java:173 - At least one JAR was scanned for TLDs yet contained no TLDs. Enable debug logging for this logger for a complete list of JARs that were scanned but no TLDs were found in them. Skipping unneeded JARs during scanning can improve startup time and JSP compilation time.
[2019-08-13 14:02:18.459] INFO [main] DirectJDKLog.java:173 - Initializing Spring embedded WebApplicationContext
[2019-08-13 14:02:18.459] INFO [main] ServletWebServerApplicationContext.java:296 - Root WebApplicationContext: initialization completed in 6348 ms
[2019-08-13 14:02:18.537] INFO [main] DynamicRegistrationBean.java:111 - Servlet dispatcherServlet was not registered (possibly already registered?)
[2019-08-13 14:02:21.629] INFO [main] ExecutorConfigurationSupport.java:171 - Initializing ExecutorService 'taskScheduler'
[2019-08-13 14:02:21.785] INFO [main] DirectJDKLog.java:173 - Starting ProtocolHandler ["http-nio-8080"]
[2019-08-13 14:02:21.785] INFO [main] DirectJDKLog.java:173 - Using a shared selector for servlet write/read
[2019-08-13 14:02:21.852] INFO [main] TomcatWebServer.java:204 - Tomcat started on port(s): 8080 (http) with context path '/kecharge'
[2019-08-13 14:02:25.711] INFO [http-nio-8080-exec-1] DirectJDKLog.java:173 - Initializing Spring DispatcherServlet 'dispatcherServlet'
[2019-08-13 14:02:25.711] INFO [http-nio-8080-exec-1] FrameworkServlet.java:524 - Initializing Servlet 'dispatcherServlet'
[2019-08-13 14:02:25.727] INFO [http-nio-8080-exec-1] FrameworkServlet.java:546 - Completed initialization in 16 ms
[2019-08-13 14:02:25.774] INFO [http-nio-8080-exec-1] AbstractValidatingSessionManager.java:233 - Enabling session validation scheduler...
[2019-08-13 14:21:35.183] INFO [main] RepositoryConfigurationDelegate.java:244 - Multiple Spring Data modules found, entering strict repository configuration mode!
[2019-08-13 14:21:36.098] INFO [main] RepositoryConfigurationDelegate.java:126 - Bootstrapping Spring Data repositories in DEFAULT mode.
[2019-08-13 14:21:36.515] INFO [main] RepositoryConfigurationDelegate.java:182 - Finished Spring Data repository scanning in 376ms. Found 0 repository interfaces.
[2019-08-13 14:21:39.540] INFO [main] PostProcessorRegistrationDelegate.java:330 - Bean 'druidConfig' of type [com.ke.configuration.DruidConfig$$EnhancerBySpringCGLIB$$6fd630dc] is not eligible for getting processed by all BeanPostProcessors (for example: not eligible for auto-proxying)
[2019-08-13 14:21:39.601] INFO [main] PostProcessorRegistrationDelegate.java:330 - Bean 'org.springframework.transaction.annotation.ProxyTransactionManagementConfiguration' of type [org.springframework.transaction.annotation.ProxyTransactionManagementConfiguration$$EnhancerBySpringCGLIB$$42b23a52] is not eligible for getting processed by all BeanPostProcessors (for example: not eligible for auto-proxying)
[2019-08-13 14:21:40.198] INFO [main] PostProcessorRegistrationDelegate.java:330 - Bean 'druidDataSource' of type [com.alibaba.druid.pool.DruidDataSource] is not eligible for getting processed by all BeanPostProcessors (for example: not eligible for auto-proxying)
[2019-08-13 14:21:40.373] INFO [main] PostProcessorRegistrationDelegate.java:330 - Bean 'spring.datasource-org.springframework.boot.autoconfigure.jdbc.DataSourceProperties' of type [org.springframework.boot.autoconfigure.jdbc.DataSourceProperties] is not eligible for getting processed by all BeanPostProcessors (for example: not eligible for auto-proxying)
[2019-08-13 14:21:40.385] INFO [main] PostProcessorRegistrationDelegate.java:330 - Bean 'org.springframework.boot.autoconfigure.jdbc.DataSourceInitializerInvoker' of type [org.springframework.boot.autoconfigure.jdbc.DataSourceInitializerInvoker] is not eligible for getting processed by all BeanPostProcessors (for example: not eligible for auto-proxying)
[2019-08-13 14:21:40.433] INFO [main] DruidConfig.java:159 - dao层扫描包为:com/ke/mapper/*/*.xml
[2019-08-13 14:21:40.635] INFO [main] PostProcessorRegistrationDelegate.java:330 - Bean 'sqlSessionFactory' of type [org.apache.ibatis.session.defaults.DefaultSqlSessionFactory] is not eligible for getting processed by all BeanPostProcessors (for example: not eligible for auto-proxying)
[2019-08-13 14:21:40.673] INFO [main] PostProcessorRegistrationDelegate.java:330 - Bean 'mybatis-org.mybatis.spring.boot.autoconfigure.MybatisProperties' of type [org.mybatis.spring.boot.autoconfigure.MybatisProperties] is not eligible for getting processed by all BeanPostProcessors (for example: not eligible for auto-proxying)
[2019-08-13 14:21:40.682] INFO [main] PostProcessorRegistrationDelegate.java:330 - Bean 'org.mybatis.spring.boot.autoconfigure.MybatisAutoConfiguration' of type [org.mybatis.spring.boot.autoconfigure.MybatisAutoConfiguration$$EnhancerBySpringCGLIB$$75868b82] is not eligible for getting processed by all BeanPostProcessors (for example: not eligible for auto-proxying)
[2019-08-13 14:21:40.701] INFO [main] PostProcessorRegistrationDelegate.java:330 - Bean 'sqlSessionTemplate' of type [org.mybatis.spring.SqlSessionTemplate] is not eligible for getting processed by all BeanPostProcessors (for example: not eligible for auto-proxying)
[2019-08-13 14:21:42.826] INFO [main] PostProcessorRegistrationDelegate.java:330 - Bean 'shiroMapper' of type [org.mybatis.spring.mapper.MapperFactoryBean] is not eligible for getting processed by all BeanPostProcessors (for example: not eligible for auto-proxying)
[2019-08-13 14:21:42.828] INFO [main] PostProcessorRegistrationDelegate.java:330 - Bean 'shiroMapper' of type [com.sun.proxy.$Proxy58] is not eligible for getting processed by all BeanPostProcessors (for example: not eligible for auto-proxying)
[2019-08-13 14:21:42.830] INFO [main] PostProcessorRegistrationDelegate.java:330 - Bean 'shiroConfiguration' of type [com.ke.configuration.ShiroConfiguration$$EnhancerBySpringCGLIB$$fd20f0fb] is not eligible for getting processed by all BeanPostProcessors (for example: not eligible for auto-proxying)
[2019-08-13 14:21:43.279] INFO [main] PostProcessorRegistrationDelegate.java:330 - Bean 'shiroServiceImpl' of type [com.ke.serviceimpl.ShiroServiceImpl] is not eligible for getting processed by all BeanPostProcessors (for example: not eligible for auto-proxying)
[2019-08-13 14:21:43.281] INFO [main] PostProcessorRegistrationDelegate.java:330 - Bean 'myShiroRealm' of type [com.ke.shiro.MyShiroRealm] is not eligible for getting processed by all BeanPostProcessors (for example: not eligible for auto-proxying)
[2019-08-13 14:21:43.294] INFO [main] PostProcessorRegistrationDelegate.java:330 - Bean 'redisSessionDao' of type [com.ke.shiro.RedisSessionDao] is not eligible for getting processed by all BeanPostProcessors (for example: not eligible for auto-proxying)
[2019-08-13 14:21:43.308] INFO [main] PostProcessorRegistrationDelegate.java:330 - Bean 'customSessionManager' of type [com.ke.shiro.CustomSessionManager] is not eligible for getting processed by all BeanPostProcessors (for example: not eligible for auto-proxying)
[2019-08-13 14:21:43.312] INFO [main] PostProcessorRegistrationDelegate.java:330 - Bean 'redisCache' of type [com.ke.shiro.RedisCache] is not eligible for getting processed by all BeanPostProcessors (for example: not eligible for auto-proxying)
[2019-08-13 14:21:43.314] INFO [main] PostProcessorRegistrationDelegate.java:330 - Bean 'redisCacheManager' of type [com.ke.shiro.RedisCacheManager] is not eligible for getting processed by all BeanPostProcessors (for example: not eligible for auto-proxying)
[2019-08-13 14:21:43.318] INFO [main] PostProcessorRegistrationDelegate.java:330 - Bean 'securityManager' of type [org.apache.shiro.web.mgt.DefaultWebSecurityManager] is not eligible for getting processed by all BeanPostProcessors (for example: not eligible for auto-proxying)
[2019-08-13 14:21:43.333] INFO [main] PostProcessorRegistrationDelegate.java:330 - Bean 'myShiroPermFilter' of type [com.ke.shiro.MyShiroPermFilter] is not eligible for getting processed by all BeanPostProcessors (for example: not eligible for auto-proxying)
[2019-08-13 14:21:43.919] INFO [main] DruidDataSource.java:947 - {dataSource-1} inited
[2019-08-13 14:21:44.983] INFO [main] TomcatWebServer.java:90 - Tomcat initialized with port(s): 8080 (http)
[2019-08-13 14:21:45.012] INFO [main] DirectJDKLog.java:173 - Initializing ProtocolHandler ["http-nio-8080"]
[2019-08-13 14:21:45.030] INFO [main] DirectJDKLog.java:173 - Starting service [Tomcat]
[2019-08-13 14:21:45.031] INFO [main] DirectJDKLog.java:173 - Starting Servlet Engine: Apache Tomcat/9.0.13
[2019-08-13 14:21:45.051] INFO [main] DirectJDKLog.java:173 - The APR based Apache Tomcat Native library which allows optimal performance in production environments was not found on the java.library.path: [C:\Program Files\Java\jdk1.8.0_111\bin;C:\Windows\Sun\Java\bin;C:\Windows\system32;C:\Windows;C:\Program Files\Java\jdk1.8.0_111\jre\bin;C:/Program Files/Java/jre1.8.0_211/bin/server;C:/Program Files/Java/jre1.8.0_211/bin;C:/Program Files/Java/jre1.8.0_211/lib/amd64;C:\Program Files (x86)\Common Files\Oracle\Java\javapath;C:\ProgramData\Oracle\Java\javapath;C:\Windows\system32;C:\Windows;C:\Windows\System32\Wbem;C:\Windows\System32\WindowsPowerShell\v1.0\;C:\Windows\System32\WindowsPowerShell\v1.0\;C:\mysql-5.6.22-winx64\bin;C:\ke-s6700\dll;C:\ke-s6700\prog;C:\Program Files\Java\jdk1.8.0_111\bin;C:\OpenSSL-Win64\bin;C:\Program Files\Git\cmd;C:\Charging_Pile_Platform\dll;C:\Charging_Pile_Platform\prog;C:\eclipse;;.]
[2019-08-13 14:21:45.518] INFO [main] DirectJDKLog.java:173 - At least one JAR was scanned for TLDs yet contained no TLDs. Enable debug logging for this logger for a complete list of JARs that were scanned but no TLDs were found in them. Skipping unneeded JARs during scanning can improve startup time and JSP compilation time.
[2019-08-13 14:21:45.526] INFO [main] DirectJDKLog.java:173 - Initializing Spring embedded WebApplicationContext
[2019-08-13 14:21:45.527] INFO [main] ServletWebServerApplicationContext.java:296 - Root WebApplicationContext: initialization completed in 13599 ms
[2019-08-13 14:21:45.607] INFO [main] DynamicRegistrationBean.java:111 - Servlet dispatcherServlet was not registered (possibly already registered?)
[2019-08-13 14:21:49.456] INFO [main] ExecutorConfigurationSupport.java:171 - Initializing ExecutorService 'taskScheduler'
[2019-08-13 14:21:49.703] INFO [main] DirectJDKLog.java:173 - Starting ProtocolHandler ["http-nio-8080"]
[2019-08-13 14:21:49.723] INFO [main] DirectJDKLog.java:173 - Using a shared selector for servlet write/read
[2019-08-13 14:21:49.786] INFO [main] TomcatWebServer.java:204 - Tomcat started on port(s): 8080 (http) with context path '/kecharge'
[2019-08-13 14:23:37.930] INFO [scheduling-1] ChargeServiceImpl.java:1017 - 请求token成功：token：EGUE1Q5UQL8L
[2019-08-13 14:26:56.370] INFO [main] RepositoryConfigurationDelegate.java:244 - Multiple Spring Data modules found, entering strict repository configuration mode!
[2019-08-13 14:26:56.392] INFO [main] RepositoryConfigurationDelegate.java:126 - Bootstrapping Spring Data repositories in DEFAULT mode.
[2019-08-13 14:26:56.483] INFO [main] RepositoryConfigurationDelegate.java:182 - Finished Spring Data repository scanning in 64ms. Found 0 repository interfaces.
[2019-08-13 14:26:57.418] INFO [main] PostProcessorRegistrationDelegate.java:330 - Bean 'druidConfig' of type [com.ke.configuration.DruidConfig$$EnhancerBySpringCGLIB$$30ee3235] is not eligible for getting processed by all BeanPostProcessors (for example: not eligible for auto-proxying)
[2019-08-13 14:26:57.436] INFO [main] PostProcessorRegistrationDelegate.java:330 - Bean 'org.springframework.transaction.annotation.ProxyTransactionManagementConfiguration' of type [org.springframework.transaction.annotation.ProxyTransactionManagementConfiguration$$EnhancerBySpringCGLIB$$3ca3bab] is not eligible for getting processed by all BeanPostProcessors (for example: not eligible for auto-proxying)
[2019-08-13 14:26:57.632] INFO [main] PostProcessorRegistrationDelegate.java:330 - Bean 'druidDataSource' of type [com.alibaba.druid.pool.DruidDataSource] is not eligible for getting processed by all BeanPostProcessors (for example: not eligible for auto-proxying)
[2019-08-13 14:26:57.715] INFO [main] PostProcessorRegistrationDelegate.java:330 - Bean 'spring.datasource-org.springframework.boot.autoconfigure.jdbc.DataSourceProperties' of type [org.springframework.boot.autoconfigure.jdbc.DataSourceProperties] is not eligible for getting processed by all BeanPostProcessors (for example: not eligible for auto-proxying)
[2019-08-13 14:26:57.724] INFO [main] PostProcessorRegistrationDelegate.java:330 - Bean 'org.springframework.boot.autoconfigure.jdbc.DataSourceInitializerInvoker' of type [org.springframework.boot.autoconfigure.jdbc.DataSourceInitializerInvoker] is not eligible for getting processed by all BeanPostProcessors (for example: not eligible for auto-proxying)
[2019-08-13 14:26:57.763] INFO [main] DruidConfig.java:159 - dao层扫描包为:com/ke/mapper/*/*.xml
[2019-08-13 14:26:57.858] INFO [main] PostProcessorRegistrationDelegate.java:330 - Bean 'sqlSessionFactory' of type [org.apache.ibatis.session.defaults.DefaultSqlSessionFactory] is not eligible for getting processed by all BeanPostProcessors (for example: not eligible for auto-proxying)
[2019-08-13 14:26:57.868] INFO [main] PostProcessorRegistrationDelegate.java:330 - Bean 'mybatis-org.mybatis.spring.boot.autoconfigure.MybatisProperties' of type [org.mybatis.spring.boot.autoconfigure.MybatisProperties] is not eligible for getting processed by all BeanPostProcessors (for example: not eligible for auto-proxying)
[2019-08-13 14:26:57.877] INFO [main] PostProcessorRegistrationDelegate.java:330 - Bean 'org.mybatis.spring.boot.autoconfigure.MybatisAutoConfiguration' of type [org.mybatis.spring.boot.autoconfigure.MybatisAutoConfiguration$$EnhancerBySpringCGLIB$$369e8cdb] is not eligible for getting processed by all BeanPostProcessors (for example: not eligible for auto-proxying)
[2019-08-13 14:26:58.027] INFO [main] PostProcessorRegistrationDelegate.java:330 - Bean 'sqlSessionTemplate' of type [org.mybatis.spring.SqlSessionTemplate] is not eligible for getting processed by all BeanPostProcessors (for example: not eligible for auto-proxying)
[2019-08-13 14:26:58.382] INFO [main] PostProcessorRegistrationDelegate.java:330 - Bean 'shiroMapper' of type [org.mybatis.spring.mapper.MapperFactoryBean] is not eligible for getting processed by all BeanPostProcessors (for example: not eligible for auto-proxying)
[2019-08-13 14:26:58.388] INFO [main] PostProcessorRegistrationDelegate.java:330 - Bean 'shiroMapper' of type [com.sun.proxy.$Proxy58] is not eligible for getting processed by all BeanPostProcessors (for example: not eligible for auto-proxying)
[2019-08-13 14:26:58.390] INFO [main] PostProcessorRegistrationDelegate.java:330 - Bean 'shiroConfiguration' of type [com.ke.configuration.ShiroConfiguration$$EnhancerBySpringCGLIB$$be38f254] is not eligible for getting processed by all BeanPostProcessors (for example: not eligible for auto-proxying)
[2019-08-13 14:26:59.504] INFO [main] PostProcessorRegistrationDelegate.java:330 - Bean 'shiroServiceImpl' of type [com.ke.serviceimpl.ShiroServiceImpl] is not eligible for getting processed by all BeanPostProcessors (for example: not eligible for auto-proxying)
[2019-08-13 14:26:59.507] INFO [main] PostProcessorRegistrationDelegate.java:330 - Bean 'myShiroRealm' of type [com.ke.shiro.MyShiroRealm] is not eligible for getting processed by all BeanPostProcessors (for example: not eligible for auto-proxying)
[2019-08-13 14:26:59.511] INFO [main] PostProcessorRegistrationDelegate.java:330 - Bean 'redisSessionDao' of type [com.ke.shiro.RedisSessionDao] is not eligible for getting processed by all BeanPostProcessors (for example: not eligible for auto-proxying)
[2019-08-13 14:26:59.519] INFO [main] PostProcessorRegistrationDelegate.java:330 - Bean 'customSessionManager' of type [com.ke.shiro.CustomSessionManager] is not eligible for getting processed by all BeanPostProcessors (for example: not eligible for auto-proxying)
[2019-08-13 14:26:59.523] INFO [main] PostProcessorRegistrationDelegate.java:330 - Bean 'redisCache' of type [com.ke.shiro.RedisCache] is not eligible for getting processed by all BeanPostProcessors (for example: not eligible for auto-proxying)
[2019-08-13 14:26:59.526] INFO [main] PostProcessorRegistrationDelegate.java:330 - Bean 'redisCacheManager' of type [com.ke.shiro.RedisCacheManager] is not eligible for getting processed by all BeanPostProcessors (for example: not eligible for auto-proxying)
[2019-08-13 14:26:59.529] INFO [main] PostProcessorRegistrationDelegate.java:330 - Bean 'securityManager' of type [org.apache.shiro.web.mgt.DefaultWebSecurityManager] is not eligible for getting processed by all BeanPostProcessors (for example: not eligible for auto-proxying)
[2019-08-13 14:26:59.541] INFO [main] PostProcessorRegistrationDelegate.java:330 - Bean 'myShiroPermFilter' of type [com.ke.shiro.MyShiroPermFilter] is not eligible for getting processed by all BeanPostProcessors (for example: not eligible for auto-proxying)
[2019-08-13 14:27:00.106] INFO [main] DruidDataSource.java:947 - {dataSource-1} inited
[2019-08-13 14:27:01.057] INFO [main] TomcatWebServer.java:90 - Tomcat initialized with port(s): 8080 (http)
[2019-08-13 14:27:01.084] INFO [main] DirectJDKLog.java:173 - Initializing ProtocolHandler ["http-nio-8080"]
[2019-08-13 14:27:01.099] INFO [main] DirectJDKLog.java:173 - Starting service [Tomcat]
[2019-08-13 14:27:01.100] INFO [main] DirectJDKLog.java:173 - Starting Servlet Engine: Apache Tomcat/9.0.13
[2019-08-13 14:27:01.119] INFO [main] DirectJDKLog.java:173 - The APR based Apache Tomcat Native library which allows optimal performance in production environments was not found on the java.library.path: [C:\Program Files\Java\jdk1.8.0_111\bin;C:\Windows\Sun\Java\bin;C:\Windows\system32;C:\Windows;C:\Program Files\Java\jdk1.8.0_111\jre\bin;C:/Program Files/Java/jre1.8.0_211/bin/server;C:/Program Files/Java/jre1.8.0_211/bin;C:/Program Files/Java/jre1.8.0_211/lib/amd64;C:\Program Files (x86)\Common Files\Oracle\Java\javapath;C:\ProgramData\Oracle\Java\javapath;C:\Windows\system32;C:\Windows;C:\Windows\System32\Wbem;C:\Windows\System32\WindowsPowerShell\v1.0\;C:\Windows\System32\WindowsPowerShell\v1.0\;C:\mysql-5.6.22-winx64\bin;C:\ke-s6700\dll;C:\ke-s6700\prog;C:\Program Files\Java\jdk1.8.0_111\bin;C:\OpenSSL-Win64\bin;C:\Program Files\Git\cmd;C:\Charging_Pile_Platform\dll;C:\Charging_Pile_Platform\prog;C:\eclipse;;.]
[2019-08-13 14:27:01.555] INFO [main] DirectJDKLog.java:173 - At least one JAR was scanned for TLDs yet contained no TLDs. Enable debug logging for this logger for a complete list of JARs that were scanned but no TLDs were found in them. Skipping unneeded JARs during scanning can improve startup time and JSP compilation time.
[2019-08-13 14:27:01.563] INFO [main] DirectJDKLog.java:173 - Initializing Spring embedded WebApplicationContext
[2019-08-13 14:27:01.563] INFO [main] ServletWebServerApplicationContext.java:296 - Root WebApplicationContext: initialization completed in 7120 ms
[2019-08-13 14:27:01.656] INFO [main] DynamicRegistrationBean.java:111 - Servlet dispatcherServlet was not registered (possibly already registered?)
[2019-08-13 14:27:03.195] INFO [pilealarm-schedule-pool-1] ChargeServiceImpl.java:1017 - 请求token成功：token：EGUE1Q5UQL8L
[2019-08-13 14:27:04.841] INFO [main] ExecutorConfigurationSupport.java:171 - Initializing ExecutorService 'taskScheduler'
[2019-08-13 14:27:05.026] INFO [main] DirectJDKLog.java:173 - Starting ProtocolHandler ["http-nio-8080"]
[2019-08-13 14:27:05.035] INFO [main] DirectJDKLog.java:173 - Using a shared selector for servlet write/read
[2019-08-13 14:27:05.091] INFO [main] TomcatWebServer.java:204 - Tomcat started on port(s): 8080 (http) with context path '/kecharge'
[2019-08-13 14:31:04.774] INFO [http-nio-8080-exec-2] DirectJDKLog.java:173 - Initializing Spring DispatcherServlet 'dispatcherServlet'
[2019-08-13 14:31:04.774] INFO [http-nio-8080-exec-2] FrameworkServlet.java:524 - Initializing Servlet 'dispatcherServlet'
[2019-08-13 14:31:04.793] INFO [http-nio-8080-exec-2] FrameworkServlet.java:546 - Completed initialization in 19 ms
[2019-08-13 14:31:04.826] INFO [http-nio-8080-exec-2] AbstractValidatingSessionManager.java:233 - Enabling session validation scheduler...
[2019-08-13 14:54:19.403] INFO [chargeStart-schedule-pool-1] ChargeServiceImpl.java:1017 - 请求token成功：token：EGUE1Q5UQL8L
[2019-08-13 15:05:04.084] INFO [main] RepositoryConfigurationDelegate.java:244 - Multiple Spring Data modules found, entering strict repository configuration mode!
[2019-08-13 15:05:04.100] INFO [main] RepositoryConfigurationDelegate.java:126 - Bootstrapping Spring Data repositories in DEFAULT mode.
[2019-08-13 15:05:04.204] INFO [main] RepositoryConfigurationDelegate.java:182 - Finished Spring Data repository scanning in 67ms. Found 0 repository interfaces.
[2019-08-13 15:05:05.067] INFO [main] PostProcessorRegistrationDelegate.java:330 - Bean 'druidConfig' of type [com.ke.configuration.DruidConfig$$EnhancerBySpringCGLIB$$8a1f3f7] is not eligible for getting processed by all BeanPostProcessors (for example: not eligible for auto-proxying)
[2019-08-13 15:05:05.090] INFO [main] PostProcessorRegistrationDelegate.java:330 - Bean 'org.springframework.transaction.annotation.ProxyTransactionManagementConfiguration' of type [org.springframework.transaction.annotation.ProxyTransactionManagementConfiguration$$EnhancerBySpringCGLIB$$db7dfd6d] is not eligible for getting processed by all BeanPostProcessors (for example: not eligible for auto-proxying)
[2019-08-13 15:05:05.336] INFO [main] PostProcessorRegistrationDelegate.java:330 - Bean 'druidDataSource' of type [com.alibaba.druid.pool.DruidDataSource] is not eligible for getting processed by all BeanPostProcessors (for example: not eligible for auto-proxying)
[2019-08-13 15:05:05.432] INFO [main] PostProcessorRegistrationDelegate.java:330 - Bean 'spring.datasource-org.springframework.boot.autoconfigure.jdbc.DataSourceProperties' of type [org.springframework.boot.autoconfigure.jdbc.DataSourceProperties] is not eligible for getting processed by all BeanPostProcessors (for example: not eligible for auto-proxying)
[2019-08-13 15:05:05.444] INFO [main] PostProcessorRegistrationDelegate.java:330 - Bean 'org.springframework.boot.autoconfigure.jdbc.DataSourceInitializerInvoker' of type [org.springframework.boot.autoconfigure.jdbc.DataSourceInitializerInvoker] is not eligible for getting processed by all BeanPostProcessors (for example: not eligible for auto-proxying)
[2019-08-13 15:05:05.490] INFO [main] DruidConfig.java:159 - dao层扫描包为:com/ke/mapper/*/*.xml
[2019-08-13 15:05:05.608] INFO [main] PostProcessorRegistrationDelegate.java:330 - Bean 'sqlSessionFactory' of type [org.apache.ibatis.session.defaults.DefaultSqlSessionFactory] is not eligible for getting processed by all BeanPostProcessors (for example: not eligible for auto-proxying)
[2019-08-13 15:05:05.618] INFO [main] PostProcessorRegistrationDelegate.java:330 - Bean 'mybatis-org.mybatis.spring.boot.autoconfigure.MybatisProperties' of type [org.mybatis.spring.boot.autoconfigure.MybatisProperties] is not eligible for getting processed by all BeanPostProcessors (for example: not eligible for auto-proxying)
[2019-08-13 15:05:05.635] INFO [main] PostProcessorRegistrationDelegate.java:330 - Bean 'org.mybatis.spring.boot.autoconfigure.MybatisAutoConfiguration' of type [org.mybatis.spring.boot.autoconfigure.MybatisAutoConfiguration$$EnhancerBySpringCGLIB$$e524e9d] is not eligible for getting processed by all BeanPostProcessors (for example: not eligible for auto-proxying)
[2019-08-13 15:05:05.666] INFO [main] PostProcessorRegistrationDelegate.java:330 - Bean 'sqlSessionTemplate' of type [org.mybatis.spring.SqlSessionTemplate] is not eligible for getting processed by all BeanPostProcessors (for example: not eligible for auto-proxying)
[2019-08-13 15:05:06.099] INFO [main] PostProcessorRegistrationDelegate.java:330 - Bean 'shiroMapper' of type [org.mybatis.spring.mapper.MapperFactoryBean] is not eligible for getting processed by all BeanPostProcessors (for example: not eligible for auto-proxying)
[2019-08-13 15:05:06.103] INFO [main] PostProcessorRegistrationDelegate.java:330 - Bean 'shiroMapper' of type [com.sun.proxy.$Proxy58] is not eligible for getting processed by all BeanPostProcessors (for example: not eligible for auto-proxying)
[2019-08-13 15:05:06.105] INFO [main] PostProcessorRegistrationDelegate.java:330 - Bean 'shiroConfiguration' of type [com.ke.configuration.ShiroConfiguration$$EnhancerBySpringCGLIB$$95ecb416] is not eligible for getting processed by all BeanPostProcessors (for example: not eligible for auto-proxying)
[2019-08-13 15:05:06.607] INFO [main] PostProcessorRegistrationDelegate.java:330 - Bean 'shiroServiceImpl' of type [com.ke.serviceimpl.ShiroServiceImpl] is not eligible for getting processed by all BeanPostProcessors (for example: not eligible for auto-proxying)
[2019-08-13 15:05:06.610] INFO [main] PostProcessorRegistrationDelegate.java:330 - Bean 'myShiroRealm' of type [com.ke.shiro.MyShiroRealm] is not eligible for getting processed by all BeanPostProcessors (for example: not eligible for auto-proxying)
[2019-08-13 15:05:06.615] INFO [main] PostProcessorRegistrationDelegate.java:330 - Bean 'redisSessionDao' of type [com.ke.shiro.RedisSessionDao] is not eligible for getting processed by all BeanPostProcessors (for example: not eligible for auto-proxying)
[2019-08-13 15:05:06.621] INFO [main] PostProcessorRegistrationDelegate.java:330 - Bean 'customSessionManager' of type [com.ke.shiro.CustomSessionManager] is not eligible for getting processed by all BeanPostProcessors (for example: not eligible for auto-proxying)
[2019-08-13 15:05:06.626] INFO [main] PostProcessorRegistrationDelegate.java:330 - Bean 'redisCache' of type [com.ke.shiro.RedisCache] is not eligible for getting processed by all BeanPostProcessors (for example: not eligible for auto-proxying)
[2019-08-13 15:05:06.626] INFO [main] PostProcessorRegistrationDelegate.java:330 - Bean 'redisCacheManager' of type [com.ke.shiro.RedisCacheManager] is not eligible for getting processed by all BeanPostProcessors (for example: not eligible for auto-proxying)
[2019-08-13 15:05:06.629] INFO [main] PostProcessorRegistrationDelegate.java:330 - Bean 'securityManager' of type [org.apache.shiro.web.mgt.DefaultWebSecurityManager] is not eligible for getting processed by all BeanPostProcessors (for example: not eligible for auto-proxying)
[2019-08-13 15:05:06.642] INFO [main] PostProcessorRegistrationDelegate.java:330 - Bean 'myShiroPermFilter' of type [com.ke.shiro.MyShiroPermFilter] is not eligible for getting processed by all BeanPostProcessors (for example: not eligible for auto-proxying)
[2019-08-13 15:05:08.107] INFO [main] DruidDataSource.java:947 - {dataSource-1} inited
[2019-08-13 15:05:09.219] INFO [main] TomcatWebServer.java:90 - Tomcat initialized with port(s): 8080 (http)
[2019-08-13 15:05:09.256] INFO [main] DirectJDKLog.java:173 - Initializing ProtocolHandler ["http-nio-8080"]
[2019-08-13 15:05:09.287] INFO [main] DirectJDKLog.java:173 - Starting service [Tomcat]
[2019-08-13 15:05:09.288] INFO [main] DirectJDKLog.java:173 - Starting Servlet Engine: Apache Tomcat/9.0.13
[2019-08-13 15:05:09.319] INFO [main] DirectJDKLog.java:173 - The APR based Apache Tomcat Native library which allows optimal performance in production environments was not found on the java.library.path: [C:\Program Files\Java\jdk1.8.0_111\bin;C:\Windows\Sun\Java\bin;C:\Windows\system32;C:\Windows;C:\Program Files\Java\jdk1.8.0_111\jre\bin;C:/Program Files/Java/jre1.8.0_211/bin/server;C:/Program Files/Java/jre1.8.0_211/bin;C:/Program Files/Java/jre1.8.0_211/lib/amd64;C:\Program Files (x86)\Common Files\Oracle\Java\javapath;C:\ProgramData\Oracle\Java\javapath;C:\Windows\system32;C:\Windows;C:\Windows\System32\Wbem;C:\Windows\System32\WindowsPowerShell\v1.0\;C:\Windows\System32\WindowsPowerShell\v1.0\;C:\mysql-5.6.22-winx64\bin;C:\ke-s6700\dll;C:\ke-s6700\prog;C:\Program Files\Java\jdk1.8.0_111\bin;C:\OpenSSL-Win64\bin;C:\Program Files\Git\cmd;C:\Charging_Pile_Platform\dll;C:\Charging_Pile_Platform\prog;C:\eclipse;;.]
[2019-08-13 15:05:09.835] INFO [main] DirectJDKLog.java:173 - At least one JAR was scanned for TLDs yet contained no TLDs. Enable debug logging for this logger for a complete list of JARs that were scanned but no TLDs were found in them. Skipping unneeded JARs during scanning can improve startup time and JSP compilation time.
[2019-08-13 15:05:09.845] INFO [main] DirectJDKLog.java:173 - Initializing Spring embedded WebApplicationContext
[2019-08-13 15:05:09.845] INFO [main] ServletWebServerApplicationContext.java:296 - Root WebApplicationContext: initialization completed in 7825 ms
[2019-08-13 15:05:09.952] INFO [main] DynamicRegistrationBean.java:111 - Servlet dispatcherServlet was not registered (possibly already registered?)
[2019-08-13 15:05:13.482] INFO [main] ExecutorConfigurationSupport.java:171 - Initializing ExecutorService 'taskScheduler'
[2019-08-13 15:05:13.671] INFO [main] DirectJDKLog.java:173 - Starting ProtocolHandler ["http-nio-8080"]
[2019-08-13 15:05:13.683] INFO [main] DirectJDKLog.java:173 - Using a shared selector for servlet write/read
[2019-08-13 15:05:13.748] INFO [main] TomcatWebServer.java:204 - Tomcat started on port(s): 8080 (http) with context path '/kecharge'
[2019-08-13 15:06:21.483] INFO [pilealarm-schedule-pool-1] ChargeServiceImpl.java:1017 - 请求token成功：token：EGUE1Q5UQL8L
[2019-08-13 15:07:51.502] INFO [http-nio-8080-exec-1] DirectJDKLog.java:173 - Initializing Spring DispatcherServlet 'dispatcherServlet'
[2019-08-13 15:07:51.502] INFO [http-nio-8080-exec-1] FrameworkServlet.java:524 - Initializing Servlet 'dispatcherServlet'
[2019-08-13 15:07:51.524] INFO [http-nio-8080-exec-1] FrameworkServlet.java:546 - Completed initialization in 22 ms
[2019-08-13 15:07:51.560] INFO [http-nio-8080-exec-1] AbstractValidatingSessionManager.java:233 - Enabling session validation scheduler...
[2019-08-13 15:16:48.241] INFO [main] RepositoryConfigurationDelegate.java:244 - Multiple Spring Data modules found, entering strict repository configuration mode!
[2019-08-13 15:16:48.259] INFO [main] RepositoryConfigurationDelegate.java:126 - Bootstrapping Spring Data repositories in DEFAULT mode.
[2019-08-13 15:16:48.353] INFO [main] RepositoryConfigurationDelegate.java:182 - Finished Spring Data repository scanning in 66ms. Found 0 repository interfaces.
[2019-08-13 15:16:49.200] INFO [main] PostProcessorRegistrationDelegate.java:330 - Bean 'druidConfig' of type [com.ke.configuration.DruidConfig$$EnhancerBySpringCGLIB$$aca5b639] is not eligible for getting processed by all BeanPostProcessors (for example: not eligible for auto-proxying)
[2019-08-13 15:16:49.220] INFO [main] PostProcessorRegistrationDelegate.java:330 - Bean 'org.springframework.transaction.annotation.ProxyTransactionManagementConfiguration' of type [org.springframework.transaction.annotation.ProxyTransactionManagementConfiguration$$EnhancerBySpringCGLIB$$7f81bfaf] is not eligible for getting processed by all BeanPostProcessors (for example: not eligible for auto-proxying)
[2019-08-13 15:16:49.433] INFO [main] PostProcessorRegistrationDelegate.java:330 - Bean 'druidDataSource' of type [com.alibaba.druid.pool.DruidDataSource] is not eligible for getting processed by all BeanPostProcessors (for example: not eligible for auto-proxying)
[2019-08-13 15:16:49.509] INFO [main] PostProcessorRegistrationDelegate.java:330 - Bean 'spring.datasource-org.springframework.boot.autoconfigure.jdbc.DataSourceProperties' of type [org.springframework.boot.autoconfigure.jdbc.DataSourceProperties] is not eligible for getting processed by all BeanPostProcessors (for example: not eligible for auto-proxying)
[2019-08-13 15:16:49.520] INFO [main] PostProcessorRegistrationDelegate.java:330 - Bean 'org.springframework.boot.autoconfigure.jdbc.DataSourceInitializerInvoker' of type [org.springframework.boot.autoconfigure.jdbc.DataSourceInitializerInvoker] is not eligible for getting processed by all BeanPostProcessors (for example: not eligible for auto-proxying)
[2019-08-13 15:16:49.583] INFO [main] DruidConfig.java:159 - dao层扫描包为:com/ke/mapper/*/*.xml
[2019-08-13 15:16:49.679] INFO [main] PostProcessorRegistrationDelegate.java:330 - Bean 'sqlSessionFactory' of type [org.apache.ibatis.session.defaults.DefaultSqlSessionFactory] is not eligible for getting processed by all BeanPostProcessors (for example: not eligible for auto-proxying)
[2019-08-13 15:16:49.692] INFO [main] PostProcessorRegistrationDelegate.java:330 - Bean 'mybatis-org.mybatis.spring.boot.autoconfigure.MybatisProperties' of type [org.mybatis.spring.boot.autoconfigure.MybatisProperties] is not eligible for getting processed by all BeanPostProcessors (for example: not eligible for auto-proxying)
[2019-08-13 15:16:49.708] INFO [main] PostProcessorRegistrationDelegate.java:330 - Bean 'org.mybatis.spring.boot.autoconfigure.MybatisAutoConfiguration' of type [org.mybatis.spring.boot.autoconfigure.MybatisAutoConfiguration$$EnhancerBySpringCGLIB$$b25610df] is not eligible for getting processed by all BeanPostProcessors (for example: not eligible for auto-proxying)
[2019-08-13 15:16:49.748] INFO [main] PostProcessorRegistrationDelegate.java:330 - Bean 'sqlSessionTemplate' of type [org.mybatis.spring.SqlSessionTemplate] is not eligible for getting processed by all BeanPostProcessors (for example: not eligible for auto-proxying)
[2019-08-13 15:16:50.070] INFO [main] PostProcessorRegistrationDelegate.java:330 - Bean 'shiroMapper' of type [org.mybatis.spring.mapper.MapperFactoryBean] is not eligible for getting processed by all BeanPostProcessors (for example: not eligible for auto-proxying)
[2019-08-13 15:16:50.079] INFO [main] PostProcessorRegistrationDelegate.java:330 - Bean 'shiroMapper' of type [com.sun.proxy.$Proxy58] is not eligible for getting processed by all BeanPostProcessors (for example: not eligible for auto-proxying)
[2019-08-13 15:16:50.080] INFO [main] PostProcessorRegistrationDelegate.java:330 - Bean 'shiroConfiguration' of type [com.ke.configuration.ShiroConfiguration$$EnhancerBySpringCGLIB$$39f07658] is not eligible for getting processed by all BeanPostProcessors (for example: not eligible for auto-proxying)
[2019-08-13 15:16:50.540] INFO [main] PostProcessorRegistrationDelegate.java:330 - Bean 'shiroServiceImpl' of type [com.ke.serviceimpl.ShiroServiceImpl] is not eligible for getting processed by all BeanPostProcessors (for example: not eligible for auto-proxying)
[2019-08-13 15:16:50.543] INFO [main] PostProcessorRegistrationDelegate.java:330 - Bean 'myShiroRealm' of type [com.ke.shiro.MyShiroRealm] is not eligible for getting processed by all BeanPostProcessors (for example: not eligible for auto-proxying)
[2019-08-13 15:16:50.549] INFO [main] PostProcessorRegistrationDelegate.java:330 - Bean 'redisSessionDao' of type [com.ke.shiro.RedisSessionDao] is not eligible for getting processed by all BeanPostProcessors (for example: not eligible for auto-proxying)
[2019-08-13 15:16:50.558] INFO [main] PostProcessorRegistrationDelegate.java:330 - Bean 'customSessionManager' of type [com.ke.shiro.CustomSessionManager] is not eligible for getting processed by all BeanPostProcessors (for example: not eligible for auto-proxying)
[2019-08-13 15:16:50.562] INFO [main] PostProcessorRegistrationDelegate.java:330 - Bean 'redisCache' of type [com.ke.shiro.RedisCache] is not eligible for getting processed by all BeanPostProcessors (for example: not eligible for auto-proxying)
[2019-08-13 15:16:50.563] INFO [main] PostProcessorRegistrationDelegate.java:330 - Bean 'redisCacheManager' of type [com.ke.shiro.RedisCacheManager] is not eligible for getting processed by all BeanPostProcessors (for example: not eligible for auto-proxying)
[2019-08-13 15:16:50.566] INFO [main] PostProcessorRegistrationDelegate.java:330 - Bean 'securityManager' of type [org.apache.shiro.web.mgt.DefaultWebSecurityManager] is not eligible for getting processed by all BeanPostProcessors (for example: not eligible for auto-proxying)
[2019-08-13 15:16:50.581] INFO [main] PostProcessorRegistrationDelegate.java:330 - Bean 'myShiroPermFilter' of type [com.ke.shiro.MyShiroPermFilter] is not eligible for getting processed by all BeanPostProcessors (for example: not eligible for auto-proxying)
[2019-08-13 15:16:51.130] INFO [main] DruidDataSource.java:947 - {dataSource-1} inited
[2019-08-13 15:16:52.036] INFO [main] TomcatWebServer.java:90 - Tomcat initialized with port(s): 8080 (http)
[2019-08-13 15:16:52.068] INFO [main] DirectJDKLog.java:173 - Initializing ProtocolHandler ["http-nio-8080"]
[2019-08-13 15:16:52.089] INFO [main] DirectJDKLog.java:173 - Starting service [Tomcat]
[2019-08-13 15:16:52.090] INFO [main] DirectJDKLog.java:173 - Starting Servlet Engine: Apache Tomcat/9.0.13
[2019-08-13 15:16:52.110] INFO [main] DirectJDKLog.java:173 - The APR based Apache Tomcat Native library which allows optimal performance in production environments was not found on the java.library.path: [C:\Program Files\Java\jdk1.8.0_111\bin;C:\Windows\Sun\Java\bin;C:\Windows\system32;C:\Windows;C:\Program Files\Java\jdk1.8.0_111\jre\bin;C:/Program Files/Java/jre1.8.0_211/bin/server;C:/Program Files/Java/jre1.8.0_211/bin;C:/Program Files/Java/jre1.8.0_211/lib/amd64;C:\Program Files (x86)\Common Files\Oracle\Java\javapath;C:\ProgramData\Oracle\Java\javapath;C:\Windows\system32;C:\Windows;C:\Windows\System32\Wbem;C:\Windows\System32\WindowsPowerShell\v1.0\;C:\Windows\System32\WindowsPowerShell\v1.0\;C:\mysql-5.6.22-winx64\bin;C:\ke-s6700\dll;C:\ke-s6700\prog;C:\Program Files\Java\jdk1.8.0_111\bin;C:\OpenSSL-Win64\bin;C:\Program Files\Git\cmd;C:\Charging_Pile_Platform\dll;C:\Charging_Pile_Platform\prog;C:\eclipse;;.]
[2019-08-13 15:16:52.739] INFO [main] DirectJDKLog.java:173 - At least one JAR was scanned for TLDs yet contained no TLDs. Enable debug logging for this logger for a complete list of JARs that were scanned but no TLDs were found in them. Skipping unneeded JARs during scanning can improve startup time and JSP compilation time.
[2019-08-13 15:16:52.749] INFO [main] DirectJDKLog.java:173 - Initializing Spring embedded WebApplicationContext
[2019-08-13 15:16:52.751] INFO [main] ServletWebServerApplicationContext.java:296 - Root WebApplicationContext: initialization completed in 6554 ms
[2019-08-13 15:16:52.854] INFO [main] DynamicRegistrationBean.java:111 - Servlet dispatcherServlet was not registered (possibly already registered?)
[2019-08-13 15:16:56.989] INFO [main] ExecutorConfigurationSupport.java:171 - Initializing ExecutorService 'taskScheduler'
[2019-08-13 15:16:57.187] INFO [main] DirectJDKLog.java:173 - Starting ProtocolHandler ["http-nio-8080"]
[2019-08-13 15:16:57.195] INFO [main] DirectJDKLog.java:173 - Using a shared selector for servlet write/read
[2019-08-13 15:16:57.254] INFO [main] TomcatWebServer.java:204 - Tomcat started on port(s): 8080 (http) with context path '/kecharge'
[2019-08-13 15:24:42.406] INFO [main] RepositoryConfigurationDelegate.java:244 - Multiple Spring Data modules found, entering strict repository configuration mode!
[2019-08-13 15:24:42.435] INFO [main] RepositoryConfigurationDelegate.java:126 - Bootstrapping Spring Data repositories in DEFAULT mode.
[2019-08-13 15:24:42.524] INFO [main] RepositoryConfigurationDelegate.java:182 - Finished Spring Data repository scanning in 62ms. Found 0 repository interfaces.
[2019-08-13 15:24:43.493] INFO [main] PostProcessorRegistrationDelegate.java:330 - Bean 'druidConfig' of type [com.ke.configuration.DruidConfig$$EnhancerBySpringCGLIB$$692216d5] is not eligible for getting processed by all BeanPostProcessors (for example: not eligible for auto-proxying)
[2019-08-13 15:24:43.519] INFO [main] PostProcessorRegistrationDelegate.java:330 - Bean 'org.springframework.transaction.annotation.ProxyTransactionManagementConfiguration' of type [org.springframework.transaction.annotation.ProxyTransactionManagementConfiguration$$EnhancerBySpringCGLIB$$3bfe204b] is not eligible for getting processed by all BeanPostProcessors (for example: not eligible for auto-proxying)
[2019-08-13 15:24:43.789] INFO [main] PostProcessorRegistrationDelegate.java:330 - Bean 'druidDataSource' of type [com.alibaba.druid.pool.DruidDataSource] is not eligible for getting processed by all BeanPostProcessors (for example: not eligible for auto-proxying)
[2019-08-13 15:24:43.856] INFO [main] PostProcessorRegistrationDelegate.java:330 - Bean 'spring.datasource-org.springframework.boot.autoconfigure.jdbc.DataSourceProperties' of type [org.springframework.boot.autoconfigure.jdbc.DataSourceProperties] is not eligible for getting processed by all BeanPostProcessors (for example: not eligible for auto-proxying)
[2019-08-13 15:24:43.865] INFO [main] PostProcessorRegistrationDelegate.java:330 - Bean 'org.springframework.boot.autoconfigure.jdbc.DataSourceInitializerInvoker' of type [org.springframework.boot.autoconfigure.jdbc.DataSourceInitializerInvoker] is not eligible for getting processed by all BeanPostProcessors (for example: not eligible for auto-proxying)
[2019-08-13 15:24:43.900] INFO [main] DruidConfig.java:159 - dao层扫描包为:com/ke/mapper/*/*.xml
[2019-08-13 15:24:43.999] INFO [main] PostProcessorRegistrationDelegate.java:330 - Bean 'sqlSessionFactory' of type [org.apache.ibatis.session.defaults.DefaultSqlSessionFactory] is not eligible for getting processed by all BeanPostProcessors (for example: not eligible for auto-proxying)
[2019-08-13 15:24:44.008] INFO [main] PostProcessorRegistrationDelegate.java:330 - Bean 'mybatis-org.mybatis.spring.boot.autoconfigure.MybatisProperties' of type [org.mybatis.spring.boot.autoconfigure.MybatisProperties] is not eligible for getting processed by all BeanPostProcessors (for example: not eligible for auto-proxying)
[2019-08-13 15:24:44.019] INFO [main] PostProcessorRegistrationDelegate.java:330 - Bean 'org.mybatis.spring.boot.autoconfigure.MybatisAutoConfiguration' of type [org.mybatis.spring.boot.autoconfigure.MybatisAutoConfiguration$$EnhancerBySpringCGLIB$$6ed2717b] is not eligible for getting processed by all BeanPostProcessors (for example: not eligible for auto-proxying)
[2019-08-13 15:24:44.037] INFO [main] PostProcessorRegistrationDelegate.java:330 - Bean 'sqlSessionTemplate' of type [org.mybatis.spring.SqlSessionTemplate] is not eligible for getting processed by all BeanPostProcessors (for example: not eligible for auto-proxying)
[2019-08-13 15:24:44.416] INFO [main] PostProcessorRegistrationDelegate.java:330 - Bean 'shiroMapper' of type [org.mybatis.spring.mapper.MapperFactoryBean] is not eligible for getting processed by all BeanPostProcessors (for example: not eligible for auto-proxying)
[2019-08-13 15:24:44.419] INFO [main] PostProcessorRegistrationDelegate.java:330 - Bean 'shiroMapper' of type [com.sun.proxy.$Proxy58] is not eligible for getting processed by all BeanPostProcessors (for example: not eligible for auto-proxying)
[2019-08-13 15:24:44.421] INFO [main] PostProcessorRegistrationDelegate.java:330 - Bean 'shiroConfiguration' of type [com.ke.configuration.ShiroConfiguration$$EnhancerBySpringCGLIB$$f66cd6f4] is not eligible for getting processed by all BeanPostProcessors (for example: not eligible for auto-proxying)
[2019-08-13 15:24:44.929] INFO [main] PostProcessorRegistrationDelegate.java:330 - Bean 'shiroServiceImpl' of type [com.ke.serviceimpl.ShiroServiceImpl] is not eligible for getting processed by all BeanPostProcessors (for example: not eligible for auto-proxying)
[2019-08-13 15:24:44.932] INFO [main] PostProcessorRegistrationDelegate.java:330 - Bean 'myShiroRealm' of type [com.ke.shiro.MyShiroRealm] is not eligible for getting processed by all BeanPostProcessors (for example: not eligible for auto-proxying)
[2019-08-13 15:24:44.937] INFO [main] PostProcessorRegistrationDelegate.java:330 - Bean 'redisSessionDao' of type [com.ke.shiro.RedisSessionDao] is not eligible for getting processed by all BeanPostProcessors (for example: not eligible for auto-proxying)
[2019-08-13 15:24:44.951] INFO [main] PostProcessorRegistrationDelegate.java:330 - Bean 'customSessionManager' of type [com.ke.shiro.CustomSessionManager] is not eligible for getting processed by all BeanPostProcessors (for example: not eligible for auto-proxying)
[2019-08-13 15:24:44.955] INFO [main] PostProcessorRegistrationDelegate.java:330 - Bean 'redisCache' of type [com.ke.shiro.RedisCache] is not eligible for getting processed by all BeanPostProcessors (for example: not eligible for auto-proxying)
[2019-08-13 15:24:44.956] INFO [main] PostProcessorRegistrationDelegate.java:330 - Bean 'redisCacheManager' of type [com.ke.shiro.RedisCacheManager] is not eligible for getting processed by all BeanPostProcessors (for example: not eligible for auto-proxying)
[2019-08-13 15:24:44.959] INFO [main] PostProcessorRegistrationDelegate.java:330 - Bean 'securityManager' of type [org.apache.shiro.web.mgt.DefaultWebSecurityManager] is not eligible for getting processed by all BeanPostProcessors (for example: not eligible for auto-proxying)
[2019-08-13 15:24:44.974] INFO [main] PostProcessorRegistrationDelegate.java:330 - Bean 'myShiroPermFilter' of type [com.ke.shiro.MyShiroPermFilter] is not eligible for getting processed by all BeanPostProcessors (for example: not eligible for auto-proxying)
[2019-08-13 15:24:45.498] INFO [main] DruidDataSource.java:947 - {dataSource-1} inited
[2019-08-13 15:24:46.543] INFO [main] TomcatWebServer.java:90 - Tomcat initialized with port(s): 8080 (http)
[2019-08-13 15:24:46.573] INFO [main] DirectJDKLog.java:173 - Initializing ProtocolHandler ["http-nio-8080"]
[2019-08-13 15:24:46.591] INFO [main] DirectJDKLog.java:173 - Starting service [Tomcat]
[2019-08-13 15:24:46.591] INFO [main] DirectJDKLog.java:173 - Starting Servlet Engine: Apache Tomcat/9.0.13
[2019-08-13 15:24:46.619] INFO [main] DirectJDKLog.java:173 - The APR based Apache Tomcat Native library which allows optimal performance in production environments was not found on the java.library.path: [C:\Program Files\Java\jdk1.8.0_111\bin;C:\Windows\Sun\Java\bin;C:\Windows\system32;C:\Windows;C:\Program Files\Java\jdk1.8.0_111\jre\bin;C:/Program Files/Java/jre1.8.0_211/bin/server;C:/Program Files/Java/jre1.8.0_211/bin;C:/Program Files/Java/jre1.8.0_211/lib/amd64;C:\Program Files (x86)\Common Files\Oracle\Java\javapath;C:\ProgramData\Oracle\Java\javapath;C:\Windows\system32;C:\Windows;C:\Windows\System32\Wbem;C:\Windows\System32\WindowsPowerShell\v1.0\;C:\Windows\System32\WindowsPowerShell\v1.0\;C:\mysql-5.6.22-winx64\bin;C:\ke-s6700\dll;C:\ke-s6700\prog;C:\Program Files\Java\jdk1.8.0_111\bin;C:\OpenSSL-Win64\bin;C:\Program Files\Git\cmd;C:\Charging_Pile_Platform\dll;C:\Charging_Pile_Platform\prog;C:\eclipse;;.]
[2019-08-13 15:24:47.021] INFO [main] DirectJDKLog.java:173 - At least one JAR was scanned for TLDs yet contained no TLDs. Enable debug logging for this logger for a complete list of JARs that were scanned but no TLDs were found in them. Skipping unneeded JARs during scanning can improve startup time and JSP compilation time.
[2019-08-13 15:24:47.029] INFO [main] DirectJDKLog.java:173 - Initializing Spring embedded WebApplicationContext
[2019-08-13 15:24:47.029] INFO [main] ServletWebServerApplicationContext.java:296 - Root WebApplicationContext: initialization completed in 7071 ms
[2019-08-13 15:24:47.120] INFO [main] DynamicRegistrationBean.java:111 - Servlet dispatcherServlet was not registered (possibly already registered?)
[2019-08-13 15:24:50.399] INFO [main] ExecutorConfigurationSupport.java:171 - Initializing ExecutorService 'taskScheduler'
[2019-08-13 15:24:50.603] INFO [main] DirectJDKLog.java:173 - Starting ProtocolHandler ["http-nio-8080"]
[2019-08-13 15:24:50.619] INFO [main] DirectJDKLog.java:173 - Using a shared selector for servlet write/read
[2019-08-13 15:24:50.675] INFO [main] TomcatWebServer.java:204 - Tomcat started on port(s): 8080 (http) with context path '/kecharge'
[2019-08-13 15:25:13.146] INFO [scheduling-1] ChargeServiceImpl.java:1017 - 请求token成功：token：EGUE1Q5UQL8L
