[2019-04-13 00:00:52.231] ERROR [pool-2-thread-1] SerializeUtils.java:82 - 反序列化异常
java.io.StreamCorruptedException: invalid stream header: 7B227274
	at java.io.ObjectInputStream.readStreamHeader(ObjectInputStream.java:866)
	at java.io.ObjectInputStream.<init>(ObjectInputStream.java:358)
	at com.nb.utils.SerializeUtils.deserialize(SerializeUtils.java:76)
	at com.nb.utils.JedisUtils.rpop(JedisUtils.java:1052)
	at com.nb.customer.historydatabase.DailyDataCustomerThread.run(DailyDataCustomerThread.java:66)
	at java.util.concurrent.ThreadPoolExecutor.runWorker(ThreadPoolExecutor.java:1149)
	at java.util.concurrent.ThreadPoolExecutor$Worker.run(ThreadPoolExecutor.java:624)
	at java.lang.Thread.run(Thread.java:748)
[2019-04-13 08:33:55.532] ERROR [pool-4-thread-1] SerializeUtils.java:82 - 反序列化异常
java.io.StreamCorruptedException: invalid stream header: 7B227274
	at java.io.ObjectInputStream.readStreamHeader(ObjectInputStream.java:866)
	at java.io.ObjectInputStream.<init>(ObjectInputStream.java:358)
	at com.nb.utils.SerializeUtils.deserialize(SerializeUtils.java:76)
	at com.nb.utils.JedisUtils.rpop(JedisUtils.java:1052)
	at com.nb.customer.historydatabase.BatteryDataCustomerThread.run(BatteryDataCustomerThread.java:65)
	at java.util.concurrent.ThreadPoolExecutor.runWorker(ThreadPoolExecutor.java:1149)
	at java.util.concurrent.ThreadPoolExecutor$Worker.run(ThreadPoolExecutor.java:624)
	at java.lang.Thread.run(Thread.java:748)
[2019-04-13 08:34:03.101] ERROR [pool-4-thread-1] SerializeUtils.java:82 - 反序列化异常
java.io.StreamCorruptedException: invalid stream header: 7B227274
	at java.io.ObjectInputStream.readStreamHeader(ObjectInputStream.java:866)
	at java.io.ObjectInputStream.<init>(ObjectInputStream.java:358)
	at com.nb.utils.SerializeUtils.deserialize(SerializeUtils.java:76)
	at com.nb.utils.JedisUtils.rpop(JedisUtils.java:1052)
	at com.nb.customer.historydatabase.BatteryDataCustomerThread.run(BatteryDataCustomerThread.java:65)
	at java.util.concurrent.ThreadPoolExecutor.runWorker(ThreadPoolExecutor.java:1149)
	at java.util.concurrent.ThreadPoolExecutor$Worker.run(ThreadPoolExecutor.java:624)
	at java.lang.Thread.run(Thread.java:748)
[2019-04-13 08:34:07.909] ERROR [pool-4-thread-1] SerializeUtils.java:82 - 反序列化异常
java.io.StreamCorruptedException: invalid stream header: 7B227274
	at java.io.ObjectInputStream.readStreamHeader(ObjectInputStream.java:866)
	at java.io.ObjectInputStream.<init>(ObjectInputStream.java:358)
	at com.nb.utils.SerializeUtils.deserialize(SerializeUtils.java:76)
	at com.nb.utils.JedisUtils.rpop(JedisUtils.java:1052)
	at com.nb.customer.historydatabase.BatteryDataCustomerThread.run(BatteryDataCustomerThread.java:65)
	at java.util.concurrent.ThreadPoolExecutor.runWorker(ThreadPoolExecutor.java:1149)
	at java.util.concurrent.ThreadPoolExecutor$Worker.run(ThreadPoolExecutor.java:624)
	at java.lang.Thread.run(Thread.java:748)
[2019-04-13 08:34:09.643] ERROR [pool-4-thread-1] SerializeUtils.java:82 - 反序列化异常
java.io.StreamCorruptedException: invalid stream header: 7B227274
	at java.io.ObjectInputStream.readStreamHeader(ObjectInputStream.java:866)
	at java.io.ObjectInputStream.<init>(ObjectInputStream.java:358)
	at com.nb.utils.SerializeUtils.deserialize(SerializeUtils.java:76)
	at com.nb.utils.JedisUtils.rpop(JedisUtils.java:1052)
	at com.nb.customer.historydatabase.BatteryDataCustomerThread.run(BatteryDataCustomerThread.java:65)
	at java.util.concurrent.ThreadPoolExecutor.runWorker(ThreadPoolExecutor.java:1149)
	at java.util.concurrent.ThreadPoolExecutor$Worker.run(ThreadPoolExecutor.java:624)
	at java.lang.Thread.run(Thread.java:748)
[2019-04-13 08:34:22.926] ERROR [pool-4-thread-1] SerializeUtils.java:82 - 反序列化异常
java.io.StreamCorruptedException: invalid stream header: 7B227274
	at java.io.ObjectInputStream.readStreamHeader(ObjectInputStream.java:866)
	at java.io.ObjectInputStream.<init>(ObjectInputStream.java:358)
	at com.nb.utils.SerializeUtils.deserialize(SerializeUtils.java:76)
	at com.nb.utils.JedisUtils.rpop(JedisUtils.java:1052)
	at com.nb.customer.historydatabase.BatteryDataCustomerThread.run(BatteryDataCustomerThread.java:65)
	at java.util.concurrent.ThreadPoolExecutor.runWorker(ThreadPoolExecutor.java:1149)
	at java.util.concurrent.ThreadPoolExecutor$Worker.run(ThreadPoolExecutor.java:624)
	at java.lang.Thread.run(Thread.java:748)
[2019-04-13 08:35:38.798] ERROR [pool-4-thread-1] SerializeUtils.java:82 - 反序列化异常
java.io.StreamCorruptedException: invalid stream header: 7B227274
	at java.io.ObjectInputStream.readStreamHeader(ObjectInputStream.java:866)
	at java.io.ObjectInputStream.<init>(ObjectInputStream.java:358)
	at com.nb.utils.SerializeUtils.deserialize(SerializeUtils.java:76)
	at com.nb.utils.JedisUtils.rpop(JedisUtils.java:1052)
	at com.nb.customer.historydatabase.BatteryDataCustomerThread.run(BatteryDataCustomerThread.java:65)
	at java.util.concurrent.ThreadPoolExecutor.runWorker(ThreadPoolExecutor.java:1149)
	at java.util.concurrent.ThreadPoolExecutor$Worker.run(ThreadPoolExecutor.java:624)
	at java.lang.Thread.run(Thread.java:748)
[2019-04-13 08:35:39.712] ERROR [pool-4-thread-1] SerializeUtils.java:82 - 反序列化异常
java.io.StreamCorruptedException: invalid stream header: 7B227274
	at java.io.ObjectInputStream.readStreamHeader(ObjectInputStream.java:866)
	at java.io.ObjectInputStream.<init>(ObjectInputStream.java:358)
	at com.nb.utils.SerializeUtils.deserialize(SerializeUtils.java:76)
	at com.nb.utils.JedisUtils.rpop(JedisUtils.java:1052)
	at com.nb.customer.historydatabase.BatteryDataCustomerThread.run(BatteryDataCustomerThread.java:65)
	at java.util.concurrent.ThreadPoolExecutor.runWorker(ThreadPoolExecutor.java:1149)
	at java.util.concurrent.ThreadPoolExecutor$Worker.run(ThreadPoolExecutor.java:624)
	at java.lang.Thread.run(Thread.java:748)
[2019-04-13 08:35:40.259] ERROR [pool-4-thread-1] SerializeUtils.java:82 - 反序列化异常
java.io.StreamCorruptedException: invalid stream header: 7B227274
	at java.io.ObjectInputStream.readStreamHeader(ObjectInputStream.java:866)
	at java.io.ObjectInputStream.<init>(ObjectInputStream.java:358)
	at com.nb.utils.SerializeUtils.deserialize(SerializeUtils.java:76)
	at com.nb.utils.JedisUtils.rpop(JedisUtils.java:1052)
	at com.nb.customer.historydatabase.BatteryDataCustomerThread.run(BatteryDataCustomerThread.java:65)
	at java.util.concurrent.ThreadPoolExecutor.runWorker(ThreadPoolExecutor.java:1149)
	at java.util.concurrent.ThreadPoolExecutor$Worker.run(ThreadPoolExecutor.java:624)
	at java.lang.Thread.run(Thread.java:748)
[2019-04-13 08:35:41.045] ERROR [pool-4-thread-1] SerializeUtils.java:82 - 反序列化异常
java.io.StreamCorruptedException: invalid stream header: 7B227274
	at java.io.ObjectInputStream.readStreamHeader(ObjectInputStream.java:866)
	at java.io.ObjectInputStream.<init>(ObjectInputStream.java:358)
	at com.nb.utils.SerializeUtils.deserialize(SerializeUtils.java:76)
	at com.nb.utils.JedisUtils.rpop(JedisUtils.java:1052)
	at com.nb.customer.historydatabase.BatteryDataCustomerThread.run(BatteryDataCustomerThread.java:65)
	at java.util.concurrent.ThreadPoolExecutor.runWorker(ThreadPoolExecutor.java:1149)
	at java.util.concurrent.ThreadPoolExecutor$Worker.run(ThreadPoolExecutor.java:624)
	at java.lang.Thread.run(Thread.java:748)
[2019-04-13 08:35:41.267] ERROR [pool-4-thread-1] SerializeUtils.java:82 - 反序列化异常
java.io.StreamCorruptedException: invalid stream header: 7B227274
	at java.io.ObjectInputStream.readStreamHeader(ObjectInputStream.java:866)
	at java.io.ObjectInputStream.<init>(ObjectInputStream.java:358)
	at com.nb.utils.SerializeUtils.deserialize(SerializeUtils.java:76)
	at com.nb.utils.JedisUtils.rpop(JedisUtils.java:1052)
	at com.nb.customer.historydatabase.BatteryDataCustomerThread.run(BatteryDataCustomerThread.java:65)
	at java.util.concurrent.ThreadPoolExecutor.runWorker(ThreadPoolExecutor.java:1149)
	at java.util.concurrent.ThreadPoolExecutor$Worker.run(ThreadPoolExecutor.java:624)
	at java.lang.Thread.run(Thread.java:748)
[2019-04-13 08:35:41.464] ERROR [pool-4-thread-1] SerializeUtils.java:82 - 反序列化异常
java.io.StreamCorruptedException: invalid stream header: 7B227274
	at java.io.ObjectInputStream.readStreamHeader(ObjectInputStream.java:866)
	at java.io.ObjectInputStream.<init>(ObjectInputStream.java:358)
	at com.nb.utils.SerializeUtils.deserialize(SerializeUtils.java:76)
	at com.nb.utils.JedisUtils.rpop(JedisUtils.java:1052)
	at com.nb.customer.historydatabase.BatteryDataCustomerThread.run(BatteryDataCustomerThread.java:65)
	at java.util.concurrent.ThreadPoolExecutor.runWorker(ThreadPoolExecutor.java:1149)
	at java.util.concurrent.ThreadPoolExecutor$Worker.run(ThreadPoolExecutor.java:624)
	at java.lang.Thread.run(Thread.java:748)
[2019-04-13 08:35:41.903] ERROR [pool-4-thread-1] SerializeUtils.java:82 - 反序列化异常
java.io.StreamCorruptedException: invalid stream header: 7B227274
	at java.io.ObjectInputStream.readStreamHeader(ObjectInputStream.java:866)
	at java.io.ObjectInputStream.<init>(ObjectInputStream.java:358)
	at com.nb.utils.SerializeUtils.deserialize(SerializeUtils.java:76)
	at com.nb.utils.JedisUtils.rpop(JedisUtils.java:1052)
	at com.nb.customer.historydatabase.BatteryDataCustomerThread.run(BatteryDataCustomerThread.java:65)
	at java.util.concurrent.ThreadPoolExecutor.runWorker(ThreadPoolExecutor.java:1149)
	at java.util.concurrent.ThreadPoolExecutor$Worker.run(ThreadPoolExecutor.java:624)
	at java.lang.Thread.run(Thread.java:748)
[2019-04-13 11:16:18.043] ERROR [main] DirectJDKLog.java:175 - Failed to initialize component [Connector[HTTP/1.1-8080]]
org.apache.catalina.LifecycleException: Protocol handler initialization failed
	at org.apache.catalina.connector.Connector.initInternal(Connector.java:983)
	at org.apache.catalina.util.LifecycleBase.init(LifecycleBase.java:136)
	at org.apache.catalina.core.StandardService.initInternal(StandardService.java:535)
	at org.apache.catalina.util.LifecycleBase.init(LifecycleBase.java:136)
	at org.apache.catalina.core.StandardServer.initInternal(StandardServer.java:1055)
	at org.apache.catalina.util.LifecycleBase.init(LifecycleBase.java:136)
	at org.apache.catalina.util.LifecycleBase.start(LifecycleBase.java:173)
	at org.apache.catalina.startup.Tomcat.start(Tomcat.java:455)
	at org.springframework.boot.web.embedded.tomcat.TomcatWebServer.initialize(TomcatWebServer.java:106)
	at org.springframework.boot.web.embedded.tomcat.TomcatWebServer.<init>(TomcatWebServer.java:86)
	at org.springframework.boot.web.embedded.tomcat.TomcatServletWebServerFactory.getTomcatWebServer(TomcatServletWebServerFactory.java:415)
	at org.springframework.boot.web.embedded.tomcat.TomcatServletWebServerFactory.getWebServer(TomcatServletWebServerFactory.java:174)
	at org.springframework.boot.web.servlet.context.ServletWebServerApplicationContext.createWebServer(ServletWebServerApplicationContext.java:181)
	at org.springframework.boot.web.servlet.context.ServletWebServerApplicationContext.onRefresh(ServletWebServerApplicationContext.java:154)
	at org.springframework.context.support.AbstractApplicationContext.refresh(AbstractApplicationContext.java:543)
	at org.springframework.boot.web.servlet.context.ServletWebServerApplicationContext.refresh(ServletWebServerApplicationContext.java:142)
	at org.springframework.boot.SpringApplication.refresh(SpringApplication.java:775)
	at org.springframework.boot.SpringApplication.refreshContext(SpringApplication.java:397)
	at org.springframework.boot.SpringApplication.run(SpringApplication.java:316)
	at org.springframework.boot.SpringApplication.run(SpringApplication.java:1260)
	at org.springframework.boot.SpringApplication.run(SpringApplication.java:1248)
	at com.nb.NbWaterMeterCollectionApplication.main(NbWaterMeterCollectionApplication.java:22)
Caused by: java.net.BindException: Address already in use: bind
	at sun.nio.ch.Net.bind0(Native Method)
	at sun.nio.ch.Net.bind(Net.java:433)
	at sun.nio.ch.Net.bind(Net.java:425)
	at sun.nio.ch.ServerSocketChannelImpl.bind(ServerSocketChannelImpl.java:223)
	at sun.nio.ch.ServerSocketAdaptor.bind(ServerSocketAdaptor.java:74)
	at org.apache.tomcat.util.net.NioEndpoint.initServerSocket(NioEndpoint.java:236)
	at org.apache.tomcat.util.net.NioEndpoint.bind(NioEndpoint.java:210)
	at org.apache.tomcat.util.net.AbstractEndpoint.bindWithCleanup(AbstractEndpoint.java:1085)
	at org.apache.tomcat.util.net.AbstractEndpoint.init(AbstractEndpoint.java:1098)
	at org.apache.coyote.AbstractProtocol.init(AbstractProtocol.java:557)
	at org.apache.coyote.http11.AbstractHttp11Protocol.init(AbstractHttp11Protocol.java:74)
	at org.apache.catalina.connector.Connector.initInternal(Connector.java:980)
	... 21 common frames omitted
[2019-04-13 11:16:21.085] ERROR [main] DirectJDKLog.java:175 - Failed to start component [Connector[HTTP/1.1-18213]]
org.apache.catalina.LifecycleException: Protocol handler start failed
	at org.apache.catalina.connector.Connector.startInternal(Connector.java:1008)
	at org.apache.catalina.util.LifecycleBase.start(LifecycleBase.java:183)
	at org.apache.catalina.core.StandardService.addConnector(StandardService.java:226)
	at org.springframework.boot.web.embedded.tomcat.TomcatWebServer.addPreviouslyRemovedConnectors(TomcatWebServer.java:259)
	at org.springframework.boot.web.embedded.tomcat.TomcatWebServer.start(TomcatWebServer.java:197)
	at org.springframework.boot.web.servlet.context.ServletWebServerApplicationContext.startWebServer(ServletWebServerApplicationContext.java:311)
	at org.springframework.boot.web.servlet.context.ServletWebServerApplicationContext.finishRefresh(ServletWebServerApplicationContext.java:164)
	at org.springframework.context.support.AbstractApplicationContext.refresh(AbstractApplicationContext.java:552)
	at org.springframework.boot.web.servlet.context.ServletWebServerApplicationContext.refresh(ServletWebServerApplicationContext.java:142)
	at org.springframework.boot.SpringApplication.refresh(SpringApplication.java:775)
	at org.springframework.boot.SpringApplication.refreshContext(SpringApplication.java:397)
	at org.springframework.boot.SpringApplication.run(SpringApplication.java:316)
	at org.springframework.boot.SpringApplication.run(SpringApplication.java:1260)
	at org.springframework.boot.SpringApplication.run(SpringApplication.java:1248)
	at com.nb.NbWaterMeterCollectionApplication.main(NbWaterMeterCollectionApplication.java:22)
Caused by: java.net.BindException: Address already in use: bind
	at sun.nio.ch.Net.bind0(Native Method)
	at sun.nio.ch.Net.bind(Net.java:433)
	at sun.nio.ch.Net.bind(Net.java:425)
	at sun.nio.ch.ServerSocketChannelImpl.bind(ServerSocketChannelImpl.java:223)
	at sun.nio.ch.ServerSocketAdaptor.bind(ServerSocketAdaptor.java:74)
	at org.apache.tomcat.util.net.NioEndpoint.initServerSocket(NioEndpoint.java:236)
	at org.apache.tomcat.util.net.NioEndpoint.bind(NioEndpoint.java:210)
	at org.apache.tomcat.util.net.AbstractEndpoint.bindWithCleanup(AbstractEndpoint.java:1085)
	at org.apache.tomcat.util.net.AbstractEndpoint.start(AbstractEndpoint.java:1171)
	at org.apache.coyote.AbstractProtocol.start(AbstractProtocol.java:568)
	at org.apache.catalina.connector.Connector.startInternal(Connector.java:1005)
	... 14 common frames omitted
[2019-04-13 11:16:21.087] ERROR [main] DirectJDKLog.java:175 - Failed to start component [Connector[HTTP/1.1-8080]]
org.apache.catalina.LifecycleException: Protocol handler start failed
	at org.apache.catalina.connector.Connector.startInternal(Connector.java:1008)
	at org.apache.catalina.util.LifecycleBase.start(LifecycleBase.java:183)
	at org.apache.catalina.core.StandardService.addConnector(StandardService.java:226)
	at org.springframework.boot.web.embedded.tomcat.TomcatWebServer.addPreviouslyRemovedConnectors(TomcatWebServer.java:259)
	at org.springframework.boot.web.embedded.tomcat.TomcatWebServer.start(TomcatWebServer.java:197)
	at org.springframework.boot.web.servlet.context.ServletWebServerApplicationContext.startWebServer(ServletWebServerApplicationContext.java:311)
	at org.springframework.boot.web.servlet.context.ServletWebServerApplicationContext.finishRefresh(ServletWebServerApplicationContext.java:164)
	at org.springframework.context.support.AbstractApplicationContext.refresh(AbstractApplicationContext.java:552)
	at org.springframework.boot.web.servlet.context.ServletWebServerApplicationContext.refresh(ServletWebServerApplicationContext.java:142)
	at org.springframework.boot.SpringApplication.refresh(SpringApplication.java:775)
	at org.springframework.boot.SpringApplication.refreshContext(SpringApplication.java:397)
	at org.springframework.boot.SpringApplication.run(SpringApplication.java:316)
	at org.springframework.boot.SpringApplication.run(SpringApplication.java:1260)
	at org.springframework.boot.SpringApplication.run(SpringApplication.java:1248)
	at com.nb.NbWaterMeterCollectionApplication.main(NbWaterMeterCollectionApplication.java:22)
Caused by: java.net.BindException: Address already in use: bind
	at sun.nio.ch.Net.bind0(Native Method)
	at sun.nio.ch.Net.bind(Net.java:433)
	at sun.nio.ch.Net.bind(Net.java:425)
	at sun.nio.ch.ServerSocketChannelImpl.bind(ServerSocketChannelImpl.java:223)
	at sun.nio.ch.ServerSocketAdaptor.bind(ServerSocketAdaptor.java:74)
	at org.apache.tomcat.util.net.NioEndpoint.initServerSocket(NioEndpoint.java:236)
	at org.apache.tomcat.util.net.NioEndpoint.bind(NioEndpoint.java:210)
	at org.apache.tomcat.util.net.AbstractEndpoint.bindWithCleanup(AbstractEndpoint.java:1085)
	at org.apache.tomcat.util.net.AbstractEndpoint.start(AbstractEndpoint.java:1171)
	at org.apache.coyote.AbstractProtocol.start(AbstractProtocol.java:568)
	at org.apache.catalina.connector.Connector.startInternal(Connector.java:1005)
	... 14 common frames omitted
[2019-04-13 11:16:21.115] ERROR [main] LoggingFailureAnalysisReporter.java:42 - 

***************************
APPLICATION FAILED TO START
***************************

Description:

The Tomcat connector configured to listen on port 18213 failed to start. The port may already be in use or the connector may be misconfigured.

Action:

Verify the connector's configuration, identify and stop any process that's listening on port 18213, or configure this application to listen on another port.

