[2019-03-12 10:04:55.496] INFO [main] RepositoryConfigurationDelegate.java:244 - Multiple Spring Data modules found, entering strict repository configuration mode!
[2019-03-12 10:04:55.537] INFO [main] RepositoryConfigurationDelegate.java:126 - Bootstrapping Spring Data repositories in DEFAULT mode.
[2019-03-12 10:04:55.659] INFO [main] RepositoryConfigurationDelegate.java:182 - Finished Spring Data repository scanning in 66ms. Found 0 repository interfaces.
[2019-03-12 10:04:57.455] INFO [main] PostProcessorRegistrationDelegate.java:330 - Bean 'org.springframework.transaction.annotation.ProxyTransactionManagementConfiguration' of type [org.springframework.transaction.annotation.ProxyTransactionManagementConfiguration$$EnhancerBySpringCGLIB$$eb2565c1] is not eligible for getting processed by all BeanPostProcessors (for example: not eligible for auto-proxying)
[2019-03-12 10:05:01.918] INFO [main] TomcatWebServer.java:90 - Tomcat initialized with port(s): 8080 (http)
[2019-03-12 10:05:02.040] INFO [main] DirectJDKLog.java:173 - Initializing ProtocolHandler ["http-nio-8080"]
[2019-03-12 10:05:02.107] INFO [main] DirectJDKLog.java:173 - Starting service [Tomcat]
[2019-03-12 10:05:02.108] INFO [main] DirectJDKLog.java:173 - Starting Servlet engine: [Apache Tomcat/9.0.16]
[2019-03-12 10:05:02.509] INFO [main] DirectJDKLog.java:173 - The APR based Apache Tomcat Native library which allows optimal performance in production environments was not found on the java.library.path: [C:\Program Files\Java\jre1.8.0_162\bin;C:\Windows\Sun\Java\bin;C:\Windows\system32;C:\Windows;C:/Program Files/Java/jre1.8.0_181/bin/server;C:/Program Files/Java/jre1.8.0_181/bin;C:/Program Files/Java/jre1.8.0_181/lib/amd64;C:\Program Files (x86)\Common Files\Oracle\Java\javapath;C:\ProgramData\Oracle\Java\javapath;C:\Windows\system32;C:\Windows;C:\Windows\System32\Wbem;C:\Windows\System32\WindowsPowerShell\v1.0\;C:\Program Files\Java\jdk1.8.0_131\bin;C:\Program Files\Java\jdk1.8.0_131\jre\bin;D:\develop\apache-maven-3.5.4\bin;D:\mysql-5.6.37-winx64\bin;C:\Program Files\MySQL\MySQL Utilities 1.6\;D:\Redis\Redis-x64-3.2.100;D:\develop\zookeeper-3.4.13\bin;C:\Python36;D:\MongoDB\bin;D:\spring-1.3.0.BUILD-SNAPSHOT\bin;D:\develop\zookeeper-3.4.13\bin;C:\OpenSSL-Win64\bin;D:\develop\gradle-4.10\bin;C:\Program Files\nodejs\;C:\Python36\Scripts\;C:\Python36\;D:\Develop\nodejs\node_global;D:\develop\protobuf\protoc-3.6.1-win32\bin;C:\Users\Administrator\AppData\Roaming\npm;C:\Program Files\nodejs\node_global;;D:\develop\sts-bundle\sts-3.9.5.RELEASE;;.]
[2019-03-12 10:05:03.028] INFO [main] DirectJDKLog.java:173 - Initializing Spring embedded WebApplicationContext
[2019-03-12 10:05:03.028] INFO [main] ServletWebServerApplicationContext.java:296 - Root WebApplicationContext: initialization completed in 11782 ms
[2019-03-12 10:05:04.854] INFO [main] StdSchedulerFactory.java:1208 - Using default implementation for ThreadExecutor
[2019-03-12 10:05:04.916] INFO [main] SchedulerSignalerImpl.java:61 - Initialized Scheduler Signaller of type: class org.quartz.core.SchedulerSignalerImpl
[2019-03-12 10:05:04.917] INFO [main] QuartzScheduler.java:229 - Quartz Scheduler v.2.3.0 created.
[2019-03-12 10:05:04.920] INFO [main] RAMJobStore.java:155 - RAMJobStore initialized.
[2019-03-12 10:05:04.923] INFO [main] QuartzScheduler.java:294 - Scheduler meta-data: Quartz Scheduler (v2.3.0) 'quartzScheduler' with instanceId 'NON_CLUSTERED'
  Scheduler class: 'org.quartz.core.QuartzScheduler' - running locally.
  NOT STARTED.
  Currently in standby mode.
  Number of jobs executed: 0
  Using thread pool 'org.quartz.simpl.SimpleThreadPool' - with 10 threads.
  Using job-store 'org.quartz.simpl.RAMJobStore' - which does not support persistence. and is not clustered.

[2019-03-12 10:05:04.923] INFO [main] StdSchedulerFactory.java:1362 - Quartz scheduler 'quartzScheduler' initialized from an externally provided properties instance.
[2019-03-12 10:05:04.924] INFO [main] StdSchedulerFactory.java:1366 - Quartz scheduler version: 2.3.0
[2019-03-12 10:05:04.925] INFO [main] QuartzScheduler.java:2287 - JobFactory set to: org.springframework.scheduling.quartz.SpringBeanJobFactory@45d64d27
[2019-03-12 10:05:05.622] INFO [main] DruidConfig.java:160 - dao层扫描包为:com/ke/mapper/*/*.xml
[2019-03-12 10:05:09.476] INFO [main] ExecutorConfigurationSupport.java:171 - Initializing ExecutorService 'applicationTaskExecutor'
[2019-03-12 10:05:10.914] INFO [main] ExecutorConfigurationSupport.java:171 - Initializing ExecutorService 'taskScheduler'
[2019-03-12 10:05:11.144] INFO [main] SchedulerFactoryBean.java:726 - Starting Quartz Scheduler now
[2019-03-12 10:05:11.145] INFO [main] QuartzScheduler.java:547 - Scheduler quartzScheduler_$_NON_CLUSTERED started.
[2019-03-12 10:05:11.197] INFO [main] DirectJDKLog.java:173 - Starting ProtocolHandler ["http-nio-8080"]
[2019-03-12 10:05:11.398] INFO [main] TomcatWebServer.java:204 - Tomcat started on port(s): 8080 (http) with context path '/NBWaterMeterCollection'
