[2018-11-19 08:36:47.873] INFO [https-jsse-nio-8443-exec-7] CallBackController.java:110 - 接收updateDeviceData:{notifyType=deviceDataChanged, deviceId=038b84c9-f588-4254-9535-2b34c73c8b06, gatewayId=038b84c9-f588-4254-9535-2b34c73c8b06, requestId=null, service={serviceId=CheckService, serviceType=CheckService, data={check=1, ver=1.00, data=1577237}, eventTime=20181119T003648Z}}
[2018-11-19 08:56:31.367] INFO [https-jsse-nio-8443-exec-6] CallBackController.java:110 - 接收updateDeviceData:{notifyType=deviceDataChanged, deviceId=038b84c9-f588-4254-9535-2b34c73c8b06, gatewayId=038b84c9-f588-4254-9535-2b34c73c8b06, requestId=null, service={serviceId=AlarmService, serviceType=AlarmService, data={alarmtype=3, slope=1, magnetic=0}, eventTime=20181119T005631Z}}
[2018-11-19 08:56:31.368] INFO [https-jsse-nio-8443-exec-6] AlarmService.java:42 - 上传告警:设备id：038b84c9-f588-4254-9535-2b34c73c8b06 ,告警内容：{serviceType=AlarmService, data={alarmtype=3, slope=1, magnetic=0}, eventTime=20181119T005631Z, serviceId=AlarmService}
[2018-11-19 08:56:34.704] INFO [https-jsse-nio-8443-exec-1] CallBackController.java:110 - 接收updateDeviceData:{notifyType=deviceDataChanged, deviceId=038b84c9-f588-4254-9535-2b34c73c8b06, gatewayId=038b84c9-f588-4254-9535-2b34c73c8b06, requestId=null, service={serviceId=AlarmService, serviceType=AlarmService, data={alarmtype=3, slope=1, magnetic=0}, eventTime=20181119T005634Z}}
[2018-11-19 08:56:34.704] INFO [https-jsse-nio-8443-exec-1] AlarmService.java:42 - 上传告警:设备id：038b84c9-f588-4254-9535-2b34c73c8b06 ,告警内容：{serviceType=AlarmService, data={alarmtype=3, slope=1, magnetic=0}, eventTime=20181119T005634Z, serviceId=AlarmService}
[2018-11-19 08:56:38.606] INFO [https-jsse-nio-8443-exec-7] CallBackController.java:110 - 接收updateDeviceData:{notifyType=deviceDataChanged, deviceId=038b84c9-f588-4254-9535-2b34c73c8b06, gatewayId=038b84c9-f588-4254-9535-2b34c73c8b06, requestId=null, service={serviceId=CheckService, serviceType=CheckService, data={check=1, ver=1.00, data=1577237}, eventTime=20181119T005638Z}}
[2018-11-19 09:29:53.694] INFO [https-jsse-nio-8443-exec-7] CallBackController.java:39 - 接收addDevice{notifyType=deviceAdded, deviceId=e4d64008-3363-43e7-a63a-3a662a17a3d2, gatewayId=e4d64008-3363-43e7-a63a-3a662a17a3d2, nodeType=GATEWAY, deviceInfo={nodeId=869029030104888, name=null, description=null, manufacturerId=null, manufacturerName=null, mac=null, location=null, deviceType=null, model=null, swVersion=null, fwVersion=null, hwVersion=null, protocolType=null, bridgeId=null, status=OFFLINE, statusDetail=NOT_ACTIVE, mute=null, supportedSecurity=null, isSecurity=null, signalStrength=null, sigVersion=null, serialNumber=null, batteryLevel=null}}
[2018-11-23 13:58:49.968] INFO [https-jsse-nio-8443-exec-4] CallBackController.java:120 - 接收updateDeviceData:{notifyType=deviceDataChanged, deviceId=5e81d9d4-a8f1-49f6-885f-3f02d60769e2, gatewayId=5e81d9d4-a8f1-49f6-885f-3f02d60769e2, requestId=null, service={serviceId=AlarmService, serviceType=AlarmService, data={alarmtype=3, slope=1, magnetic=0}, eventTime=20181123T055849Z}}
[2018-11-23 13:58:50.015] INFO [https-jsse-nio-8443-exec-4] AlarmService.java:42 - 上传告警:设备id：5e81d9d4-a8f1-49f6-885f-3f02d60769e2 ,告警内容：{serviceType=AlarmService, data={alarmtype=3, slope=1, magnetic=0}, eventTime=20181123T055849Z, serviceId=AlarmService}
[2018-11-23 14:06:14.366] INFO [https-jsse-nio-8443-exec-4] CallBackController.java:246 - 接受命令响应：{deviceId=5e81d9d4-a8f1-49f6-885f-3f02d60769e2, commandId=eefe64448e59490e8c402f5870ccdbb4, result={resultCode=TIMEOUT, resultDetail=null}}
[2018-11-23 14:06:14.366] INFO [https-jsse-nio-8443-exec-5] CallBackController.java:246 - 接受命令响应：{deviceId=5e81d9d4-a8f1-49f6-885f-3f02d60769e2, commandId=7130a793f3f148ea8a92a5891be40483, result={resultCode=SENT, resultDetail=null}}
[2018-11-23 14:09:48.803] INFO [https-jsse-nio-8443-exec-2] CallBackController.java:246 - 接受命令响应：{deviceId=5e81d9d4-a8f1-49f6-885f-3f02d60769e2, commandId=7130a793f3f148ea8a92a5891be40483, result={resultCode=TIMEOUT, resultDetail=null}}
[2018-11-23 14:15:43.261] INFO [https-jsse-nio-8443-exec-9] CallBackController.java:39 - 接收addDevice{notifyType=deviceAdded, deviceId=02b80974-eedb-423e-a1b3-75f43328d4e8, gatewayId=02b80974-eedb-423e-a1b3-75f43328d4e8, nodeType=GATEWAY, deviceInfo={nodeId=869029030051873, name=null, description=null, manufacturerId=null, manufacturerName=null, mac=null, location=null, deviceType=null, model=null, swVersion=null, fwVersion=null, hwVersion=null, protocolType=null, bridgeId=null, status=OFFLINE, statusDetail=NOT_ACTIVE, mute=null, supportedSecurity=null, isSecurity=null, signalStrength=null, sigVersion=null, serialNumber=null, batteryLevel=null}}
[2018-11-23 14:22:20.234] INFO [https-jsse-nio-8443-exec-4] CallBackController.java:246 - 接受命令响应：{deviceId=5e81d9d4-a8f1-49f6-885f-3f02d60769e2, commandId=87138375a4b74c108b8fd76a2ece3465, result={resultCode=DELIVERED, resultDetail=null}}
[2018-11-23 14:23:31.975] INFO [https-jsse-nio-8443-exec-1] CallBackController.java:246 - 接受命令响应：{deviceId=5e81d9d4-a8f1-49f6-885f-3f02d60769e2, commandId=a9c4f0afe9f440a59dec47197b9d3e48, result={resultCode=DELIVERED, resultDetail=null}}
[2018-11-23 14:35:18.479] INFO [https-jsse-nio-8443-exec-6] CallBackController.java:246 - 接受命令响应：{deviceId=02b80974-eedb-423e-a1b3-75f43328d4e8, commandId=5246260bd7024132923c357175fd298e, result={resultCode=DELIVERED, resultDetail=null}}
[2018-11-23 15:20:21.621] INFO [https-jsse-nio-8443-exec-3] CallBackController.java:246 - 接受命令响应：{deviceId=5e81d9d4-a8f1-49f6-885f-3f02d60769e2, commandId=6a739bb8ac6146a6b5172e9487fd5144, result={resultCode=TIMEOUT, resultDetail=null}}
[2018-11-23 15:29:42.123] INFO [https-jsse-nio-8443-exec-3] CallBackController.java:246 - 接受命令响应：{deviceId=5e81d9d4-a8f1-49f6-885f-3f02d60769e2, commandId=5acf2c19b6db4378889aed304180819b, result={resultCode=TIMEOUT, resultDetail=null}}
[2018-11-23 15:29:42.139] INFO [https-jsse-nio-8443-exec-8] CallBackController.java:246 - 接受命令响应：{deviceId=5e81d9d4-a8f1-49f6-885f-3f02d60769e2, commandId=ac27c6b175ea4b22ab9603704e949738, result={resultCode=SENT, resultDetail=null}}
[2018-11-23 15:32:13.781] INFO [https-jsse-nio-8443-exec-4] CallBackController.java:246 - 接受命令响应：{deviceId=5e81d9d4-a8f1-49f6-885f-3f02d60769e2, commandId=ac27c6b175ea4b22ab9603704e949738, result={resultCode=TIMEOUT, resultDetail=null}}
[2018-11-23 15:44:05.192] INFO [https-jsse-nio-8443-exec-6] CallBackController.java:246 - 接受命令响应：{deviceId=5e81d9d4-a8f1-49f6-885f-3f02d60769e2, commandId=3f6d368f51a04b15b8d154eb6dba551b, result={resultCode=DELIVERED, resultDetail=null}}
[2018-11-23 16:59:26.306] INFO [https-jsse-nio-8443-exec-3] CallBackController.java:246 - 接受命令响应：{deviceId=5e81d9d4-a8f1-49f6-885f-3f02d60769e2, commandId=6e2374c5620e4fa1b752c6755d6504f0, result={resultCode=DELIVERED, resultDetail=null}}
[2018-11-24 08:51:17.497] INFO [https-jsse-nio-8443-exec-8] CallBackController.java:246 - 接受命令响应：{deviceId=5e81d9d4-a8f1-49f6-885f-3f02d60769e2, commandId=58f25a50aa9a42be8360867f7577c905, result={resultCode=DELIVERED, resultDetail=null}}
[2018-11-24 08:51:43.748] INFO [https-jsse-nio-8443-exec-6] CallBackController.java:246 - 接受命令响应：{deviceId=5e81d9d4-a8f1-49f6-885f-3f02d60769e2, commandId=58f25a50aa9a42be8360867f7577c905, result={resultCode=SUCCESSFUL, resultDetail={result=0}}}
[2018-11-24 08:52:39.130] INFO [https-jsse-nio-8443-exec-10] CallBackController.java:246 - 接受命令响应：{deviceId=5e81d9d4-a8f1-49f6-885f-3f02d60769e2, commandId=8e8ead54beb244d4924c2ffdf9885707, result={resultCode=DELIVERED, resultDetail=null}}
[2018-11-24 08:52:46.850] INFO [https-jsse-nio-8443-exec-7] CallBackController.java:246 - 接受命令响应：{deviceId=5e81d9d4-a8f1-49f6-885f-3f02d60769e2, commandId=8e8ead54beb244d4924c2ffdf9885707, result={resultCode=SUCCESSFUL, resultDetail={result=65535}}}
[2018-11-24 08:53:17.681] INFO [https-jsse-nio-8443-exec-2] CallBackController.java:246 - 接受命令响应：{deviceId=5e81d9d4-a8f1-49f6-885f-3f02d60769e2, commandId=009fe9f16a3346e59e508b425a9b3395, result={resultCode=DELIVERED, resultDetail=null}}
[2018-11-24 08:53:40.620] INFO [https-jsse-nio-8443-exec-9] CallBackController.java:246 - 接受命令响应：{deviceId=5e81d9d4-a8f1-49f6-885f-3f02d60769e2, commandId=009fe9f16a3346e59e508b425a9b3395, result={resultCode=SUCCESSFUL, resultDetail={result=65535}}}
[2018-11-24 08:57:25.028] INFO [https-jsse-nio-8443-exec-9] CallBackController.java:246 - 接受命令响应：{deviceId=5e81d9d4-a8f1-49f6-885f-3f02d60769e2, commandId=58f25a50aa9a42be8360867f7577c905, result={resultCode=SUCCESSFUL, resultDetail={result=0}}}
[2018-11-24 08:57:26.178] INFO [https-jsse-nio-8443-exec-2] CallBackController.java:246 - 接受命令响应：{deviceId=5e81d9d4-a8f1-49f6-885f-3f02d60769e2, commandId=b6e30b2d01ff4889a435b3612096780f, result={resultCode=DELIVERED, resultDetail=null}}
[2018-11-24 08:57:35.900] INFO [https-jsse-nio-8443-exec-10] CallBackController.java:246 - 接受命令响应：{deviceId=5e81d9d4-a8f1-49f6-885f-3f02d60769e2, commandId=b6e30b2d01ff4889a435b3612096780f, result={resultCode=SUCCESSFUL, resultDetail={result=0}}}
[2018-11-24 08:57:37.369] INFO [https-jsse-nio-8443-exec-3] CallBackController.java:246 - 接受命令响应：{deviceId=5e81d9d4-a8f1-49f6-885f-3f02d60769e2, commandId=eb2cc7f2ba624ebc9ec9c9934e6167fc, result={resultCode=DELIVERED, resultDetail=null}}
[2018-11-24 08:57:52.794] INFO [https-jsse-nio-8443-exec-7] CallBackController.java:246 - 接受命令响应：{deviceId=5e81d9d4-a8f1-49f6-885f-3f02d60769e2, commandId=69d83a830db54c18bebeb670c0cbf1d7, result={resultCode=DELIVERED, resultDetail=null}}
[2018-11-24 09:00:39.342] INFO [https-jsse-nio-8443-exec-5] CallBackController.java:246 - 接受命令响应：{deviceId=5e81d9d4-a8f1-49f6-885f-3f02d60769e2, commandId=69d83a830db54c18bebeb670c0cbf1d7, result={resultCode=SUCCESSFUL, resultDetail={result=0}}}
[2018-11-24 09:03:34.687] INFO [https-jsse-nio-8443-exec-9] CallBackController.java:246 - 接受命令响应：{deviceId=5e81d9d4-a8f1-49f6-885f-3f02d60769e2, commandId=58f25a50aa9a42be8360867f7577c905, result={resultCode=SUCCESSFUL, resultDetail={result=0}}}
[2018-11-24 09:05:47.646] INFO [https-jsse-nio-8443-exec-5] CallBackController.java:246 - 接受命令响应：{deviceId=5e81d9d4-a8f1-49f6-885f-3f02d60769e2, commandId=44fd6a170a6943d1a1b9627e68ba5f19, result={resultCode=DELIVERED, resultDetail=null}}
[2018-11-24 09:05:47.663] INFO [https-jsse-nio-8443-exec-9] CallBackController.java:246 - 接受命令响应：{deviceId=5e81d9d4-a8f1-49f6-885f-3f02d60769e2, commandId=d9e38e41ae43499b80a5f24e4f4796a1, result={resultCode=SENT, resultDetail=null}}
[2018-11-24 09:05:48.289] INFO [https-jsse-nio-8443-exec-6] CallBackController.java:246 - 接受命令响应：{deviceId=5e81d9d4-a8f1-49f6-885f-3f02d60769e2, commandId=44fd6a170a6943d1a1b9627e68ba5f19, result={resultCode=SUCCESSFUL, resultDetail={result=65535}}}
[2018-11-24 09:05:50.148] INFO [https-jsse-nio-8443-exec-8] CallBackController.java:246 - 接受命令响应：{deviceId=5e81d9d4-a8f1-49f6-885f-3f02d60769e2, commandId=d9e38e41ae43499b80a5f24e4f4796a1, result={resultCode=DELIVERED, resultDetail=null}}
[2018-11-24 09:11:57.107] INFO [https-jsse-nio-8443-exec-2] CallBackController.java:246 - 接受命令响应：{deviceId=5e81d9d4-a8f1-49f6-885f-3f02d60769e2, commandId=c51ba44ad8ca41259d15d307ff882b04, result={resultCode=DELIVERED, resultDetail=null}}
[2018-11-24 09:12:05.217] INFO [https-jsse-nio-8443-exec-8] CallBackController.java:246 - 接受命令响应：{deviceId=5e81d9d4-a8f1-49f6-885f-3f02d60769e2, commandId=c51ba44ad8ca41259d15d307ff882b04, result={resultCode=SUCCESSFUL, resultDetail={result=0}}}
[2018-11-24 09:12:15.440] INFO [https-jsse-nio-8443-exec-10] CallBackController.java:246 - 接受命令响应：{deviceId=5e81d9d4-a8f1-49f6-885f-3f02d60769e2, commandId=c15ead8553644ca791f110f863385318, result={resultCode=DELIVERED, resultDetail=null}}
[2018-11-24 09:12:19.300] INFO [https-jsse-nio-8443-exec-3] CallBackController.java:246 - 接受命令响应：{deviceId=5e81d9d4-a8f1-49f6-885f-3f02d60769e2, commandId=c15ead8553644ca791f110f863385318, result={resultCode=SUCCESSFUL, resultDetail={result=0}}}
[2018-11-24 09:12:49.977] INFO [https-jsse-nio-8443-exec-9] CallBackController.java:246 - 接受命令响应：{deviceId=5e81d9d4-a8f1-49f6-885f-3f02d60769e2, commandId=00b8e75b70ff43d88c64b8df4b38deec, result={resultCode=DELIVERED, resultDetail=null}}
[2018-11-24 09:12:53.841] INFO [https-jsse-nio-8443-exec-7] CallBackController.java:246 - 接受命令响应：{deviceId=5e81d9d4-a8f1-49f6-885f-3f02d60769e2, commandId=00b8e75b70ff43d88c64b8df4b38deec, result={resultCode=SUCCESSFUL, resultDetail={result=1}}}
[2018-11-24 09:13:13.093] INFO [https-jsse-nio-8443-exec-2] CallBackController.java:246 - 接受命令响应：{deviceId=5e81d9d4-a8f1-49f6-885f-3f02d60769e2, commandId=cd20e1bb566a48f38504dda01501f9aa, result={resultCode=DELIVERED, resultDetail=null}}
[2018-11-24 09:13:13.093] INFO [https-jsse-nio-8443-exec-6] CallBackController.java:246 - 接受命令响应：{deviceId=5e81d9d4-a8f1-49f6-885f-3f02d60769e2, commandId=cd20e1bb566a48f38504dda01501f9aa, result={resultCode=SUCCESSFUL, resultDetail={result=2}}}
[2018-11-24 09:13:18.176] INFO [https-jsse-nio-8443-exec-3] CallBackController.java:246 - 接受命令响应：{deviceId=5e81d9d4-a8f1-49f6-885f-3f02d60769e2, commandId=d5a2fc9f855643eaae2bec61d9c31259, result={resultCode=SUCCESSFUL, resultDetail={result=65535}}}
[2018-11-24 09:13:20.724] INFO [https-jsse-nio-8443-exec-9] CallBackController.java:246 - 接受命令响应：{deviceId=5e81d9d4-a8f1-49f6-885f-3f02d60769e2, commandId=d30c5de7bdbe4e7fad696026b0f89810, result={resultCode=DELIVERED, resultDetail=null}}
[2018-11-24 09:15:29.039] INFO [https-jsse-nio-8443-exec-2] CallBackController.java:246 - 接受命令响应：{deviceId=5e81d9d4-a8f1-49f6-885f-3f02d60769e2, commandId=fae85488b715432c8602cca7ed0696a7, result={resultCode=DELIVERED, resultDetail=null}}
[2018-11-24 09:15:31.275] INFO [https-jsse-nio-8443-exec-8] CallBackController.java:246 - 接受命令响应：{deviceId=5e81d9d4-a8f1-49f6-885f-3f02d60769e2, commandId=fae85488b715432c8602cca7ed0696a7, result={resultCode=SUCCESSFUL, resultDetail={result=0}}}
[2018-11-24 09:15:37.653] INFO [https-jsse-nio-8443-exec-6] CallBackController.java:246 - 接受命令响应：{deviceId=5e81d9d4-a8f1-49f6-885f-3f02d60769e2, commandId=b67ded606e62408695c8e847737d1696, result={resultCode=DELIVERED, resultDetail=null}}
[2018-11-24 09:15:45.357] INFO [https-jsse-nio-8443-exec-3] CallBackController.java:246 - 接受命令响应：{deviceId=5e81d9d4-a8f1-49f6-885f-3f02d60769e2, commandId=b67ded606e62408695c8e847737d1696, result={resultCode=SUCCESSFUL, resultDetail={result=0}}}
[2018-11-24 09:15:56.865] INFO [https-jsse-nio-8443-exec-9] CallBackController.java:246 - 接受命令响应：{deviceId=5e81d9d4-a8f1-49f6-885f-3f02d60769e2, commandId=f5ac41620c0242d19bfc30a34465bbc5, result={resultCode=DELIVERED, resultDetail=null}}
[2018-11-24 09:15:59.444] INFO [https-jsse-nio-8443-exec-2] CallBackController.java:246 - 接受命令响应：{deviceId=5e81d9d4-a8f1-49f6-885f-3f02d60769e2, commandId=f5ac41620c0242d19bfc30a34465bbc5, result={resultCode=SUCCESSFUL, resultDetail={result=1}}}
[2018-11-24 09:16:16.040] INFO [https-jsse-nio-8443-exec-8] CallBackController.java:246 - 接受命令响应：{deviceId=5e81d9d4-a8f1-49f6-885f-3f02d60769e2, commandId=33ac5431e74b4b88a8c8432a1b10b804, result={resultCode=DELIVERED, resultDetail=null}}
[2018-11-24 09:16:23.745] INFO [https-jsse-nio-8443-exec-6] CallBackController.java:246 - 接受命令响应：{deviceId=5e81d9d4-a8f1-49f6-885f-3f02d60769e2, commandId=33ac5431e74b4b88a8c8432a1b10b804, result={resultCode=SUCCESSFUL, resultDetail={result=2}}}
[2018-11-24 09:16:34.641] INFO [https-jsse-nio-8443-exec-1] CallBackController.java:246 - 接受命令响应：{deviceId=5e81d9d4-a8f1-49f6-885f-3f02d60769e2, commandId=58f25a50aa9a42be8360867f7577c905, result={resultCode=SUCCESSFUL, resultDetail={result=0}}}
[2018-11-24 09:16:41.566] INFO [https-jsse-nio-8443-exec-7] CallBackController.java:246 - 接受命令响应：{deviceId=5e81d9d4-a8f1-49f6-885f-3f02d60769e2, commandId=8e8ead54beb244d4924c2ffdf9885707, result={resultCode=SUCCESSFUL, resultDetail={result=65535}}}
[2018-11-24 09:16:41.675] INFO [https-jsse-nio-8443-exec-1] CallBackController.java:246 - 接受命令响应：{deviceId=5e81d9d4-a8f1-49f6-885f-3f02d60769e2, commandId=9d61f6185a764ab8b0472731ae720913, result={resultCode=SENT, resultDetail=null}}
[2018-11-24 09:16:41.675] INFO [https-jsse-nio-8443-exec-2] CallBackController.java:246 - 接受命令响应：{deviceId=5e81d9d4-a8f1-49f6-885f-3f02d60769e2, commandId=07796692f5914775af20f97b04d26f1d, result={resultCode=DELIVERED, resultDetail=null}}
[2018-11-24 09:16:42.831] INFO [https-jsse-nio-8443-exec-10] CallBackController.java:246 - 接受命令响应：{deviceId=5e81d9d4-a8f1-49f6-885f-3f02d60769e2, commandId=07796692f5914775af20f97b04d26f1d, result={resultCode=SUCCESSFUL, resultDetail={result=3}}}
[2018-11-24 09:16:44.239] INFO [https-jsse-nio-8443-exec-3] CallBackController.java:246 - 接受命令响应：{deviceId=5e81d9d4-a8f1-49f6-885f-3f02d60769e2, commandId=9d61f6185a764ab8b0472731ae720913, result={resultCode=DELIVERED, resultDetail=null}}
[2018-11-24 09:16:45.803] INFO [https-jsse-nio-8443-exec-2] CallBackController.java:246 - 接受命令响应：{deviceId=5e81d9d4-a8f1-49f6-885f-3f02d60769e2, commandId=009fe9f16a3346e59e508b425a9b3395, result={resultCode=SUCCESSFUL, resultDetail={result=65535}}}
[2018-11-24 09:16:48.117] INFO [https-jsse-nio-8443-exec-6] CallBackController.java:246 - 接受命令响应：{deviceId=5e81d9d4-a8f1-49f6-885f-3f02d60769e2, commandId=e1a317f722e145f88d86e01dd0795798, result={resultCode=SUCCESSFUL, resultDetail={result=65535}}}
[2018-11-24 09:16:50.461] INFO [https-jsse-nio-8443-exec-1] CallBackController.java:246 - 接受命令响应：{deviceId=5e81d9d4-a8f1-49f6-885f-3f02d60769e2, commandId=b6e30b2d01ff4889a435b3612096780f, result={resultCode=SUCCESSFUL, resultDetail={result=0}}}
[2018-11-24 09:16:50.555] INFO [https-jsse-nio-8443-exec-7] CallBackController.java:246 - 接受命令响应：{deviceId=5e81d9d4-a8f1-49f6-885f-3f02d60769e2, commandId=4bb64656d46646e79f90ab2a02770709, result={resultCode=SENT, resultDetail=null}}
[2018-11-24 09:16:50.664] INFO [https-jsse-nio-8443-exec-5] CallBackController.java:246 - 接受命令响应：{deviceId=5e81d9d4-a8f1-49f6-885f-3f02d60769e2, commandId=2b8782e7da1948ad8cb90919becc0662, result={resultCode=DELIVERED, resultDetail=null}}
[2018-11-24 09:16:51.275] INFO [https-jsse-nio-8443-exec-6] CallBackController.java:246 - 接受命令响应：{deviceId=5e81d9d4-a8f1-49f6-885f-3f02d60769e2, commandId=69d83a830db54c18bebeb670c0cbf1d7, result={resultCode=SUCCESSFUL, resultDetail={result=0}}}
[2018-11-24 09:16:51.650] INFO [https-jsse-nio-8443-exec-2] CallBackController.java:246 - 接受命令响应：{deviceId=5e81d9d4-a8f1-49f6-885f-3f02d60769e2, commandId=44fd6a170a6943d1a1b9627e68ba5f19, result={resultCode=SUCCESSFUL, resultDetail={result=65535}}}
[2018-11-24 09:16:51.915] INFO [https-jsse-nio-8443-exec-7] CallBackController.java:246 - 接受命令响应：{deviceId=5e81d9d4-a8f1-49f6-885f-3f02d60769e2, commandId=4bb64656d46646e79f90ab2a02770709, result={resultCode=SUCCESSFUL, resultDetail={result=65535}}}
[2018-11-24 09:16:51.931] INFO [https-jsse-nio-8443-exec-9] CallBackController.java:246 - 接受命令响应：{deviceId=5e81d9d4-a8f1-49f6-885f-3f02d60769e2, commandId=f87b49b2e11640cfba700e700e71fe5a, result={resultCode=SENT, resultDetail=null}}
[2018-11-24 09:16:52.056] INFO [https-jsse-nio-8443-exec-10] CallBackController.java:246 - 接受命令响应：{deviceId=5e81d9d4-a8f1-49f6-885f-3f02d60769e2, commandId=36b13bdd1ac34734abc65d279acaf2a2, result={resultCode=DELIVERED, resultDetail=null}}
[2018-11-24 09:16:52.119] INFO [https-jsse-nio-8443-exec-4] CallBackController.java:246 - 接受命令响应：{deviceId=5e81d9d4-a8f1-49f6-885f-3f02d60769e2, commandId=36b13bdd1ac34734abc65d279acaf2a2, result={resultCode=SUCCESSFUL, resultDetail={result=65535}}}
[2018-11-24 09:16:52.496] INFO [https-jsse-nio-8443-exec-8] CallBackController.java:246 - 接受命令响应：{deviceId=5e81d9d4-a8f1-49f6-885f-3f02d60769e2, commandId=c51ba44ad8ca41259d15d307ff882b04, result={resultCode=SUCCESSFUL, resultDetail={result=0}}}
[2018-11-24 09:16:54.497] INFO [https-jsse-nio-8443-exec-10] CallBackController.java:246 - 接受命令响应：{deviceId=5e81d9d4-a8f1-49f6-885f-3f02d60769e2, commandId=f87b49b2e11640cfba700e700e71fe5a, result={resultCode=SUCCESSFUL, resultDetail={result=65535}}}
[2018-11-24 09:16:54.497] INFO [https-jsse-nio-8443-exec-4] CallBackController.java:246 - 接受命令响应：{deviceId=5e81d9d4-a8f1-49f6-885f-3f02d60769e2, commandId=f87b49b2e11640cfba700e700e71fe5a, result={resultCode=DELIVERED, resultDetail=null}}
[2018-11-24 09:16:54.497] INFO [https-jsse-nio-8443-exec-2] CallBackController.java:246 - 接受命令响应：{deviceId=5e81d9d4-a8f1-49f6-885f-3f02d60769e2, commandId=85c3397498374dc0a257985dbf05eb5d, result={resultCode=SENT, resultDetail=null}}
[2018-11-24 09:16:54.748] INFO [https-jsse-nio-8443-exec-3] CallBackController.java:246 - 接受命令响应：{deviceId=5e81d9d4-a8f1-49f6-885f-3f02d60769e2, commandId=c15ead8553644ca791f110f863385318, result={resultCode=SUCCESSFUL, resultDetail={result=0}}}
[2018-11-24 09:16:55.341] INFO [https-jsse-nio-8443-exec-7] CallBackController.java:246 - 接受命令响应：{deviceId=5e81d9d4-a8f1-49f6-885f-3f02d60769e2, commandId=00b8e75b70ff43d88c64b8df4b38deec, result={resultCode=SUCCESSFUL, resultDetail={result=1}}}
[2018-11-24 09:16:55.686] INFO [https-jsse-nio-8443-exec-1] CallBackController.java:246 - 接受命令响应：{deviceId=5e81d9d4-a8f1-49f6-885f-3f02d60769e2, commandId=b67ded606e62408695c8e847737d1696, result={resultCode=SUCCESSFUL, resultDetail={result=0}}}
[2018-11-24 09:16:56.045] INFO [https-jsse-nio-8443-exec-9] CallBackController.java:246 - 接受命令响应：{deviceId=5e81d9d4-a8f1-49f6-885f-3f02d60769e2, commandId=f5ac41620c0242d19bfc30a34465bbc5, result={resultCode=SUCCESSFUL, resultDetail={result=1}}}
[2018-11-24 09:16:56.405] INFO [https-jsse-nio-8443-exec-4] CallBackController.java:246 - 接受命令响应：{deviceId=5e81d9d4-a8f1-49f6-885f-3f02d60769e2, commandId=33ac5431e74b4b88a8c8432a1b10b804, result={resultCode=SUCCESSFUL, resultDetail={result=2}}}
[2018-11-24 09:16:56.906] INFO [https-jsse-nio-8443-exec-2] CallBackController.java:246 - 接受命令响应：{deviceId=5e81d9d4-a8f1-49f6-885f-3f02d60769e2, commandId=8fb90e602b6b46f2930cedf6aefaef84, result={resultCode=SENT, resultDetail=null}}
[2018-11-24 09:16:57.015] INFO [https-jsse-nio-8443-exec-6] CallBackController.java:246 - 接受命令响应：{deviceId=5e81d9d4-a8f1-49f6-885f-3f02d60769e2, commandId=85c3397498374dc0a257985dbf05eb5d, result={resultCode=DELIVERED, resultDetail=null}}
[2018-11-24 09:16:58.343] INFO [https-jsse-nio-8443-exec-7] CallBackController.java:246 - 接受命令响应：{deviceId=5e81d9d4-a8f1-49f6-885f-3f02d60769e2, commandId=e3c03e69607c44b6b9db7e3c77edf521, result={resultCode=SENT, resultDetail=null}}
[2018-11-24 09:16:58.343] INFO [https-jsse-nio-8443-exec-1] CallBackController.java:246 - 接受命令响应：{deviceId=5e81d9d4-a8f1-49f6-885f-3f02d60769e2, commandId=8fb90e602b6b46f2930cedf6aefaef84, result={resultCode=SUCCESSFUL, resultDetail={result=65535}}}
[2018-11-24 09:17:00.955] INFO [https-jsse-nio-8443-exec-6] CallBackController.java:246 - 接受命令响应：{deviceId=5e81d9d4-a8f1-49f6-885f-3f02d60769e2, commandId=e3c03e69607c44b6b9db7e3c77edf521, result={resultCode=SUCCESSFUL, resultDetail={result=65535}}}
[2018-11-24 09:17:01.002] INFO [https-jsse-nio-8443-exec-4] CallBackController.java:246 - 接受命令响应：{deviceId=5e81d9d4-a8f1-49f6-885f-3f02d60769e2, commandId=3391cd3d3a864c21aafe8de6c3f4dd5e, result={resultCode=SENT, resultDetail=null}}
[2018-11-24 09:17:03.424] INFO [https-jsse-nio-8443-exec-5] CallBackController.java:246 - 接受命令响应：{deviceId=5e81d9d4-a8f1-49f6-885f-3f02d60769e2, commandId=ae52c8341d8b487ba1e373d839dfd00c, result={resultCode=SENT, resultDetail=null}}
[2018-11-24 09:17:03.441] INFO [https-jsse-nio-8443-exec-8] CallBackController.java:246 - 接受命令响应：{deviceId=5e81d9d4-a8f1-49f6-885f-3f02d60769e2, commandId=3391cd3d3a864c21aafe8de6c3f4dd5e, result={resultCode=DELIVERED, resultDetail=null}}
[2018-11-24 09:17:04.706] INFO [https-jsse-nio-8443-exec-3] CallBackController.java:246 - 接受命令响应：{deviceId=5e81d9d4-a8f1-49f6-885f-3f02d60769e2, commandId=ae52c8341d8b487ba1e373d839dfd00c, result={resultCode=SUCCESSFUL, resultDetail={result=65535}}}
[2018-11-24 09:17:04.742] INFO [https-jsse-nio-8443-exec-10] CallBackController.java:246 - 接受命令响应：{deviceId=5e81d9d4-a8f1-49f6-885f-3f02d60769e2, commandId=5b5a90434aa24812ab5cfd57f183764a, result={resultCode=SENT, resultDetail=null}}
[2018-11-24 09:17:07.304] INFO [https-jsse-nio-8443-exec-4] CallBackController.java:246 - 接受命令响应：{deviceId=5e81d9d4-a8f1-49f6-885f-3f02d60769e2, commandId=5b5a90434aa24812ab5cfd57f183764a, result={resultCode=DELIVERED, resultDetail=null}}
[2018-11-24 09:17:07.322] INFO [https-jsse-nio-8443-exec-6] CallBackController.java:246 - 接受命令响应：{deviceId=5e81d9d4-a8f1-49f6-885f-3f02d60769e2, commandId=b86c4ed521064170990411e559ccc227, result={resultCode=SENT, resultDetail=null}}
[2018-11-24 09:17:07.322] INFO [https-jsse-nio-8443-exec-5] CallBackController.java:246 - 接受命令响应：{deviceId=5e81d9d4-a8f1-49f6-885f-3f02d60769e2, commandId=5b5a90434aa24812ab5cfd57f183764a, result={resultCode=SUCCESSFUL, resultDetail={result=65535}}}
[2018-11-24 09:17:10.228] INFO [https-jsse-nio-8443-exec-10] CallBackController.java:246 - 接受命令响应：{deviceId=5e81d9d4-a8f1-49f6-885f-3f02d60769e2, commandId=b86c4ed521064170990411e559ccc227, result={resultCode=DELIVERED, resultDetail=null}}
[2018-11-24 09:17:10.245] INFO [https-jsse-nio-8443-exec-2] CallBackController.java:246 - 接受命令响应：{deviceId=5e81d9d4-a8f1-49f6-885f-3f02d60769e2, commandId=d3e4642075fb478abe38c29e29fb4d6d, result={resultCode=SENT, resultDetail=null}}
[2018-11-24 09:17:12.432] INFO [https-jsse-nio-8443-exec-9] CallBackController.java:246 - 接受命令响应：{deviceId=5e81d9d4-a8f1-49f6-885f-3f02d60769e2, commandId=1ae255b3faca49dd9964f98cd7f71b4e, result={resultCode=SENT, resultDetail=null}}
[2018-11-24 09:17:12.432] INFO [https-jsse-nio-8443-exec-1] CallBackController.java:246 - 接受命令响应：{deviceId=5e81d9d4-a8f1-49f6-885f-3f02d60769e2, commandId=d3e4642075fb478abe38c29e29fb4d6d, result={resultCode=SUCCESSFUL, resultDetail={result=65535}}}
[2018-11-24 09:17:14.980] INFO [https-jsse-nio-8443-exec-9] CallBackController.java:246 - 接受命令响应：{deviceId=5e81d9d4-a8f1-49f6-885f-3f02d60769e2, commandId=1ae255b3faca49dd9964f98cd7f71b4e, result={resultCode=DELIVERED, resultDetail=null}}
[2018-11-24 09:17:15.028] INFO [https-jsse-nio-8443-exec-2] CallBackController.java:246 - 接受命令响应：{deviceId=5e81d9d4-a8f1-49f6-885f-3f02d60769e2, commandId=1ae255b3faca49dd9964f98cd7f71b4e, result={resultCode=SUCCESSFUL, resultDetail={result=65535}}}
[2018-11-24 09:17:15.028] INFO [https-jsse-nio-8443-exec-8] CallBackController.java:246 - 接受命令响应：{deviceId=5e81d9d4-a8f1-49f6-885f-3f02d60769e2, commandId=26f09e8d498245b58522fe4141b9127c, result={resultCode=SENT, resultDetail=null}}
[2018-11-24 09:17:17.512] INFO [https-jsse-nio-8443-exec-2] CallBackController.java:246 - 接受命令响应：{deviceId=5e81d9d4-a8f1-49f6-885f-3f02d60769e2, commandId=26f09e8d498245b58522fe4141b9127c, result={resultCode=DELIVERED, resultDetail=null}}
[2018-11-24 09:17:17.529] INFO [https-jsse-nio-8443-exec-7] CallBackController.java:246 - 接受命令响应：{deviceId=5e81d9d4-a8f1-49f6-885f-3f02d60769e2, commandId=865ae1abde5d42b9a473bd41b54e9660, result={resultCode=SENT, resultDetail=null}}
[2018-11-24 09:17:18.669] INFO [https-jsse-nio-8443-exec-4] CallBackController.java:246 - 接受命令响应：{deviceId=5e81d9d4-a8f1-49f6-885f-3f02d60769e2, commandId=7aba852d3ab14694964d3ea56a0812e2, result={resultCode=SENT, resultDetail=null}}
[2018-11-24 09:17:18.795] INFO [https-jsse-nio-8443-exec-9] CallBackController.java:246 - 接受命令响应：{deviceId=5e81d9d4-a8f1-49f6-885f-3f02d60769e2, commandId=865ae1abde5d42b9a473bd41b54e9660, result={resultCode=SUCCESSFUL, resultDetail={result=65535}}}
[2018-11-24 09:17:21.373] INFO [https-jsse-nio-8443-exec-4] CallBackController.java:246 - 接受命令响应：{deviceId=5e81d9d4-a8f1-49f6-885f-3f02d60769e2, commandId=7aba852d3ab14694964d3ea56a0812e2, result={resultCode=SUCCESSFUL, resultDetail={result=65535}}}
[2018-11-24 09:17:21.373] INFO [https-jsse-nio-8443-exec-6] CallBackController.java:246 - 接受命令响应：{deviceId=5e81d9d4-a8f1-49f6-885f-3f02d60769e2, commandId=7aba852d3ab14694964d3ea56a0812e2, result={resultCode=DELIVERED, resultDetail=null}}
[2018-11-24 09:17:21.390] INFO [https-jsse-nio-8443-exec-3] CallBackController.java:246 - 接受命令响应：{deviceId=5e81d9d4-a8f1-49f6-885f-3f02d60769e2, commandId=e7d5ed121d9e42ce8bc8a157263df1d3, result={resultCode=SENT, resultDetail=null}}
[2018-11-24 09:17:23.921] INFO [https-jsse-nio-8443-exec-10] CallBackController.java:246 - 接受命令响应：{deviceId=5e81d9d4-a8f1-49f6-885f-3f02d60769e2, commandId=4bce48b23dd74b3c8090d46e9c60cfc6, result={resultCode=SENT, resultDetail=null}}
[2018-11-24 09:17:23.938] INFO [https-jsse-nio-8443-exec-5] CallBackController.java:246 - 接受命令响应：{deviceId=5e81d9d4-a8f1-49f6-885f-3f02d60769e2, commandId=e7d5ed121d9e42ce8bc8a157263df1d3, result={resultCode=DELIVERED, resultDetail=null}}
[2018-11-24 09:17:25.329] INFO [https-jsse-nio-8443-exec-8] CallBackController.java:246 - 接受命令响应：{deviceId=5e81d9d4-a8f1-49f6-885f-3f02d60769e2, commandId=6c397aecc3ee463a9d995902031b242d, result={resultCode=SENT, resultDetail=null}}
[2018-11-24 09:17:25.329] INFO [https-jsse-nio-8443-exec-2] CallBackController.java:246 - 接受命令响应：{deviceId=5e81d9d4-a8f1-49f6-885f-3f02d60769e2, commandId=4bce48b23dd74b3c8090d46e9c60cfc6, result={resultCode=SUCCESSFUL, resultDetail={result=65535}}}
[2018-11-24 09:17:27.642] INFO [https-jsse-nio-8443-exec-1] CallBackController.java:246 - 接受命令响应：{deviceId=5e81d9d4-a8f1-49f6-885f-3f02d60769e2, commandId=d8dd805a586e44c7860e32ffc9b50bec, result={resultCode=SENT, resultDetail=null}}
[2018-11-24 09:17:27.768] INFO [https-jsse-nio-8443-exec-2] CallBackController.java:246 - 接受命令响应：{deviceId=5e81d9d4-a8f1-49f6-885f-3f02d60769e2, commandId=6c397aecc3ee463a9d995902031b242d, result={resultCode=SUCCESSFUL, resultDetail={result=65535}}}
[2018-11-24 09:17:27.768] INFO [https-jsse-nio-8443-exec-1] CallBackController.java:246 - 接受命令响应：{deviceId=5e81d9d4-a8f1-49f6-885f-3f02d60769e2, commandId=6c397aecc3ee463a9d995902031b242d, result={resultCode=DELIVERED, resultDetail=null}}
[2018-11-24 09:17:30.737] INFO [https-jsse-nio-8443-exec-2] CallBackController.java:246 - 接受命令响应：{deviceId=5e81d9d4-a8f1-49f6-885f-3f02d60769e2, commandId=d8dd805a586e44c7860e32ffc9b50bec, result={resultCode=DELIVERED, resultDetail=null}}
[2018-11-24 09:17:30.769] INFO [https-jsse-nio-8443-exec-6] CallBackController.java:246 - 接受命令响应：{deviceId=5e81d9d4-a8f1-49f6-885f-3f02d60769e2, commandId=8591ecfa5b114d57bbee2db628cddd74, result={resultCode=SENT, resultDetail=null}}
[2018-11-24 09:17:32.769] INFO [https-jsse-nio-8443-exec-9] CallBackController.java:246 - 接受命令响应：{deviceId=5e81d9d4-a8f1-49f6-885f-3f02d60769e2, commandId=8591ecfa5b114d57bbee2db628cddd74, result={resultCode=SUCCESSFUL, resultDetail={result=65535}}}
[2018-11-24 09:17:32.911] INFO [https-jsse-nio-8443-exec-3] CallBackController.java:246 - 接受命令响应：{deviceId=5e81d9d4-a8f1-49f6-885f-3f02d60769e2, commandId=2963aca541714f3e8f6c0179d9e63b5e, result={resultCode=SENT, resultDetail=null}}
[2018-11-24 09:17:35.489] INFO [https-jsse-nio-8443-exec-9] CallBackController.java:246 - 接受命令响应：{deviceId=5e81d9d4-a8f1-49f6-885f-3f02d60769e2, commandId=8f59c13751bb4f138bf10ba0e5c12de3, result={resultCode=SENT, resultDetail=null}}
[2018-11-24 09:17:35.489] INFO [https-jsse-nio-8443-exec-2] CallBackController.java:246 - 接受命令响应：{deviceId=5e81d9d4-a8f1-49f6-885f-3f02d60769e2, commandId=2963aca541714f3e8f6c0179d9e63b5e, result={resultCode=SUCCESSFUL, resultDetail={result=65535}}}
[2018-11-24 09:17:38.021] INFO [https-jsse-nio-8443-exec-10] CallBackController.java:246 - 接受命令响应：{deviceId=5e81d9d4-a8f1-49f6-885f-3f02d60769e2, commandId=8f59c13751bb4f138bf10ba0e5c12de3, result={resultCode=DELIVERED, resultDetail=null}}
[2018-11-24 09:17:38.021] INFO [https-jsse-nio-8443-exec-5] CallBackController.java:246 - 接受命令响应：{deviceId=5e81d9d4-a8f1-49f6-885f-3f02d60769e2, commandId=54f56b38688a427e8d9203abb417a6e4, result={resultCode=SENT, resultDetail=null}}
[2018-11-24 09:17:39.288] INFO [https-jsse-nio-8443-exec-8] CallBackController.java:246 - 接受命令响应：{deviceId=5e81d9d4-a8f1-49f6-885f-3f02d60769e2, commandId=54f56b38688a427e8d9203abb417a6e4, result={resultCode=SUCCESSFUL, resultDetail={result=65535}}}
[2018-11-24 09:17:39.288] INFO [https-jsse-nio-8443-exec-7] CallBackController.java:246 - 接受命令响应：{deviceId=5e81d9d4-a8f1-49f6-885f-3f02d60769e2, commandId=ff8badda5ae4470882b464e59ed7846f, result={resultCode=SENT, resultDetail=null}}
[2018-11-24 09:17:41.882] INFO [https-jsse-nio-8443-exec-8] CallBackController.java:246 - 接受命令响应：{deviceId=5e81d9d4-a8f1-49f6-885f-3f02d60769e2, commandId=ff8badda5ae4470882b464e59ed7846f, result={resultCode=SUCCESSFUL, resultDetail={result=65535}}}
[2018-11-24 09:17:41.898] INFO [https-jsse-nio-8443-exec-3] CallBackController.java:246 - 接受命令响应：{deviceId=5e81d9d4-a8f1-49f6-885f-3f02d60769e2, commandId=cc2121589f8c4e07a59529be2a54122c, result={resultCode=SENT, resultDetail=null}}
[2018-11-24 09:17:44.383] INFO [https-jsse-nio-8443-exec-8] CallBackController.java:246 - 接受命令响应：{deviceId=5e81d9d4-a8f1-49f6-885f-3f02d60769e2, commandId=a110b1ebbe1d4652bffa53cee028fb3c, result={resultCode=SENT, resultDetail=null}}
[2018-11-24 09:17:44.399] INFO [https-jsse-nio-8443-exec-1] CallBackController.java:246 - 接受命令响应：{deviceId=5e81d9d4-a8f1-49f6-885f-3f02d60769e2, commandId=cc2121589f8c4e07a59529be2a54122c, result={resultCode=DELIVERED, resultDetail=null}}
[2018-11-24 09:17:45.665] INFO [https-jsse-nio-8443-exec-3] CallBackController.java:246 - 接受命令响应：{deviceId=5e81d9d4-a8f1-49f6-885f-3f02d60769e2, commandId=a110b1ebbe1d4652bffa53cee028fb3c, result={resultCode=SUCCESSFUL, resultDetail={result=65535}}}
[2018-11-24 09:17:48.276] INFO [https-jsse-nio-8443-exec-3] CallBackController.java:246 - 接受命令响应：{deviceId=5e81d9d4-a8f1-49f6-885f-3f02d60769e2, commandId=01ca3f2ed37d4abeae4fd8c4c7445b18, result={resultCode=DELIVERED, resultDetail=null}}
[2018-11-24 09:17:48.276] INFO [https-jsse-nio-8443-exec-9] CallBackController.java:246 - 接受命令响应：{deviceId=5e81d9d4-a8f1-49f6-885f-3f02d60769e2, commandId=01ca3f2ed37d4abeae4fd8c4c7445b18, result={resultCode=SUCCESSFUL, resultDetail={result=65535}}}
[2018-11-24 09:17:50.777] INFO [https-jsse-nio-8443-exec-7] CallBackController.java:246 - 接受命令响应：{deviceId=5e81d9d4-a8f1-49f6-885f-3f02d60769e2, commandId=9dc67720da2e467c85f7b0ac3cb95d68, result={resultCode=DELIVERED, resultDetail=null}}
[2018-11-24 09:21:58.046] INFO [https-jsse-nio-8443-exec-5] CallBackController.java:246 - 接受命令响应：{deviceId=5e81d9d4-a8f1-49f6-885f-3f02d60769e2, commandId=302c9a223a6d4b62b639d80862c12273, result={resultCode=DELIVERED, resultDetail=null}}
[2018-11-24 09:21:58.046] INFO [https-jsse-nio-8443-exec-3] CallBackController.java:246 - 接受命令响应：{deviceId=5e81d9d4-a8f1-49f6-885f-3f02d60769e2, commandId=302c9a223a6d4b62b639d80862c12273, result={resultCode=SUCCESSFUL, resultDetail={result=0}}}
[2018-11-24 09:22:08.096] INFO [https-jsse-nio-8443-exec-1] CallBackController.java:246 - 接受命令响应：{deviceId=5e81d9d4-a8f1-49f6-885f-3f02d60769e2, commandId=bd069576057c47a58e00d50ad80d8878, result={resultCode=DELIVERED, resultDetail=null}}
[2018-11-24 09:22:58.175] INFO [https-jsse-nio-8443-exec-6] CallBackController.java:246 - 接受命令响应：{deviceId=5e81d9d4-a8f1-49f6-885f-3f02d60769e2, commandId=bd069576057c47a58e00d50ad80d8878, result={resultCode=SUCCESSFUL, resultDetail={result=3}}}
[2018-11-24 09:23:01.879] INFO [https-jsse-nio-8443-exec-5] CallBackController.java:246 - 接受命令响应：{deviceId=5e81d9d4-a8f1-49f6-885f-3f02d60769e2, commandId=90f30ec36ebd4abdabae58744b415583, result={resultCode=DELIVERED, resultDetail=null}}
[2018-11-24 09:27:51.431] INFO [https-jsse-nio-8443-exec-9] CallBackController.java:246 - 接受命令响应：{deviceId=5e81d9d4-a8f1-49f6-885f-3f02d60769e2, commandId=6a53afcf033141c99db5ab9d6146d431, result={resultCode=DELIVERED, resultDetail=null}}
[2018-11-24 09:27:57.510] INFO [https-jsse-nio-8443-exec-3] CallBackController.java:246 - 接受命令响应：{deviceId=5e81d9d4-a8f1-49f6-885f-3f02d60769e2, commandId=6a53afcf033141c99db5ab9d6146d431, result={resultCode=SUCCESSFUL, resultDetail={result=0}}}
[2018-11-24 09:28:15.435] INFO [https-jsse-nio-8443-exec-1] CallBackController.java:246 - 接受命令响应：{deviceId=5e81d9d4-a8f1-49f6-885f-3f02d60769e2, commandId=0874ea4507524069a1a6e1ef533c77b8, result={resultCode=DELIVERED, resultDetail=null}}
[2018-11-24 09:28:21.858] INFO [https-jsse-nio-8443-exec-6] CallBackController.java:246 - 接受命令响应：{deviceId=5e81d9d4-a8f1-49f6-885f-3f02d60769e2, commandId=0874ea4507524069a1a6e1ef533c77b8, result={resultCode=SUCCESSFUL, resultDetail={result=4}}}
[2018-11-24 09:28:35.924] INFO [https-jsse-nio-8443-exec-5] CallBackController.java:246 - 接受命令响应：{deviceId=5e81d9d4-a8f1-49f6-885f-3f02d60769e2, commandId=a1c3532b48b54e29889ed0be65eb869b, result={resultCode=DELIVERED, resultDetail=null}}
[2018-11-24 09:29:34.722] INFO [https-jsse-nio-8443-exec-9] CallBackController.java:246 - 接受命令响应：{deviceId=5e81d9d4-a8f1-49f6-885f-3f02d60769e2, commandId=6a53afcf033141c99db5ab9d6146d431, result={resultCode=SUCCESSFUL, resultDetail={result=0}}}
[2018-11-24 09:29:53.996] INFO [https-jsse-nio-8443-exec-3] CallBackController.java:246 - 接受命令响应：{deviceId=5e81d9d4-a8f1-49f6-885f-3f02d60769e2, commandId=45176b358e91491ab4daaa12cb7e2b6f, result={resultCode=DELIVERED, resultDetail=null}}
[2018-11-24 09:32:21.403] INFO [https-jsse-nio-8443-exec-1] CallBackController.java:246 - 接受命令响应：{deviceId=5e81d9d4-a8f1-49f6-885f-3f02d60769e2, commandId=a1c3532b48b54e29889ed0be65eb869b, result={resultCode=SUCCESSFUL, resultDetail={result=65535}}}
[2018-11-24 09:32:32.718] INFO [https-jsse-nio-8443-exec-6] CallBackController.java:246 - 接受命令响应：{deviceId=5e81d9d4-a8f1-49f6-885f-3f02d60769e2, commandId=12d720ed53fd44e18131f5f02defeb1f, result={resultCode=DELIVERED, resultDetail=null}}
[2018-11-24 09:32:39.141] INFO [https-jsse-nio-8443-exec-5] CallBackController.java:246 - 接受命令响应：{deviceId=5e81d9d4-a8f1-49f6-885f-3f02d60769e2, commandId=12d720ed53fd44e18131f5f02defeb1f, result={resultCode=SUCCESSFUL, resultDetail={result=4}}}
[2018-11-24 09:32:48.081] INFO [https-jsse-nio-8443-exec-9] CallBackController.java:246 - 接受命令响应：{deviceId=5e81d9d4-a8f1-49f6-885f-3f02d60769e2, commandId=ad2d6ff7dd7d4c4b92ca6d24341ddf8a, result={resultCode=DELIVERED, resultDetail=null}}
[2018-11-24 09:32:53.206] INFO [https-jsse-nio-8443-exec-3] CallBackController.java:246 - 接受命令响应：{deviceId=5e81d9d4-a8f1-49f6-885f-3f02d60769e2, commandId=ad2d6ff7dd7d4c4b92ca6d24341ddf8a, result={resultCode=SUCCESSFUL, resultDetail={result=5}}}
[2018-11-24 09:32:59.662] INFO [https-jsse-nio-8443-exec-1] CallBackController.java:246 - 接受命令响应：{deviceId=5e81d9d4-a8f1-49f6-885f-3f02d60769e2, commandId=f1ce462fcb7d4eea9c5efce0e2a25d60, result={resultCode=DELIVERED, resultDetail=null}}
[2018-11-24 09:33:07.288] INFO [https-jsse-nio-8443-exec-6] CallBackController.java:246 - 接受命令响应：{deviceId=5e81d9d4-a8f1-49f6-885f-3f02d60769e2, commandId=f1ce462fcb7d4eea9c5efce0e2a25d60, result={resultCode=SUCCESSFUL, resultDetail={result=6}}}
[2018-11-24 09:33:09.837] INFO [https-jsse-nio-8443-exec-5] CallBackController.java:246 - 接受命令响应：{deviceId=5e81d9d4-a8f1-49f6-885f-3f02d60769e2, commandId=232cebb11cc643f696759c41bfcdb4d6, result={resultCode=DELIVERED, resultDetail=null}}
[2018-11-24 09:36:34.666] INFO [https-jsse-nio-8443-exec-9] CallBackController.java:246 - 接受命令响应：{deviceId=5e81d9d4-a8f1-49f6-885f-3f02d60769e2, commandId=6a53afcf033141c99db5ab9d6146d431, result={resultCode=SUCCESSFUL, resultDetail={result=0}}}
[2018-11-24 09:36:51.248] INFO [https-jsse-nio-8443-exec-3] CallBackController.java:246 - 接受命令响应：{deviceId=5e81d9d4-a8f1-49f6-885f-3f02d60769e2, commandId=87e5cf90d8eb42ae8a71d78085fea483, result={resultCode=DELIVERED, resultDetail=null}}
[2018-11-24 09:38:23.717] INFO [https-jsse-nio-8443-exec-1] CallBackController.java:246 - 接受命令响应：{deviceId=5e81d9d4-a8f1-49f6-885f-3f02d60769e2, commandId=87e5cf90d8eb42ae8a71d78085fea483, result={resultCode=SUCCESSFUL, resultDetail={result=65535}}}
[2018-11-24 09:38:26.031] INFO [https-jsse-nio-8443-exec-6] CallBackController.java:246 - 接受命令响应：{deviceId=5e81d9d4-a8f1-49f6-885f-3f02d60769e2, commandId=f4a2efd73061409fb06ca9477e1ac4a3, result={resultCode=DELIVERED, resultDetail=null}}
[2018-11-24 09:42:35.522] INFO [https-jsse-nio-8443-exec-5] CallBackController.java:246 - 接受命令响应：{deviceId=5e81d9d4-a8f1-49f6-885f-3f02d60769e2, commandId=6a53afcf033141c99db5ab9d6146d431, result={resultCode=SUCCESSFUL, resultDetail={result=0}}}
[2018-11-24 09:44:43.789] INFO [https-jsse-nio-8443-exec-7] CallBackController.java:246 - 接受命令响应：{deviceId=5e81d9d4-a8f1-49f6-885f-3f02d60769e2, commandId=242480e4093742619f92dd1b36506a7d, result={resultCode=TIMEOUT, resultDetail=null}}
[2018-11-24 09:44:43.805] INFO [https-jsse-nio-8443-exec-5] CallBackController.java:246 - 接受命令响应：{deviceId=5e81d9d4-a8f1-49f6-885f-3f02d60769e2, commandId=a41aebedffe441378952b221559868d6, result={resultCode=SENT, resultDetail=null}}
[2018-11-24 09:47:27.821] INFO [https-jsse-nio-8443-exec-4] CallBackController.java:246 - 接受命令响应：{deviceId=5e81d9d4-a8f1-49f6-885f-3f02d60769e2, commandId=a41aebedffe441378952b221559868d6, result={resultCode=TIMEOUT, resultDetail=null}}
[2018-11-24 09:48:35.025] INFO [https-jsse-nio-8443-exec-10] CallBackController.java:246 - 接受命令响应：{deviceId=5e81d9d4-a8f1-49f6-885f-3f02d60769e2, commandId=6a53afcf033141c99db5ab9d6146d431, result={resultCode=SUCCESSFUL, resultDetail={result=0}}}
[2018-11-24 09:52:58.793] INFO [https-jsse-nio-8443-exec-7] CallBackController.java:246 - 接受命令响应：{deviceId=5e81d9d4-a8f1-49f6-885f-3f02d60769e2, commandId=34e3445eb8e94792b6d3bbb186a3b07c, result={resultCode=TIMEOUT, resultDetail=null}}
[2018-11-24 09:54:34.813] INFO [https-jsse-nio-8443-exec-8] CallBackController.java:246 - 接受命令响应：{deviceId=5e81d9d4-a8f1-49f6-885f-3f02d60769e2, commandId=6a53afcf033141c99db5ab9d6146d431, result={resultCode=SUCCESSFUL, resultDetail={result=0}}}
[2018-11-24 09:56:37.457] INFO [https-jsse-nio-8443-exec-8] CallBackController.java:246 - 接受命令响应：{deviceId=5e81d9d4-a8f1-49f6-885f-3f02d60769e2, commandId=9ec919993a884ff888ed54e6f0c85a6c, result={resultCode=TIMEOUT, resultDetail=null}}
[2018-11-24 09:56:37.457] INFO [https-jsse-nio-8443-exec-9] CallBackController.java:246 - 接受命令响应：{deviceId=5e81d9d4-a8f1-49f6-885f-3f02d60769e2, commandId=f24aba6b154f45ac92db8d343bbf3720, result={resultCode=SENT, resultDetail=null}}
[2018-11-24 10:00:18.552] INFO [https-jsse-nio-8443-exec-10] CallBackController.java:246 - 接受命令响应：{deviceId=5e81d9d4-a8f1-49f6-885f-3f02d60769e2, commandId=f24aba6b154f45ac92db8d343bbf3720, result={resultCode=TIMEOUT, resultDetail=null}}
[2018-11-24 10:00:34.631] INFO [https-jsse-nio-8443-exec-7] CallBackController.java:246 - 接受命令响应：{deviceId=5e81d9d4-a8f1-49f6-885f-3f02d60769e2, commandId=6a53afcf033141c99db5ab9d6146d431, result={resultCode=SUCCESSFUL, resultDetail={result=0}}}
[2018-11-24 10:06:24.976] INFO [https-jsse-nio-8443-exec-6] CallBackController.java:246 - 接受命令响应：{deviceId=5e81d9d4-a8f1-49f6-885f-3f02d60769e2, commandId=6a53afcf033141c99db5ab9d6146d431, result={resultCode=SUCCESSFUL, resultDetail={result=0}}}
[2018-11-24 10:12:24.727] INFO [https-jsse-nio-8443-exec-5] CallBackController.java:246 - 接受命令响应：{deviceId=5e81d9d4-a8f1-49f6-885f-3f02d60769e2, commandId=6a53afcf033141c99db5ab9d6146d431, result={resultCode=SUCCESSFUL, resultDetail={result=0}}}
[2018-11-24 10:18:24.513] INFO [https-jsse-nio-8443-exec-9] CallBackController.java:246 - 接受命令响应：{deviceId=5e81d9d4-a8f1-49f6-885f-3f02d60769e2, commandId=6a53afcf033141c99db5ab9d6146d431, result={resultCode=SUCCESSFUL, resultDetail={result=0}}}
[2018-11-24 10:18:27.422] INFO [https-jsse-nio-8443-exec-4] CallBackController.java:246 - 接受命令响应：{deviceId=5e81d9d4-a8f1-49f6-885f-3f02d60769e2, commandId=0874ea4507524069a1a6e1ef533c77b8, result={resultCode=SUCCESSFUL, resultDetail={result=4}}}
[2018-11-24 10:18:27.797] INFO [https-jsse-nio-8443-exec-1] CallBackController.java:246 - 接受命令响应：{deviceId=5e81d9d4-a8f1-49f6-885f-3f02d60769e2, commandId=a1c3532b48b54e29889ed0be65eb869b, result={resultCode=SUCCESSFUL, resultDetail={result=65535}}}
[2018-11-24 10:18:28.141] INFO [https-jsse-nio-8443-exec-7] CallBackController.java:246 - 接受命令响应：{deviceId=5e81d9d4-a8f1-49f6-885f-3f02d60769e2, commandId=12d720ed53fd44e18131f5f02defeb1f, result={resultCode=SUCCESSFUL, resultDetail={result=4}}}
[2018-11-24 10:20:29.048] INFO [https-jsse-nio-8443-exec-7] CallBackController.java:246 - 接受命令响应：{deviceId=5e81d9d4-a8f1-49f6-885f-3f02d60769e2, commandId=9e9d691220f44797a4eaab5cb6b94880, result={resultCode=SENT, resultDetail=null}}
[2018-11-24 10:20:29.048] INFO [https-jsse-nio-8443-exec-6] CallBackController.java:246 - 接受命令响应：{deviceId=5e81d9d4-a8f1-49f6-885f-3f02d60769e2, commandId=3aee3dba298848eeaa699e3445208a30, result={resultCode=TIMEOUT, resultDetail=null}}
[2018-11-24 10:23:28.768] INFO [https-jsse-nio-8443-exec-5] CallBackController.java:246 - 接受命令响应：{deviceId=5e81d9d4-a8f1-49f6-885f-3f02d60769e2, commandId=9e9d691220f44797a4eaab5cb6b94880, result={resultCode=TIMEOUT, resultDetail=null}}
[2018-11-24 10:23:28.768] INFO [https-jsse-nio-8443-exec-3] CallBackController.java:246 - 接受命令响应：{deviceId=5e81d9d4-a8f1-49f6-885f-3f02d60769e2, commandId=622357b0860c4131a00184c3b20d8053, result={resultCode=SENT, resultDetail=null}}
[2018-11-24 10:27:09.800] INFO [https-jsse-nio-8443-exec-6] CallBackController.java:246 - 接受命令响应：{deviceId=5e81d9d4-a8f1-49f6-885f-3f02d60769e2, commandId=622357b0860c4131a00184c3b20d8053, result={resultCode=TIMEOUT, resultDetail=null}}
[2018-11-24 10:27:09.864] INFO [https-jsse-nio-8443-exec-8] CallBackController.java:246 - 接受命令响应：{deviceId=5e81d9d4-a8f1-49f6-885f-3f02d60769e2, commandId=3e204255cc3d40e18f8eb6132d97a953, result={resultCode=SENT, resultDetail=null}}
[2018-11-24 10:30:26.582] INFO [https-jsse-nio-8443-exec-4] CallBackController.java:246 - 接受命令响应：{deviceId=5e81d9d4-a8f1-49f6-885f-3f02d60769e2, commandId=3e204255cc3d40e18f8eb6132d97a953, result={resultCode=TIMEOUT, resultDetail=null}}
[2018-11-24 10:30:26.615] INFO [https-jsse-nio-8443-exec-9] CallBackController.java:246 - 接受命令响应：{deviceId=5e81d9d4-a8f1-49f6-885f-3f02d60769e2, commandId=2f6fc40050c142b1abe5b71b377e7de2, result={resultCode=SENT, resultDetail=null}}
[2018-11-24 10:35:53.008] INFO [https-jsse-nio-8443-exec-5] CallBackController.java:246 - 接受命令响应：{deviceId=5e81d9d4-a8f1-49f6-885f-3f02d60769e2, commandId=e9019f422d954684bb682c1b4433b092, result={resultCode=SENT, resultDetail=null}}
[2018-11-24 10:35:53.008] INFO [https-jsse-nio-8443-exec-9] CallBackController.java:246 - 接受命令响应：{deviceId=5e81d9d4-a8f1-49f6-885f-3f02d60769e2, commandId=fce0a50694ec42afb96e41cec7704c2b, result={resultCode=TIMEOUT, resultDetail=null}}
[2018-11-24 10:36:25.009] INFO [https-jsse-nio-8443-exec-7] CallBackController.java:246 - 接受命令响应：{deviceId=5e81d9d4-a8f1-49f6-885f-3f02d60769e2, commandId=fce0a50694ec42afb96e41cec7704c2b, result={resultCode=SENT, resultDetail=null}}
[2018-11-24 10:36:25.056] INFO [https-jsse-nio-8443-exec-3] CallBackController.java:246 - 接受命令响应：{deviceId=5e81d9d4-a8f1-49f6-885f-3f02d60769e2, commandId=2f6fc40050c142b1abe5b71b377e7de2, result={resultCode=TIMEOUT, resultDetail=null}}
