[2018-12-07 11:19:03.755] ERROR [pool-2-thread-1] QuartzTask.java:107 - sendUpgradePack异常
org.springframework.data.redis.serializer.SerializationException: Could not read JSON: Unrecognized field "receiveFlag" (class com.iot.model.DeviceProgress), not marked as ignorable (6 known properties: "sendedPack", "deviceId", "fileKey", "sendTime", "retryCount", "packNum"])
 at [Source: (byte[])"["com.iot.model.DeviceProgress",{"deviceId":"32f53caa-7985-4a0c-b074-3cd242179d53","fileKey":"KE-STM32L4_BIOS-V1.00-V1.04_20181201.bin_1.001.0518120103110000","packNum":106,"sendedPack":105,"sendTime":"2018-12-06T10:05:04.724","retryCount":3,"receiveFlag":true}]"; line: 1, column: 261] (through reference chain: com.iot.model.DeviceProgress["receiveFlag"]); nested exception is com.fasterxml.jackson.databind.exc.UnrecognizedPropertyException: Unrecognized field "receiveFlag" (class com.iot.model.DeviceProgress), not marked as ignorable (6 known properties: "sendedPack", "deviceId", "fileKey", "sendTime", "retryCount", "packNum"])
 at [Source: (byte[])"["com.iot.model.DeviceProgress",{"deviceId":"32f53caa-7985-4a0c-b074-3cd242179d53","fileKey":"KE-STM32L4_BIOS-V1.00-V1.04_20181201.bin_1.001.0518120103110000","packNum":106,"sendedPack":105,"sendTime":"2018-12-06T10:05:04.724","retryCount":3,"receiveFlag":true}]"; line: 1, column: 261] (through reference chain: com.iot.model.DeviceProgress["receiveFlag"])
	at org.springframework.data.redis.serializer.Jackson2JsonRedisSerializer.deserialize(Jackson2JsonRedisSerializer.java:75)
	at org.springframework.data.redis.core.AbstractOperations.deserializeValue(AbstractOperations.java:334)
	at org.springframework.data.redis.core.AbstractOperations$ValueDeserializingRedisCallback.doInRedis(AbstractOperations.java:60)
	at org.springframework.data.redis.core.RedisTemplate.execute(RedisTemplate.java:224)
	at org.springframework.data.redis.core.RedisTemplate.execute(RedisTemplate.java:184)
	at org.springframework.data.redis.core.AbstractOperations.execute(AbstractOperations.java:95)
	at org.springframework.data.redis.core.DefaultValueOperations.get(DefaultValueOperations.java:48)
	at com.iot.utils.JedisUtils.get(JedisUtils.java:120)
	at com.iot.task.QuartzTask.sendUpgradePack(QuartzTask.java:55)
	at com.iot.task.QuartzTask.reSendUpgrade(QuartzTask.java:43)
	at sun.reflect.NativeMethodAccessorImpl.invoke0(Native Method)
	at sun.reflect.NativeMethodAccessorImpl.invoke(Unknown Source)
	at sun.reflect.DelegatingMethodAccessorImpl.invoke(Unknown Source)
	at java.lang.reflect.Method.invoke(Unknown Source)
	at org.springframework.scheduling.support.ScheduledMethodRunnable.run(ScheduledMethodRunnable.java:65)
	at org.springframework.scheduling.support.DelegatingErrorHandlingRunnable.run(DelegatingErrorHandlingRunnable.java:54)
	at org.springframework.scheduling.concurrent.ReschedulingRunnable.run(ReschedulingRunnable.java:93)
	at java.util.concurrent.Executors$RunnableAdapter.call(Unknown Source)
	at java.util.concurrent.FutureTask.run(Unknown Source)
	at java.util.concurrent.ScheduledThreadPoolExecutor$ScheduledFutureTask.access$201(Unknown Source)
	at java.util.concurrent.ScheduledThreadPoolExecutor$ScheduledFutureTask.run(Unknown Source)
	at java.util.concurrent.ThreadPoolExecutor.runWorker(Unknown Source)
	at java.util.concurrent.ThreadPoolExecutor$Worker.run(Unknown Source)
	at java.lang.Thread.run(Unknown Source)
Caused by: com.fasterxml.jackson.databind.exc.UnrecognizedPropertyException: Unrecognized field "receiveFlag" (class com.iot.model.DeviceProgress), not marked as ignorable (6 known properties: "sendedPack", "deviceId", "fileKey", "sendTime", "retryCount", "packNum"])
 at [Source: (byte[])"["com.iot.model.DeviceProgress",{"deviceId":"32f53caa-7985-4a0c-b074-3cd242179d53","fileKey":"KE-STM32L4_BIOS-V1.00-V1.04_20181201.bin_1.001.0518120103110000","packNum":106,"sendedPack":105,"sendTime":"2018-12-06T10:05:04.724","retryCount":3,"receiveFlag":true}]"; line: 1, column: 261] (through reference chain: com.iot.model.DeviceProgress["receiveFlag"])
	at com.fasterxml.jackson.databind.exc.UnrecognizedPropertyException.from(UnrecognizedPropertyException.java:60)
	at com.fasterxml.jackson.databind.DeserializationContext.handleUnknownProperty(DeserializationContext.java:822)
	at com.fasterxml.jackson.databind.deser.std.StdDeserializer.handleUnknownProperty(StdDeserializer.java:1152)
	at com.fasterxml.jackson.databind.deser.BeanDeserializerBase.handleUnknownProperty(BeanDeserializerBase.java:1589)
	at com.fasterxml.jackson.databind.deser.BeanDeserializerBase.handleUnknownVanilla(BeanDeserializerBase.java:1567)
	at com.fasterxml.jackson.databind.deser.BeanDeserializer.vanillaDeserialize(BeanDeserializer.java:294)
	at com.fasterxml.jackson.databind.deser.BeanDeserializer.deserialize(BeanDeserializer.java:151)
	at com.fasterxml.jackson.databind.jsontype.impl.AsArrayTypeDeserializer._deserialize(AsArrayTypeDeserializer.java:116)
	at com.fasterxml.jackson.databind.jsontype.impl.AsArrayTypeDeserializer.deserializeTypedFromAny(AsArrayTypeDeserializer.java:71)
	at com.fasterxml.jackson.databind.deser.std.UntypedObjectDeserializer$Vanilla.deserializeWithType(UntypedObjectDeserializer.java:712)
	at com.fasterxml.jackson.databind.deser.impl.TypeWrappedDeserializer.deserialize(TypeWrappedDeserializer.java:68)
	at com.fasterxml.jackson.databind.ObjectMapper._readMapAndClose(ObjectMapper.java:4013)
	at com.fasterxml.jackson.databind.ObjectMapper.readValue(ObjectMapper.java:3129)
	at org.springframework.data.redis.serializer.Jackson2JsonRedisSerializer.deserialize(Jackson2JsonRedisSerializer.java:73)
	... 23 common frames omitted
[2018-12-07 11:21:03.919] ERROR [pool-1-thread-1] QuartzTask.java:107 - sendUpgradePack异常
org.springframework.data.redis.serializer.SerializationException: Could not read JSON: Unrecognized field "receiveFlag" (class com.iot.model.DeviceProgress), not marked as ignorable (6 known properties: "sendedPack", "deviceId", "fileKey", "sendTime", "retryCount", "packNum"])
 at [Source: (byte[])"["com.iot.model.DeviceProgress",{"deviceId":"32f53caa-7985-4a0c-b074-3cd242179d53","fileKey":"KE-STM32L4_BIOS-V1.00-V1.04_20181201.bin_1.001.0518120103110000","packNum":106,"sendedPack":105,"sendTime":"2018-12-06T10:05:04.724","retryCount":3,"receiveFlag":true}]"; line: 1, column: 261] (through reference chain: com.iot.model.DeviceProgress["receiveFlag"]); nested exception is com.fasterxml.jackson.databind.exc.UnrecognizedPropertyException: Unrecognized field "receiveFlag" (class com.iot.model.DeviceProgress), not marked as ignorable (6 known properties: "sendedPack", "deviceId", "fileKey", "sendTime", "retryCount", "packNum"])
 at [Source: (byte[])"["com.iot.model.DeviceProgress",{"deviceId":"32f53caa-7985-4a0c-b074-3cd242179d53","fileKey":"KE-STM32L4_BIOS-V1.00-V1.04_20181201.bin_1.001.0518120103110000","packNum":106,"sendedPack":105,"sendTime":"2018-12-06T10:05:04.724","retryCount":3,"receiveFlag":true}]"; line: 1, column: 261] (through reference chain: com.iot.model.DeviceProgress["receiveFlag"])
	at org.springframework.data.redis.serializer.Jackson2JsonRedisSerializer.deserialize(Jackson2JsonRedisSerializer.java:75)
	at org.springframework.data.redis.core.AbstractOperations.deserializeValue(AbstractOperations.java:334)
	at org.springframework.data.redis.core.AbstractOperations$ValueDeserializingRedisCallback.doInRedis(AbstractOperations.java:60)
	at org.springframework.data.redis.core.RedisTemplate.execute(RedisTemplate.java:224)
	at org.springframework.data.redis.core.RedisTemplate.execute(RedisTemplate.java:184)
	at org.springframework.data.redis.core.AbstractOperations.execute(AbstractOperations.java:95)
	at org.springframework.data.redis.core.DefaultValueOperations.get(DefaultValueOperations.java:48)
	at com.iot.utils.JedisUtils.get(JedisUtils.java:120)
	at com.iot.task.QuartzTask.sendUpgradePack(QuartzTask.java:55)
	at com.iot.task.QuartzTask.reSendUpgrade(QuartzTask.java:43)
	at sun.reflect.NativeMethodAccessorImpl.invoke0(Native Method)
	at sun.reflect.NativeMethodAccessorImpl.invoke(Unknown Source)
	at sun.reflect.DelegatingMethodAccessorImpl.invoke(Unknown Source)
	at java.lang.reflect.Method.invoke(Unknown Source)
	at org.springframework.scheduling.support.ScheduledMethodRunnable.run(ScheduledMethodRunnable.java:65)
	at org.springframework.scheduling.support.DelegatingErrorHandlingRunnable.run(DelegatingErrorHandlingRunnable.java:54)
	at org.springframework.scheduling.concurrent.ReschedulingRunnable.run(ReschedulingRunnable.java:93)
	at java.util.concurrent.Executors$RunnableAdapter.call(Unknown Source)
	at java.util.concurrent.FutureTask.run(Unknown Source)
	at java.util.concurrent.ScheduledThreadPoolExecutor$ScheduledFutureTask.access$201(Unknown Source)
	at java.util.concurrent.ScheduledThreadPoolExecutor$ScheduledFutureTask.run(Unknown Source)
	at java.util.concurrent.ThreadPoolExecutor.runWorker(Unknown Source)
	at java.util.concurrent.ThreadPoolExecutor$Worker.run(Unknown Source)
	at java.lang.Thread.run(Unknown Source)
Caused by: com.fasterxml.jackson.databind.exc.UnrecognizedPropertyException: Unrecognized field "receiveFlag" (class com.iot.model.DeviceProgress), not marked as ignorable (6 known properties: "sendedPack", "deviceId", "fileKey", "sendTime", "retryCount", "packNum"])
 at [Source: (byte[])"["com.iot.model.DeviceProgress",{"deviceId":"32f53caa-7985-4a0c-b074-3cd242179d53","fileKey":"KE-STM32L4_BIOS-V1.00-V1.04_20181201.bin_1.001.0518120103110000","packNum":106,"sendedPack":105,"sendTime":"2018-12-06T10:05:04.724","retryCount":3,"receiveFlag":true}]"; line: 1, column: 261] (through reference chain: com.iot.model.DeviceProgress["receiveFlag"])
	at com.fasterxml.jackson.databind.exc.UnrecognizedPropertyException.from(UnrecognizedPropertyException.java:60)
	at com.fasterxml.jackson.databind.DeserializationContext.handleUnknownProperty(DeserializationContext.java:822)
	at com.fasterxml.jackson.databind.deser.std.StdDeserializer.handleUnknownProperty(StdDeserializer.java:1152)
	at com.fasterxml.jackson.databind.deser.BeanDeserializerBase.handleUnknownProperty(BeanDeserializerBase.java:1589)
	at com.fasterxml.jackson.databind.deser.BeanDeserializerBase.handleUnknownVanilla(BeanDeserializerBase.java:1567)
	at com.fasterxml.jackson.databind.deser.BeanDeserializer.vanillaDeserialize(BeanDeserializer.java:294)
	at com.fasterxml.jackson.databind.deser.BeanDeserializer.deserialize(BeanDeserializer.java:151)
	at com.fasterxml.jackson.databind.jsontype.impl.AsArrayTypeDeserializer._deserialize(AsArrayTypeDeserializer.java:116)
	at com.fasterxml.jackson.databind.jsontype.impl.AsArrayTypeDeserializer.deserializeTypedFromAny(AsArrayTypeDeserializer.java:71)
	at com.fasterxml.jackson.databind.deser.std.UntypedObjectDeserializer$Vanilla.deserializeWithType(UntypedObjectDeserializer.java:712)
	at com.fasterxml.jackson.databind.deser.impl.TypeWrappedDeserializer.deserialize(TypeWrappedDeserializer.java:68)
	at com.fasterxml.jackson.databind.ObjectMapper._readMapAndClose(ObjectMapper.java:4013)
	at com.fasterxml.jackson.databind.ObjectMapper.readValue(ObjectMapper.java:3129)
	at org.springframework.data.redis.serializer.Jackson2JsonRedisSerializer.deserialize(Jackson2JsonRedisSerializer.java:73)
	... 23 common frames omitted
